[2026-03-05T01:14:38.221Z] [INFO] Starting crawl at 20260305_011438 UTC
[2026-03-05T01:14:38.223Z] [INFO] Loaded 6 countries
[2026-03-05T01:14:38.226Z] [INFO] Fetching App Store US tools top_free
[2026-03-05T01:14:38.232Z] [INFO] Fetching Google Play US tools top_free
[2026-03-05T01:14:38.238Z] [INFO] Fetching App Store US tools top_paid
[2026-03-05T01:14:38.239Z] [INFO] Fetching Google Play US tools top_paid
[2026-03-05T01:14:38.241Z] [INFO] Fetching App Store US tools top_grossing
[2026-03-05T01:14:38.333Z] [INFO] Fetching Google Play US tools top_grossing
[2026-03-05T01:14:38.347Z] [INFO] Fetching App Store US books top_free
[2026-03-05T01:14:38.350Z] [INFO] Fetching Google Play US books top_free
[2026-03-05T01:14:38.365Z] [INFO] Fetching App Store US books top_paid
[2026-03-05T01:14:38.411Z] [INFO] Fetching Google Play US books top_paid
[2026-03-05T01:14:40.115Z] [INFO] Fetching App Store US books top_grossing
[2026-03-05T01:14:40.154Z] [INFO] Fetching Google Play US books top_grossing
[2026-03-05T01:14:40.211Z] [INFO] Fetching App Store US religion top_free
[2026-03-05T01:14:40.229Z] [INFO] Fetching Google Play US religion top_free
[2026-03-05T01:14:40.239Z] [INFO] Fetching App Store US religion top_paid
[2026-03-05T01:14:40.251Z] [INFO] Fetching Google Play US religion top_paid
[2026-03-05T01:14:40.267Z] [INFO] Fetching App Store US religion top_grossing
[2026-03-05T01:14:40.282Z] [INFO] Fetching Google Play US religion top_grossing
[2026-03-05T01:14:40.300Z] [INFO] Fetching App Store CA tools top_free
[2026-03-05T01:14:40.382Z] [INFO] Fetching Google Play CA tools top_free
[2026-03-05T01:14:41.094Z] [INFO] Fetching App Store CA tools top_paid
[2026-03-05T01:14:41.135Z] [INFO] Fetching Google Play CA tools top_paid
[2026-03-05T01:14:41.320Z] [INFO] Fetching App Store CA tools top_grossing
[2026-03-05T01:14:41.345Z] [INFO] Fetching Google Play CA tools top_grossing
[2026-03-05T01:14:41.349Z] [INFO] Fetching App Store CA books top_free
[2026-03-05T01:14:41.407Z] [INFO] Fetching Google Play CA books top_free
[2026-03-05T01:14:41.555Z] [INFO] Fetching App Store CA books top_paid
[2026-03-05T01:14:41.626Z] [INFO] Fetching Google Play CA books top_paid
[2026-03-05T01:14:41.724Z] [INFO] Fetching App Store CA books top_grossing
[2026-03-05T01:14:41.758Z] [INFO] Fetching Google Play CA books top_grossing
[2026-03-05T01:14:42.243Z] [INFO] Fetching App Store CA religion top_free
[2026-03-05T01:14:42.269Z] [INFO] Fetching Google Play CA religion top_free
[2026-03-05T01:14:42.360Z] [INFO] Fetching App Store CA religion top_paid
[2026-03-05T01:14:42.387Z] [INFO] Fetching Google Play CA religion top_paid
[2026-03-05T01:14:42.416Z] [INFO] Fetching App Store CA religion top_grossing
[2026-03-05T01:14:42.433Z] [INFO] Fetching Google Play CA religion top_grossing
[2026-03-05T01:14:42.616Z] [INFO] Fetching App Store AU tools top_free
[2026-03-05T01:14:42.700Z] [INFO] Fetching Google Play AU tools top_free
[2026-03-05T01:14:42.881Z] [INFO] Fetching App Store AU tools top_paid
[2026-03-05T01:14:42.940Z] [INFO] Fetching Google Play AU tools top_paid
[2026-03-05T01:14:43.453Z] [INFO] Fetching App Store AU tools top_grossing
[2026-03-05T01:14:43.507Z] [INFO] Fetching Google Play AU tools top_grossing
[2026-03-05T01:14:43.518Z] [INFO] Fetching App Store AU books top_free
[2026-03-05T01:14:43.572Z] [INFO] Fetching Google Play AU books top_free
[2026-03-05T01:14:43.654Z] [INFO] Fetching App Store AU books top_paid
[2026-03-05T01:14:43.718Z] [INFO] Fetching Google Play AU books top_paid
[2026-03-05T01:14:43.727Z] [INFO] Fetching App Store AU books top_grossing
[2026-03-05T01:14:43.746Z] [INFO] Fetching Google Play AU books top_grossing
[2026-03-05T01:14:44.094Z] [INFO] Fetching App Store AU religion top_free
[2026-03-05T01:14:44.129Z] [INFO] Fetching Google Play AU religion top_free
[2026-03-05T01:14:44.479Z] [INFO] Fetching App Store AU religion top_paid
[2026-03-05T01:14:44.501Z] [INFO] Fetching Google Play AU religion top_paid
[2026-03-05T01:14:44.577Z] [INFO] Fetching App Store AU religion top_grossing
[2026-03-05T01:14:44.605Z] [INFO] Fetching Google Play AU religion top_grossing
[2026-03-05T01:14:44.777Z] [INFO] Fetching App Store BR tools top_free
[2026-03-05T01:14:44.801Z] [INFO] Fetching Google Play BR tools top_free
[2026-03-05T01:14:44.863Z] [INFO] Fetching App Store BR tools top_paid
[2026-03-05T01:14:44.900Z] [INFO] Fetching Google Play BR tools top_paid
[2026-03-05T01:14:45.169Z] [INFO] Fetching App Store BR tools top_grossing
[2026-03-05T01:14:45.196Z] [INFO] Fetching Google Play BR tools top_grossing
[2026-03-05T01:14:45.535Z] [INFO] Fetching App Store BR books top_free
[2026-03-05T01:14:45.551Z] [INFO] Fetching Google Play BR books top_free
[2026-03-05T01:14:45.620Z] [INFO] Fetching App Store BR books top_paid
[2026-03-05T01:14:45.652Z] [INFO] Fetching Google Play BR books top_paid
[2026-03-05T01:14:45.919Z] [INFO] Fetching App Store BR books top_grossing
[2026-03-05T01:14:45.935Z] [INFO] Fetching Google Play BR books top_grossing
[2026-03-05T01:14:46.370Z] [INFO] Fetching App Store BR religion top_free
[2026-03-05T01:14:46.428Z] [INFO] Fetching Google Play BR religion top_free
[2026-03-05T01:14:46.693Z] [INFO] Fetching App Store BR religion top_paid
[2026-03-05T01:14:46.734Z] [INFO] Fetching Google Play BR religion top_paid
[2026-03-05T01:14:46.900Z] [INFO] Fetching App Store BR religion top_grossing
[2026-03-05T01:14:46.995Z] [INFO] Fetching Google Play BR religion top_grossing
[2026-03-05T01:14:47.059Z] [INFO] Fetching App Store MX tools top_free
[2026-03-05T01:14:47.093Z] [INFO] Fetching Google Play MX tools top_free
[2026-03-05T01:14:47.436Z] [INFO] Fetching App Store MX tools top_paid
[2026-03-05T01:14:47.464Z] [INFO] Fetching Google Play MX tools top_paid
[2026-03-05T01:14:47.557Z] [INFO] Fetching App Store MX tools top_grossing
[2026-03-05T01:14:47.580Z] [INFO] Fetching Google Play MX tools top_grossing
[2026-03-05T01:14:47.942Z] [INFO] Fetching App Store MX books top_free
[2026-03-05T01:14:47.958Z] [INFO] Fetching Google Play MX books top_free
[2026-03-05T01:14:48.005Z] [INFO] Fetching App Store MX books top_paid
[2026-03-05T01:14:48.025Z] [INFO] Fetching Google Play MX books top_paid
[2026-03-05T01:14:48.070Z] [INFO] Fetching App Store MX books top_grossing
[2026-03-05T01:14:48.098Z] [INFO] Fetching Google Play MX books top_grossing
[2026-03-05T01:14:48.331Z] [INFO] Fetching App Store MX religion top_free
[2026-03-05T01:14:48.347Z] [INFO] Fetching Google Play MX religion top_free
[2026-03-05T01:14:48.359Z] [INFO] Fetching App Store MX religion top_paid
[2026-03-05T01:14:48.380Z] [INFO] Fetching Google Play MX religion top_paid
[2026-03-05T01:14:48.908Z] [INFO] Fetching App Store MX religion top_grossing
[2026-03-05T01:14:48.919Z] [INFO] Fetching Google Play MX religion top_grossing
[2026-03-05T01:14:48.932Z] [INFO] Fetching App Store ID tools top_free
[2026-03-05T01:14:48.948Z] [INFO] Fetching Google Play ID tools top_free
[2026-03-05T01:14:48.967Z] [INFO] Fetching App Store ID tools top_paid
[2026-03-05T01:14:48.997Z] [INFO] Fetching Google Play ID tools top_paid
[2026-03-05T01:14:49.379Z] [INFO] Fetching App Store ID tools top_grossing
[2026-03-05T01:14:49.431Z] [INFO] Fetching Google Play ID tools top_grossing
[2026-03-05T01:14:49.504Z] [INFO] Fetching App Store ID books top_free
[2026-03-05T01:14:49.517Z] [INFO] Fetching Google Play ID books top_free
[2026-03-05T01:14:49.970Z] [INFO] Fetching App Store ID books top_paid
[2026-03-05T01:14:49.997Z] [INFO] Fetching Google Play ID books top_paid
[2026-03-05T01:14:50.054Z] [INFO] Fetching App Store ID books top_grossing
[2026-03-05T01:14:50.081Z] [INFO] Fetching Google Play ID books top_grossing
[2026-03-05T01:14:50.107Z] [INFO] Fetching App Store ID religion top_free
[2026-03-05T01:14:50.176Z] [INFO] Fetching Google Play ID religion top_free
[2026-03-05T01:14:50.510Z] [INFO] Fetching App Store ID religion top_paid
[2026-03-05T01:14:50.520Z] [INFO] Fetching Google Play ID religion top_paid
[2026-03-05T01:14:50.571Z] [INFO] Fetching App Store ID religion top_grossing
[2026-03-05T01:14:50.582Z] [INFO] Fetching Google Play ID religion top_grossing
[2026-03-05T01:14:51.402Z] [INFO] Fetched total 1080 records
[2026-03-05T01:14:51.411Z] [INFO] Saved 1080 raw records to /root/.openclaw/workspace/app_rank_scraper/data/rankings_raw.jsonl
[2026-03-05T01:14:51.426Z] [INFO] Saved summary to /root/.openclaw/workspace/app_rank_scraper/data/rankings_summary.csv
[2026-03-05T01:14:52.315Z] [INFO] Saved 1204 changes to /root/.openclaw/workspace/app_rank_scraper/data/rank_changes_20260305_011438.csv
[2026-03-05T01:14:52.319Z] [INFO] Generated report at /root/.openclaw/workspace/app_rank_scraper/report_20260305_011438.md
[2026-03-05T01:14:52.319Z] [INFO] Crawl completed successfully!
