[2026-03-05T00:24:10.963Z] [INFO] Starting crawl at 20260305_002410 UTC
[2026-03-05T00:24:10.967Z] [INFO] Loaded 40 countries
[2026-03-05T00:24:10.983Z] [INFO] Fetching App Store US tools top_free
[2026-03-05T00:24:10.988Z] [INFO] Fetching Google Play US tools top_free
[2026-03-05T00:24:10.994Z] [INFO] Fetching App Store US tools top_paid
[2026-03-05T00:24:10.995Z] [INFO] Fetching Google Play US tools top_paid
[2026-03-05T00:24:10.997Z] [INFO] Fetching App Store US tools top_grossing
[2026-03-05T00:24:12.663Z] [INFO] Fetching Google Play US tools top_grossing
[2026-03-05T00:24:12.723Z] [INFO] Fetching App Store US books top_free
[2026-03-05T00:24:12.842Z] [INFO] Fetching Google Play US books top_free
[2026-03-05T00:24:12.979Z] [INFO] Fetching App Store US books top_paid
[2026-03-05T00:24:13.188Z] [INFO] Fetching Google Play US books top_paid
[2026-03-05T00:24:13.680Z] [INFO] Fetching App Store US books top_grossing
[2026-03-05T00:24:13.954Z] [INFO] Fetching Google Play US books top_grossing
[2026-03-05T00:24:14.322Z] [INFO] Fetching App Store GB tools top_free
[2026-03-05T00:24:14.454Z] [INFO] Fetching Google Play GB tools top_free
[2026-03-05T00:24:14.618Z] [INFO] Fetching App Store GB tools top_paid
[2026-03-05T00:24:14.845Z] [INFO] Fetching Google Play GB tools top_paid
[2026-03-05T00:24:15.348Z] [INFO] Fetching App Store GB tools top_grossing
[2026-03-05T00:24:15.413Z] [INFO] Fetching Google Play GB tools top_grossing
[2026-03-05T00:24:15.768Z] [INFO] Fetching App Store GB books top_free
[2026-03-05T00:24:15.988Z] [INFO] Fetching Google Play GB books top_free
[2026-03-05T00:24:16.120Z] [INFO] Fetching App Store GB books top_paid
[2026-03-05T00:24:16.398Z] [INFO] Fetching Google Play GB books top_paid
[2026-03-05T00:24:16.575Z] [INFO] Fetching App Store GB books top_grossing
[2026-03-05T00:24:16.938Z] [INFO] Fetching Google Play GB books top_grossing
[2026-03-05T00:24:17.380Z] [INFO] Fetching App Store DE tools top_free
[2026-03-05T00:24:17.512Z] [INFO] Fetching Google Play DE tools top_free
[2026-03-05T00:24:17.517Z] [INFO] Fetching App Store DE tools top_paid
[2026-03-05T00:24:17.565Z] [INFO] Fetching Google Play DE tools top_paid
[2026-03-05T00:24:18.337Z] [INFO] Fetching App Store DE tools top_grossing
[2026-03-05T00:24:18.480Z] [INFO] Fetching Google Play DE tools top_grossing
[2026-03-05T00:24:19.040Z] [INFO] Fetching App Store DE books top_free
[2026-03-05T00:24:19.381Z] [INFO] Fetching Google Play DE books top_free
[2026-03-05T00:24:19.429Z] [INFO] Fetching App Store DE books top_paid
[2026-03-05T00:24:19.740Z] [INFO] Fetching Google Play DE books top_paid
[2026-03-05T00:24:20.156Z] [INFO] Fetching App Store DE books top_grossing
[2026-03-05T00:24:20.305Z] [INFO] Fetching Google Play DE books top_grossing
[2026-03-05T00:24:20.959Z] [INFO] Fetching App Store FR tools top_free
[2026-03-05T00:24:21.026Z] [INFO] Fetching Google Play FR tools top_free
[2026-03-05T00:24:21.580Z] [INFO] Fetching App Store FR tools top_paid
[2026-03-05T00:24:21.746Z] [INFO] Fetching Google Play FR tools top_paid
[2026-03-05T00:24:21.967Z] [INFO] Fetching App Store FR tools top_grossing
[2026-03-05T00:24:22.251Z] [INFO] Fetching Google Play FR tools top_grossing
[2026-03-05T00:24:22.662Z] [INFO] Fetching App Store FR books top_free
[2026-03-05T00:24:23.336Z] [INFO] Fetching Google Play FR books top_free
[2026-03-05T00:24:23.432Z] [INFO] Fetching App Store FR books top_paid
[2026-03-05T00:24:24.214Z] [INFO] Fetching Google Play FR books top_paid
[2026-03-05T00:24:24.532Z] [INFO] Fetching App Store FR books top_grossing
[2026-03-05T00:24:24.641Z] [INFO] Fetching Google Play FR books top_grossing
[2026-03-05T00:24:24.784Z] [INFO] Fetching App Store CA tools top_free
[2026-03-05T00:24:25.244Z] [INFO] Fetching Google Play CA tools top_free
[2026-03-05T00:24:25.614Z] [INFO] Fetching App Store CA tools top_paid
[2026-03-05T00:24:26.514Z] [INFO] Fetching Google Play CA tools top_paid
[2026-03-05T00:24:26.551Z] [INFO] Fetching App Store CA tools top_grossing
[2026-03-05T00:24:26.571Z] [INFO] Fetching Google Play CA tools top_grossing
[2026-03-05T00:24:27.197Z] [INFO] Fetching App Store CA books top_free
[2026-03-05T00:24:27.326Z] [INFO] Fetching Google Play CA books top_free
[2026-03-05T00:24:27.586Z] [INFO] Fetching App Store CA books top_paid
[2026-03-05T00:24:27.605Z] [INFO] Fetching Google Play CA books top_paid
[2026-03-05T00:24:28.296Z] [INFO] Fetching App Store CA books top_grossing
[2026-03-05T00:24:28.309Z] [INFO] Fetching Google Play CA books top_grossing
[2026-03-05T00:24:28.573Z] [INFO] Fetching App Store AU tools top_free
[2026-03-05T00:24:29.045Z] [INFO] Fetching Google Play AU tools top_free
[2026-03-05T00:24:29.154Z] [INFO] Fetching App Store AU tools top_paid
[2026-03-05T00:24:29.373Z] [INFO] Fetching Google Play AU tools top_paid
[2026-03-05T00:24:29.680Z] [INFO] Fetching App Store AU tools top_grossing
[2026-03-05T00:24:29.953Z] [INFO] Fetching Google Play AU tools top_grossing
[2026-03-05T00:24:30.250Z] [INFO] Fetching App Store AU books top_free
[2026-03-05T00:24:30.255Z] [INFO] Fetching Google Play AU books top_free
[2026-03-05T00:24:30.551Z] [INFO] Fetching App Store AU books top_paid
[2026-03-05T00:24:30.848Z] [INFO] Fetching Google Play AU books top_paid
[2026-03-05T00:24:31.273Z] [INFO] Fetching App Store AU books top_grossing
[2026-03-05T00:24:31.371Z] [INFO] Fetching Google Play AU books top_grossing
[2026-03-05T00:24:31.683Z] [INFO] Fetching App Store JP tools top_free
[2026-03-05T00:24:31.905Z] [INFO] Fetching Google Play JP tools top_free
[2026-03-05T00:24:32.112Z] [INFO] Fetching App Store JP tools top_paid
[2026-03-05T00:24:32.257Z] [INFO] Fetching Google Play JP tools top_paid
[2026-03-05T00:24:32.534Z] [INFO] Fetching App Store JP tools top_grossing
[2026-03-05T00:24:32.849Z] [INFO] Fetching Google Play JP tools top_grossing
[2026-03-05T00:24:33.408Z] [INFO] Fetching App Store JP books top_free
[2026-03-05T00:24:33.467Z] [INFO] Fetching Google Play JP books top_free
[2026-03-05T00:24:33.545Z] [INFO] Fetching App Store JP books top_paid
[2026-03-05T00:24:33.620Z] [INFO] Fetching Google Play JP books top_paid
[2026-03-05T00:24:34.139Z] [INFO] Fetching App Store JP books top_grossing
[2026-03-05T00:24:34.424Z] [INFO] Fetching Google Play JP books top_grossing
[2026-03-05T00:24:34.434Z] [INFO] Fetching App Store KR tools top_free
[2026-03-05T00:24:34.734Z] [INFO] Fetching Google Play KR tools top_free
[2026-03-05T00:24:34.817Z] [INFO] Fetching App Store KR tools top_paid
[2026-03-05T00:24:34.973Z] [INFO] Fetching Google Play KR tools top_paid
[2026-03-05T00:24:35.546Z] [INFO] Fetching App Store KR tools top_grossing
[2026-03-05T00:24:35.809Z] [INFO] Fetching Google Play KR tools top_grossing
[2026-03-05T00:24:36.322Z] [INFO] Fetching App Store KR books top_free
[2026-03-05T00:24:36.396Z] [INFO] Fetching Google Play KR books top_free
[2026-03-05T00:24:36.422Z] [INFO] Fetching App Store KR books top_paid
[2026-03-05T00:24:36.453Z] [INFO] Fetching Google Play KR books top_paid
[2026-03-05T00:24:37.173Z] [INFO] Fetching App Store KR books top_grossing
[2026-03-05T00:24:37.392Z] [INFO] Fetching Google Play KR books top_grossing
[2026-03-05T00:24:37.418Z] [INFO] Fetching App Store IT tools top_free
[2026-03-05T00:24:37.645Z] [INFO] Fetching Google Play IT tools top_free
[2026-03-05T00:24:38.059Z] [INFO] Fetching App Store IT tools top_paid
[2026-03-05T00:24:38.180Z] [INFO] Fetching Google Play IT tools top_paid
[2026-03-05T00:24:38.840Z] [INFO] Fetching App Store IT tools top_grossing
[2026-03-05T00:24:38.970Z] [INFO] Fetching Google Play IT tools top_grossing
[2026-03-05T00:24:38.988Z] [INFO] Fetching App Store IT books top_free
[2026-03-05T00:24:39.548Z] [INFO] Fetching Google Play IT books top_free
[2026-03-05T00:24:39.586Z] [INFO] Fetching App Store IT books top_paid
[2026-03-05T00:24:39.612Z] [INFO] Fetching Google Play IT books top_paid
[2026-03-05T00:24:40.546Z] [INFO] Fetching App Store IT books top_grossing
[2026-03-05T00:24:40.600Z] [INFO] Fetching Google Play IT books top_grossing
[2026-03-05T00:24:40.868Z] [INFO] Fetching App Store ES tools top_free
[2026-03-05T00:24:40.890Z] [INFO] Fetching Google Play ES tools top_free
[2026-03-05T00:24:41.327Z] [INFO] Fetching App Store ES tools top_paid
[2026-03-05T00:24:41.606Z] [INFO] Fetching Google Play ES tools top_paid
[2026-03-05T00:24:42.089Z] [INFO] Fetching App Store ES tools top_grossing
[2026-03-05T00:24:42.245Z] [INFO] Fetching Google Play ES tools top_grossing
[2026-03-05T00:24:42.321Z] [INFO] Fetching App Store ES books top_free
[2026-03-05T00:24:42.502Z] [INFO] Fetching Google Play ES books top_free
[2026-03-05T00:24:42.870Z] [INFO] Fetching App Store ES books top_paid
[2026-03-05T00:24:43.226Z] [INFO] Fetching Google Play ES books top_paid
[2026-03-05T00:24:43.815Z] [INFO] Fetching App Store ES books top_grossing
[2026-03-05T00:24:44.031Z] [INFO] Fetching Google Play ES books top_grossing
[2026-03-05T00:24:44.231Z] [INFO] Fetching App Store NL tools top_free
[2026-03-05T00:24:44.314Z] [INFO] Fetching Google Play NL tools top_free
[2026-03-05T00:24:44.571Z] [INFO] Fetching App Store NL tools top_paid
[2026-03-05T00:24:44.579Z] [INFO] Fetching Google Play NL tools top_paid
[2026-03-05T00:24:45.380Z] [INFO] Fetching App Store NL tools top_grossing
[2026-03-05T00:24:45.659Z] [INFO] Fetching Google Play NL tools top_grossing
[2026-03-05T00:24:45.813Z] [INFO] Fetching App Store NL books top_free
[2026-03-05T00:24:46.105Z] [INFO] Fetching Google Play NL books top_free
[2026-03-05T00:24:46.141Z] [INFO] Fetching App Store NL books top_paid
[2026-03-05T00:24:46.745Z] [INFO] Fetching Google Play NL books top_paid
[2026-03-05T00:24:46.911Z] [INFO] Fetching App Store NL books top_grossing
[2026-03-05T00:24:47.288Z] [INFO] Fetching Google Play NL books top_grossing
[2026-03-05T00:24:47.310Z] [INFO] Fetching App Store SE tools top_free
[2026-03-05T00:24:47.386Z] [INFO] Fetching Google Play SE tools top_free
[2026-03-05T00:24:47.818Z] [INFO] Fetching App Store SE tools top_paid
[2026-03-05T00:24:48.042Z] [INFO] Fetching Google Play SE tools top_paid
[2026-03-05T00:24:48.676Z] [INFO] Fetching App Store SE tools top_grossing
[2026-03-05T00:24:48.758Z] [INFO] Fetching Google Play SE tools top_grossing
[2026-03-05T00:24:49.095Z] [INFO] Fetching App Store SE books top_free
[2026-03-05T00:24:49.305Z] [INFO] Fetching Google Play SE books top_free
[2026-03-05T00:24:49.717Z] [INFO] Fetching App Store SE books top_paid
[2026-03-05T00:24:50.821Z] [INFO] Fetching Google Play SE books top_paid
[2026-03-05T00:24:50.870Z] [INFO] Fetching App Store SE books top_grossing
[2026-03-05T00:24:50.915Z] [INFO] Fetching Google Play SE books top_grossing
[2026-03-05T00:24:51.712Z] [INFO] Fetching App Store CH tools top_free
[2026-03-05T00:24:52.444Z] [INFO] Fetching Google Play CH tools top_free
[2026-03-05T00:24:52.556Z] [INFO] Fetching App Store CH tools top_paid
[2026-03-05T00:24:52.897Z] [INFO] Fetching Google Play CH tools top_paid
[2026-03-05T00:24:54.394Z] [INFO] Fetching App Store CH tools top_grossing
[2026-03-05T00:24:56.127Z] [INFO] Fetching Google Play CH tools top_grossing
[2026-03-05T00:24:56.818Z] [INFO] Fetching App Store CH books top_free
[2026-03-05T00:24:57.133Z] [INFO] Fetching Google Play CH books top_free
[2026-03-05T00:24:57.640Z] [INFO] Fetching App Store CH books top_paid
[2026-03-05T00:24:58.261Z] [INFO] Fetching Google Play CH books top_paid
[2026-03-05T00:24:58.548Z] [INFO] Fetching App Store CH books top_grossing
[2026-03-05T00:24:58.690Z] [INFO] Fetching Google Play CH books top_grossing
[2026-03-05T00:25:00.262Z] [INFO] Fetching App Store NO tools top_free
[2026-03-05T00:25:00.325Z] [INFO] Fetching Google Play NO tools top_free
[2026-03-05T00:25:01.408Z] [INFO] Fetching App Store NO tools top_paid
[2026-03-05T00:25:01.632Z] [INFO] Fetching Google Play NO tools top_paid
[2026-03-05T00:25:02.973Z] [INFO] Fetching App Store NO tools top_grossing
[2026-03-05T00:25:03.415Z] [INFO] Fetching Google Play NO tools top_grossing
[2026-03-05T00:25:03.941Z] [INFO] Fetching App Store NO books top_free
[2026-03-05T00:25:04.906Z] [INFO] Fetching Google Play NO books top_free
[2026-03-05T00:25:05.644Z] [INFO] Fetching App Store NO books top_paid
[2026-03-05T00:25:06.501Z] [INFO] Fetching Google Play NO books top_paid
[2026-03-05T00:25:06.714Z] [INFO] Fetching App Store NO books top_grossing
[2026-03-05T00:25:07.388Z] [INFO] Fetching Google Play NO books top_grossing
[2026-03-05T00:25:08.196Z] [INFO] Fetching App Store DK tools top_free
[2026-03-05T00:25:09.118Z] [INFO] Fetching Google Play DK tools top_free
[2026-03-05T00:25:10.134Z] [INFO] Fetching App Store DK tools top_paid
[2026-03-05T00:25:11.076Z] [INFO] Fetching Google Play DK tools top_paid
[2026-03-05T00:25:11.750Z] [INFO] Fetching App Store DK tools top_grossing
[2026-03-05T00:25:12.139Z] [INFO] Fetching Google Play DK tools top_grossing
[2026-03-05T00:25:12.492Z] [INFO] Fetching App Store DK books top_free
[2026-03-05T00:25:13.802Z] [INFO] Fetching Google Play DK books top_free
[2026-03-05T00:25:14.014Z] [INFO] Fetching App Store DK books top_paid
[2026-03-05T00:25:14.380Z] [INFO] Fetching Google Play DK books top_paid
[2026-03-05T00:25:15.099Z] [INFO] Fetching App Store DK books top_grossing
[2026-03-05T00:25:17.019Z] [INFO] Fetching Google Play DK books top_grossing
[2026-03-05T00:25:17.115Z] [INFO] Fetching App Store FI tools top_free
[2026-03-05T00:25:18.101Z] [INFO] Fetching Google Play FI tools top_free
[2026-03-05T00:25:19.154Z] [INFO] Fetching App Store FI tools top_paid
[2026-03-05T00:25:19.897Z] [INFO] Fetching Google Play FI tools top_paid
[2026-03-05T00:25:20.509Z] [INFO] Fetching App Store FI tools top_grossing
[2026-03-05T00:25:21.323Z] [INFO] Fetching Google Play FI tools top_grossing
[2026-03-05T00:25:22.100Z] [INFO] Fetching App Store FI books top_free
[2026-03-05T00:25:22.660Z] [INFO] Fetching Google Play FI books top_free
[2026-03-05T00:25:24.044Z] [INFO] Fetching App Store FI books top_paid
[2026-03-05T00:25:24.157Z] [INFO] Fetching Google Play FI books top_paid
[2026-03-05T00:25:25.061Z] [INFO] Fetching App Store FI books top_grossing
[2026-03-05T00:25:25.933Z] [INFO] Fetching Google Play FI books top_grossing
[2026-03-05T00:25:26.774Z] [INFO] Fetching App Store SG tools top_free
[2026-03-05T00:25:27.047Z] [INFO] Fetching Google Play SG tools top_free
[2026-03-05T00:25:27.302Z] [INFO] Fetching App Store SG tools top_paid
[2026-03-05T00:25:28.848Z] [INFO] Fetching Google Play SG tools top_paid
[2026-03-05T00:25:28.993Z] [INFO] Fetching App Store SG tools top_grossing
[2026-03-05T00:25:29.012Z] [INFO] Fetching Google Play SG tools top_grossing
[2026-03-05T00:25:30.917Z] [INFO] Fetching App Store SG books top_free
[2026-03-05T00:25:32.346Z] [INFO] Fetching Google Play SG books top_free
[2026-03-05T00:25:32.465Z] [INFO] Fetching App Store SG books top_paid
[2026-03-05T00:25:32.954Z] [INFO] Fetching Google Play SG books top_paid
[2026-03-05T00:25:33.137Z] [INFO] Fetching App Store SG books top_grossing
[2026-03-05T00:25:33.411Z] [INFO] Fetching Google Play SG books top_grossing
[2026-03-05T00:25:33.935Z] [INFO] Fetching App Store HK tools top_free
[2026-03-05T00:25:34.734Z] [INFO] Fetching Google Play HK tools top_free
[2026-03-05T00:25:35.830Z] [INFO] Fetching App Store HK tools top_paid
[2026-03-05T00:25:37.183Z] [INFO] Fetching Google Play HK tools top_paid
[2026-03-05T00:25:37.950Z] [INFO] Fetching App Store HK tools top_grossing
[2026-03-05T00:25:38.503Z] [INFO] Fetching Google Play HK tools top_grossing
[2026-03-05T00:25:38.913Z] [INFO] Fetching App Store HK books top_free
[2026-03-05T00:25:39.557Z] [INFO] Fetching Google Play HK books top_free
[2026-03-05T00:25:39.591Z] [INFO] Fetching App Store HK books top_paid
[2026-03-05T00:25:40.506Z] [INFO] Fetching Google Play HK books top_paid
[2026-03-05T00:25:40.945Z] [INFO] Fetching App Store HK books top_grossing
[2026-03-05T00:25:41.831Z] [INFO] Fetching Google Play HK books top_grossing
[2026-03-05T00:25:42.843Z] [INFO] Fetching App Store TW tools top_free
[2026-03-05T00:25:43.729Z] [INFO] Fetching Google Play TW tools top_free
[2026-03-05T00:25:43.984Z] [INFO] Fetching App Store TW tools top_paid
[2026-03-05T00:25:44.732Z] [INFO] Fetching Google Play TW tools top_paid
[2026-03-05T00:25:45.871Z] [INFO] Fetching App Store TW tools top_grossing
[2026-03-05T00:25:46.114Z] [INFO] Fetching Google Play TW tools top_grossing
[2026-03-05T00:25:46.719Z] [INFO] Fetching App Store TW books top_free
[2026-03-05T00:25:47.550Z] [INFO] Fetching Google Play TW books top_free
[2026-03-05T00:25:48.472Z] [INFO] Fetching App Store TW books top_paid
[2026-03-05T00:25:49.079Z] [INFO] Fetching Google Play TW books top_paid
[2026-03-05T00:25:49.663Z] [INFO] Fetching App Store TW books top_grossing
[2026-03-05T00:25:49.708Z] [INFO] Fetching Google Play TW books top_grossing
[2026-03-05T00:25:49.809Z] [INFO] Fetching App Store NZ tools top_free
[2026-03-05T00:25:51.507Z] [INFO] Fetching Google Play NZ tools top_free
[2026-03-05T00:25:51.514Z] [INFO] Fetching App Store NZ tools top_paid
[2026-03-05T00:25:52.713Z] [INFO] Fetching Google Play NZ tools top_paid
[2026-03-05T00:25:53.030Z] [INFO] Fetching App Store NZ tools top_grossing
[2026-03-05T00:25:53.239Z] [INFO] Fetching Google Play NZ tools top_grossing
[2026-03-05T00:25:54.599Z] [INFO] Fetching App Store NZ books top_free
[2026-03-05T00:25:55.338Z] [INFO] Fetching Google Play NZ books top_free
[2026-03-05T00:25:55.397Z] [INFO] Fetching App Store NZ books top_paid
[2026-03-05T00:25:56.366Z] [INFO] Fetching Google Play NZ books top_paid
[2026-03-05T00:25:56.411Z] [INFO] Fetching App Store NZ books top_grossing
[2026-03-05T00:25:56.549Z] [INFO] Fetching Google Play NZ books top_grossing
[2026-03-05T00:25:57.368Z] [INFO] Fetching App Store AT tools top_free
[2026-03-05T00:25:58.006Z] [INFO] Fetching Google Play AT tools top_free
[2026-03-05T00:25:59.346Z] [INFO] Fetching App Store AT tools top_paid
[2026-03-05T00:25:59.580Z] [INFO] Fetching Google Play AT tools top_paid
[2026-03-05T00:26:00.156Z] [INFO] Fetching App Store AT tools top_grossing
[2026-03-05T00:26:01.364Z] [INFO] Fetching Google Play AT tools top_grossing
[2026-03-05T00:26:01.389Z] [INFO] Fetching App Store AT books top_free
[2026-03-05T00:26:01.921Z] [INFO] Fetching Google Play AT books top_free
[2026-03-05T00:26:03.297Z] [INFO] Fetching App Store AT books top_paid
[2026-03-05T00:26:03.824Z] [INFO] Fetching Google Play AT books top_paid
[2026-03-05T00:26:04.963Z] [INFO] Fetching App Store AT books top_grossing
[2026-03-05T00:26:06.364Z] [INFO] Fetching Google Play AT books top_grossing
[2026-03-05T00:26:06.483Z] [INFO] Fetching App Store BE tools top_free
[2026-03-05T00:26:06.644Z] [INFO] Fetching Google Play BE tools top_free
[2026-03-05T00:26:07.333Z] [INFO] Fetching App Store BE tools top_paid
[2026-03-05T00:26:08.076Z] [INFO] Fetching Google Play BE tools top_paid
[2026-03-05T00:26:09.000Z] [INFO] Fetching App Store BE tools top_grossing
[2026-03-05T00:26:09.069Z] [INFO] Fetching Google Play BE tools top_grossing
[2026-03-05T00:26:10.223Z] [INFO] Fetching App Store BE books top_free
[2026-03-05T00:26:11.288Z] [INFO] Fetching Google Play BE books top_free
[2026-03-05T00:26:12.049Z] [INFO] Fetching App Store BE books top_paid
[2026-03-05T00:26:12.346Z] [INFO] Fetching Google Play BE books top_paid
[2026-03-05T00:26:12.680Z] [INFO] Fetching App Store BE books top_grossing
[2026-03-05T00:26:13.586Z] [INFO] Fetching Google Play BE books top_grossing
[2026-03-05T00:26:14.474Z] [INFO] Fetching App Store BR tools top_free
[2026-03-05T00:26:15.305Z] [INFO] Fetching Google Play BR tools top_free
[2026-03-05T00:26:15.820Z] [INFO] Fetching App Store BR tools top_paid
[2026-03-05T00:26:16.378Z] [INFO] Fetching Google Play BR tools top_paid
[2026-03-05T00:26:18.434Z] [INFO] Fetching App Store BR tools top_grossing
[2026-03-05T00:26:18.473Z] [INFO] Fetching Google Play BR tools top_grossing
[2026-03-05T00:26:18.843Z] [INFO] Fetching App Store BR books top_free
[2026-03-05T00:26:20.536Z] [INFO] Fetching Google Play BR books top_free
[2026-03-05T00:26:20.825Z] [INFO] Fetching App Store BR books top_paid
[2026-03-05T00:26:20.893Z] [INFO] Fetching Google Play BR books top_paid
[2026-03-05T00:26:22.088Z] [INFO] Fetching App Store BR books top_grossing
[2026-03-05T00:26:22.115Z] [INFO] Fetching Google Play BR books top_grossing
[2026-03-05T00:26:23.096Z] [INFO] Fetching App Store MX tools top_free
[2026-03-05T00:26:23.804Z] [INFO] Fetching Google Play MX tools top_free
[2026-03-05T00:26:23.915Z] [INFO] Fetching App Store MX tools top_paid
[2026-03-05T00:26:24.774Z] [INFO] Fetching Google Play MX tools top_paid
[2026-03-05T00:26:25.965Z] [INFO] Fetching App Store MX tools top_grossing
[2026-03-05T00:26:26.273Z] [INFO] Fetching Google Play MX tools top_grossing
[2026-03-05T00:26:27.469Z] [INFO] Fetching App Store MX books top_free
[2026-03-05T00:26:28.199Z] [INFO] Fetching Google Play MX books top_free
[2026-03-05T00:26:28.300Z] [INFO] Fetching App Store MX books top_paid
[2026-03-05T00:26:29.313Z] [INFO] Fetching Google Play MX books top_paid
[2026-03-05T00:26:29.337Z] [INFO] Fetching App Store MX books top_grossing
[2026-03-05T00:26:29.394Z] [INFO] Fetching Google Play MX books top_grossing
[2026-03-05T00:26:29.591Z] [INFO] Fetching App Store AR tools top_free
[2026-03-05T00:26:31.132Z] [INFO] Fetching Google Play AR tools top_free
[2026-03-05T00:26:31.534Z] [INFO] Fetching App Store AR tools top_paid
[2026-03-05T00:26:32.340Z] [INFO] Fetching Google Play AR tools top_paid
[2026-03-05T00:26:33.520Z] [INFO] Fetching App Store AR tools top_grossing
[2026-03-05T00:26:34.033Z] [INFO] Fetching Google Play AR tools top_grossing
[2026-03-05T00:26:34.166Z] [INFO] Fetching App Store AR books top_free
[2026-03-05T00:26:35.580Z] [INFO] Fetching Google Play AR books top_free
[2026-03-05T00:26:35.881Z] [INFO] Fetching App Store AR books top_paid
[2026-03-05T00:26:35.971Z] [INFO] Fetching Google Play AR books top_paid
[2026-03-05T00:26:37.007Z] [INFO] Fetching App Store AR books top_grossing
[2026-03-05T00:26:37.214Z] [INFO] Fetching Google Play AR books top_grossing
[2026-03-05T00:26:37.930Z] [INFO] Fetching App Store CL tools top_free
[2026-03-05T00:26:38.918Z] [INFO] Fetching Google Play CL tools top_free
[2026-03-05T00:26:39.999Z] [INFO] Fetching App Store CL tools top_paid
[2026-03-05T00:26:40.961Z] [INFO] Fetching Google Play CL tools top_paid
[2026-03-05T00:26:41.769Z] [INFO] Fetching App Store CL tools top_grossing
[2026-03-05T00:26:42.273Z] [INFO] Fetching Google Play CL tools top_grossing
[2026-03-05T00:26:43.479Z] [INFO] Fetching App Store CL books top_free
[2026-03-05T00:26:43.964Z] [INFO] Fetching Google Play CL books top_free
[2026-03-05T00:26:45.004Z] [INFO] Fetching App Store CL books top_paid
[2026-03-05T00:26:45.119Z] [INFO] Fetching Google Play CL books top_paid
[2026-03-05T00:26:45.912Z] [INFO] Fetching App Store CL books top_grossing
[2026-03-05T00:26:46.054Z] [INFO] Fetching Google Play CL books top_grossing
[2026-03-05T00:26:46.797Z] [INFO] Fetching App Store CO tools top_free
[2026-03-05T00:26:47.778Z] [INFO] Fetching Google Play CO tools top_free
[2026-03-05T00:26:48.281Z] [INFO] Fetching App Store CO tools top_paid
[2026-03-05T00:26:48.826Z] [INFO] Fetching Google Play CO tools top_paid
[2026-03-05T00:26:49.007Z] [INFO] Fetching App Store CO tools top_grossing
[2026-03-05T00:26:49.297Z] [INFO] Fetching Google Play CO tools top_grossing
[2026-03-05T00:26:50.166Z] [INFO] Fetching App Store CO books top_free
[2026-03-05T00:26:50.912Z] [INFO] Fetching Google Play CO books top_free
[2026-03-05T00:26:51.033Z] [INFO] Fetching App Store CO books top_paid
[2026-03-05T00:26:51.423Z] [INFO] Fetching Google Play CO books top_paid
[2026-03-05T00:26:51.747Z] [INFO] Fetching App Store CO books top_grossing
[2026-03-05T00:26:51.976Z] [INFO] Fetching Google Play CO books top_grossing
[2026-03-05T00:26:52.972Z] [INFO] Fetching App Store IN tools top_free
[2026-03-05T00:26:53.518Z] [INFO] Fetching Google Play IN tools top_free
[2026-03-05T00:26:54.393Z] [INFO] Fetching App Store IN tools top_paid
[2026-03-05T00:26:55.005Z] [INFO] Fetching Google Play IN tools top_paid
[2026-03-05T00:26:55.072Z] [INFO] Fetching App Store IN tools top_grossing
[2026-03-05T00:26:55.369Z] [INFO] Fetching Google Play IN tools top_grossing
[2026-03-05T00:26:55.840Z] [INFO] Fetching App Store IN books top_free
[2026-03-05T00:26:57.033Z] [INFO] Fetching Google Play IN books top_free
[2026-03-05T00:26:57.695Z] [INFO] Fetching App Store IN books top_paid
[2026-03-05T00:26:58.178Z] [INFO] Fetching Google Play IN books top_paid
[2026-03-05T00:26:58.193Z] [INFO] Fetching App Store IN books top_grossing
[2026-03-05T00:26:59.332Z] [INFO] Fetching Google Play IN books top_grossing
[2026-03-05T00:26:59.480Z] [INFO] Fetching App Store ID tools top_free
[2026-03-05T00:27:00.064Z] [INFO] Fetching Google Play ID tools top_free
[2026-03-05T00:27:01.332Z] [INFO] Fetching App Store ID tools top_paid
[2026-03-05T00:27:01.751Z] [INFO] Fetching Google Play ID tools top_paid
[2026-03-05T00:27:02.336Z] [INFO] Fetching App Store ID tools top_grossing
[2026-03-05T00:27:02.578Z] [INFO] Fetching Google Play ID tools top_grossing
[2026-03-05T00:27:03.526Z] [INFO] Fetching App Store ID books top_free
[2026-03-05T00:27:03.572Z] [INFO] Fetching Google Play ID books top_free
[2026-03-05T00:27:04.482Z] [INFO] Fetching App Store ID books top_paid
[2026-03-05T00:27:05.427Z] [INFO] Fetching Google Play ID books top_paid
[2026-03-05T00:27:05.466Z] [INFO] Fetching App Store ID books top_grossing
[2026-03-05T00:27:06.287Z] [INFO] Fetching Google Play ID books top_grossing
[2026-03-05T00:27:06.854Z] [INFO] Fetching App Store TH tools top_free
[2026-03-05T00:27:07.347Z] [INFO] Fetching Google Play TH tools top_free
[2026-03-05T00:27:08.385Z] [INFO] Fetching App Store TH tools top_paid
[2026-03-05T00:27:08.692Z] [INFO] Fetching Google Play TH tools top_paid
[2026-03-05T00:27:09.345Z] [INFO] Fetching App Store TH tools top_grossing
[2026-03-05T00:27:10.541Z] [INFO] Fetching Google Play TH tools top_grossing
[2026-03-05T00:27:10.566Z] [INFO] Fetching App Store TH books top_free
[2026-03-05T00:27:10.826Z] [INFO] Fetching Google Play TH books top_free
[2026-03-05T00:27:11.249Z] [INFO] Fetching App Store TH books top_paid
[2026-03-05T00:27:12.163Z] [INFO] Fetching Google Play TH books top_paid
[2026-03-05T00:27:12.340Z] [INFO] Fetching App Store TH books top_grossing
[2026-03-05T00:27:13.269Z] [INFO] Fetching Google Play TH books top_grossing
[2026-03-05T00:27:13.796Z] [INFO] Fetching App Store VN tools top_free
[2026-03-05T00:27:13.917Z] [INFO] Fetching Google Play VN tools top_free
[2026-03-05T00:27:14.017Z] [INFO] Fetching App Store VN tools top_paid
[2026-03-05T00:27:15.381Z] [INFO] Fetching Google Play VN tools top_paid
[2026-03-05T00:27:15.667Z] [INFO] Fetching App Store VN tools top_grossing
[2026-03-05T00:27:16.140Z] [INFO] Fetching Google Play VN tools top_grossing
[2026-03-05T00:27:16.409Z] [INFO] Fetching App Store VN books top_free
[2026-03-05T00:27:17.092Z] [INFO] Fetching Google Play VN books top_free
[2026-03-05T00:27:17.506Z] [INFO] Fetching App Store VN books top_paid
[2026-03-05T00:27:18.169Z] [INFO] Fetching Google Play VN books top_paid
[2026-03-05T00:27:18.577Z] [INFO] Fetching App Store VN books top_grossing
[2026-03-05T00:27:18.593Z] [INFO] Fetching Google Play VN books top_grossing
[2026-03-05T00:27:19.947Z] [INFO] Fetching App Store PH tools top_free
[2026-03-05T00:27:21.593Z] [INFO] Fetching Google Play PH tools top_free
[2026-03-05T00:27:21.926Z] [INFO] Fetching App Store PH tools top_paid
[2026-03-05T00:27:23.359Z] [INFO] Fetching Google Play PH tools top_paid
[2026-03-05T00:27:23.760Z] [INFO] Fetching App Store PH tools top_grossing
[2026-03-05T00:27:23.888Z] [INFO] Fetching Google Play PH tools top_grossing
[2026-03-05T00:27:24.045Z] [INFO] Fetching App Store PH books top_free
[2026-03-05T00:27:25.657Z] [INFO] Fetching Google Play PH books top_free
[2026-03-05T00:27:25.782Z] [INFO] Fetching App Store PH books top_paid
[2026-03-05T00:27:26.169Z] [INFO] Fetching Google Play PH books top_paid
[2026-03-05T00:27:26.902Z] [INFO] Fetching App Store PH books top_grossing
[2026-03-05T00:27:26.996Z] [INFO] Fetching Google Play PH books top_grossing
[2026-03-05T00:27:28.203Z] [INFO] Fetching App Store MY tools top_free
[2026-03-05T00:27:28.699Z] [INFO] Fetching Google Play MY tools top_free
[2026-03-05T00:27:29.447Z] [INFO] Fetching App Store MY tools top_paid
[2026-03-05T00:27:30.154Z] [INFO] Fetching Google Play MY tools top_paid
[2026-03-05T00:27:30.441Z] [INFO] Fetching App Store MY tools top_grossing
[2026-03-05T00:27:31.061Z] [INFO] Fetching Google Play MY tools top_grossing
[2026-03-05T00:27:31.178Z] [INFO] Fetching App Store MY books top_free
[2026-03-05T00:27:31.574Z] [INFO] Fetching Google Play MY books top_free
[2026-03-05T00:27:32.440Z] [INFO] Fetching App Store MY books top_paid
[2026-03-05T00:27:33.148Z] [INFO] Fetching Google Play MY books top_paid
[2026-03-05T00:27:33.643Z] [INFO] Fetching App Store MY books top_grossing
[2026-03-05T00:27:34.407Z] [INFO] Fetching Google Play MY books top_grossing
[2026-03-05T00:27:34.631Z] [INFO] Fetching App Store SA tools top_free
[2026-03-05T00:27:35.552Z] [INFO] Fetching Google Play SA tools top_free
[2026-03-05T00:27:36.183Z] [INFO] Fetching App Store SA tools top_paid
[2026-03-05T00:27:36.352Z] [INFO] Fetching Google Play SA tools top_paid
[2026-03-05T00:27:36.894Z] [INFO] Fetching App Store SA tools top_grossing
[2026-03-05T00:27:38.055Z] [INFO] Fetching Google Play SA tools top_grossing
[2026-03-05T00:27:38.993Z] [INFO] Fetching App Store SA books top_free
[2026-03-05T00:27:39.709Z] [INFO] Fetching Google Play SA books top_free
[2026-03-05T00:27:40.676Z] [INFO] Fetching App Store SA books top_paid
[2026-03-05T00:27:40.939Z] [INFO] Fetching Google Play SA books top_paid
[2026-03-05T00:27:41.274Z] [INFO] Fetching App Store SA books top_grossing
[2026-03-05T00:27:41.602Z] [INFO] Fetching Google Play SA books top_grossing
[2026-03-05T00:27:41.671Z] [INFO] Fetching App Store AE tools top_free
[2026-03-05T00:27:42.803Z] [INFO] Fetching Google Play AE tools top_free
[2026-03-05T00:27:43.645Z] [INFO] Fetching App Store AE tools top_paid
[2026-03-05T00:27:44.447Z] [INFO] Fetching Google Play AE tools top_paid
[2026-03-05T00:27:45.500Z] [INFO] Fetching App Store AE tools top_grossing
[2026-03-05T00:27:45.715Z] [INFO] Fetching Google Play AE tools top_grossing
[2026-03-05T00:27:46.714Z] [INFO] Fetching App Store AE books top_free
[2026-03-05T00:27:47.698Z] [INFO] Fetching Google Play AE books top_free
[2026-03-05T00:27:47.755Z] [INFO] Fetching App Store AE books top_paid
[2026-03-05T00:27:48.342Z] [INFO] Fetching Google Play AE books top_paid
[2026-03-05T00:27:48.731Z] [INFO] Fetching App Store AE books top_grossing
[2026-03-05T00:27:50.077Z] [INFO] Fetching Google Play AE books top_grossing
[2026-03-05T00:27:50.380Z] [INFO] Fetching App Store TR tools top_free
[2026-03-05T00:27:50.554Z] [INFO] Fetching Google Play TR tools top_free
[2026-03-05T00:27:51.489Z] [INFO] Fetching App Store TR tools top_paid
[2026-03-05T00:27:52.315Z] [INFO] Fetching Google Play TR tools top_paid
[2026-03-05T00:27:53.124Z] [INFO] Fetching App Store TR tools top_grossing
[2026-03-05T00:27:53.533Z] [INFO] Fetching Google Play TR tools top_grossing
[2026-03-05T00:27:54.324Z] [INFO] Fetching App Store TR books top_free
[2026-03-05T00:27:55.017Z] [INFO] Fetching Google Play TR books top_free
[2026-03-05T00:27:55.082Z] [INFO] Fetching App Store TR books top_paid
[2026-03-05T00:27:55.978Z] [INFO] Fetching Google Play TR books top_paid
[2026-03-05T00:27:56.219Z] [INFO] Fetching App Store TR books top_grossing
[2026-03-05T00:27:57.380Z] [INFO] Fetching Google Play TR books top_grossing
[2026-03-05T00:27:58.181Z] [INFO] Fetching App Store PL tools top_free
[2026-03-05T00:27:59.097Z] [INFO] Fetching Google Play PL tools top_free
[2026-03-05T00:27:59.202Z] [INFO] Fetching App Store PL tools top_paid
[2026-03-05T00:27:59.943Z] [INFO] Fetching Google Play PL tools top_paid
[2026-03-05T00:28:01.039Z] [INFO] Fetching App Store PL tools top_grossing
[2026-03-05T00:28:01.180Z] [INFO] Fetching Google Play PL tools top_grossing
[2026-03-05T00:28:02.997Z] [INFO] Fetching App Store PL books top_free
[2026-03-05T00:28:04.138Z] [INFO] Fetching Google Play PL books top_free
[2026-03-05T00:28:04.470Z] [INFO] Fetching App Store PL books top_paid
[2026-03-05T00:28:05.102Z] [INFO] Fetching Google Play PL books top_paid
[2026-03-05T00:28:05.163Z] [INFO] Fetching App Store PL books top_grossing
[2026-03-05T00:28:05.710Z] [INFO] Fetching Google Play PL books top_grossing
[2026-03-05T00:28:06.666Z] [INFO] Fetching App Store RU tools top_free
[2026-03-05T00:28:07.038Z] [INFO] Fetching Google Play RU tools top_free
[2026-03-05T00:28:07.943Z] [INFO] Fetching App Store RU tools top_paid
[2026-03-05T00:28:09.418Z] [INFO] Fetching Google Play RU tools top_paid
[2026-03-05T00:28:09.792Z] [INFO] Fetching App Store RU tools top_grossing
[2026-03-05T00:28:09.880Z] [INFO] Fetching Google Play RU tools top_grossing
[2026-03-05T00:28:10.097Z] [INFO] Fetching App Store RU books top_free
[2026-03-05T00:28:10.119Z] [INFO] Fetching Google Play RU books top_free
[2026-03-05T00:28:11.685Z] [INFO] Fetching App Store RU books top_paid
[2026-03-05T00:28:11.741Z] [ERROR] Google Play RU tools top_paid failed: Cannot read properties of undefined (reading 'fantasy-land/map')
[2026-03-05T00:28:11.741Z] [INFO] Fetching Google Play RU books top_paid
[2026-03-05T00:28:11.783Z] [ERROR] Google Play RU books top_paid failed: Cannot read properties of undefined (reading 'fantasy-land/map')
[2026-03-05T00:28:11.783Z] [INFO] Fetching App Store RU books top_grossing
[2026-03-05T00:28:12.037Z] [INFO] Fetching Google Play RU books top_grossing
[2026-03-05T00:28:13.145Z] [INFO] Fetching App Store ZA tools top_free
[2026-03-05T00:28:13.911Z] [INFO] Fetching Google Play ZA tools top_free
[2026-03-05T00:28:15.125Z] [INFO] Fetching App Store ZA tools top_paid
[2026-03-05T00:28:15.495Z] [INFO] Fetching Google Play ZA tools top_paid
[2026-03-05T00:28:16.200Z] [INFO] Fetching App Store ZA tools top_grossing
[2026-03-05T00:28:16.740Z] [INFO] Fetching Google Play ZA tools top_grossing
[2026-03-05T00:28:16.926Z] [INFO] Fetching App Store ZA books top_free
[2026-03-05T00:28:18.126Z] [INFO] Fetching Google Play ZA books top_free
[2026-03-05T00:28:18.487Z] [INFO] Fetching App Store ZA books top_paid
[2026-03-05T00:28:19.593Z] [INFO] Fetching Google Play ZA books top_paid
[2026-03-05T00:28:19.916Z] [INFO] Fetching App Store ZA books top_grossing
[2026-03-05T00:28:21.338Z] [INFO] Fetching Google Play ZA books top_grossing
[2026-03-05T00:28:21.387Z] [INFO] Fetching App Store EG tools top_free
[2026-03-05T00:28:21.549Z] [INFO] Fetching Google Play EG tools top_free
[2026-03-05T00:28:22.089Z] [INFO] Fetching App Store EG tools top_paid
[2026-03-05T00:28:23.430Z] [INFO] Fetching Google Play EG tools top_paid
[2026-03-05T00:28:23.675Z] [INFO] Fetching App Store EG tools top_grossing
[2026-03-05T00:28:23.997Z] [INFO] Fetching Google Play EG tools top_grossing
[2026-03-05T00:28:24.649Z] [INFO] Fetching App Store EG books top_free
[2026-03-05T00:28:25.995Z] [INFO] Fetching Google Play EG books top_free
[2026-03-05T00:28:26.463Z] [INFO] Fetching App Store EG books top_paid
[2026-03-05T00:28:26.711Z] [INFO] Fetching Google Play EG books top_paid
[2026-03-05T00:28:27.754Z] [INFO] Fetching App Store EG books top_grossing
[2026-03-05T00:28:28.496Z] [INFO] Fetching Google Play EG books top_grossing
[2026-03-05T00:28:34.702Z] [INFO] Fetched total 9547 records
[2026-03-05T00:28:34.777Z] [INFO] Saved 9547 raw records to /root/.openclaw/workspace/app_rank_scraper/data/rankings_raw.jsonl
[2026-03-05T00:28:34.878Z] [INFO] Saved summary to /root/.openclaw/workspace/app_rank_scraper/data/rankings_summary.csv
[2026-03-05T00:28:35.833Z] [INFO] Saved 10586 changes to /root/.openclaw/workspace/app_rank_scraper/data/rank_changes_20260305_002410.csv
[2026-03-05T00:28:35.844Z] [INFO] Generated report at /root/.openclaw/workspace/app_rank_scraper/report_20260305_002410.md
[2026-03-05T00:28:35.844Z] [INFO] Crawl completed successfully!
