[2026-03-04T12:28:46.239Z] [INFO] Starting crawl at 20260304_122846 UTC
[2026-03-04T12:28:46.241Z] [INFO] Loaded 40 countries
[2026-03-04T12:28:46.250Z] [INFO] Fetching App Store US tools top_free
[2026-03-04T12:28:46.256Z] [INFO] Fetching Google Play US tools top_free
[2026-03-04T12:28:46.262Z] [INFO] Fetching App Store US tools top_paid
[2026-03-04T12:28:46.263Z] [INFO] Fetching Google Play US tools top_paid
[2026-03-04T12:28:46.264Z] [INFO] Fetching App Store US tools top_grossing
[2026-03-04T12:28:46.471Z] [INFO] Fetching Google Play US tools top_grossing
[2026-03-04T12:28:46.478Z] [INFO] Fetching App Store US books top_free
[2026-03-04T12:28:46.664Z] [INFO] Fetching Google Play US books top_free
[2026-03-04T12:28:46.814Z] [INFO] Fetching App Store US books top_paid
[2026-03-04T12:28:47.312Z] [INFO] Fetching Google Play US books top_paid
[2026-03-04T12:28:47.381Z] [INFO] Fetching App Store US books top_grossing
[2026-03-04T12:28:47.454Z] [INFO] Fetching Google Play US books top_grossing
[2026-03-04T12:28:47.512Z] [INFO] Fetching App Store GB tools top_free
[2026-03-04T12:28:47.576Z] [INFO] Fetching Google Play GB tools top_free
[2026-03-04T12:28:47.604Z] [INFO] Fetching App Store GB tools top_paid
[2026-03-04T12:28:47.706Z] [INFO] Fetching Google Play GB tools top_paid
[2026-03-04T12:28:47.808Z] [INFO] Fetching App Store GB tools top_grossing
[2026-03-04T12:28:48.053Z] [INFO] Fetching Google Play GB tools top_grossing
[2026-03-04T12:28:48.221Z] [INFO] Fetching App Store GB books top_free
[2026-03-04T12:28:48.505Z] [INFO] Fetching Google Play GB books top_free
[2026-03-04T12:28:48.692Z] [INFO] Fetching App Store GB books top_paid
[2026-03-04T12:28:48.706Z] [INFO] Fetching Google Play GB books top_paid
[2026-03-04T12:28:48.870Z] [INFO] Fetching App Store GB books top_grossing
[2026-03-04T12:28:48.886Z] [INFO] Fetching Google Play GB books top_grossing
[2026-03-04T12:28:48.971Z] [INFO] Fetching App Store DE tools top_free
[2026-03-04T12:28:49.078Z] [INFO] Fetching Google Play DE tools top_free
[2026-03-04T12:28:49.243Z] [INFO] Fetching App Store DE tools top_paid
[2026-03-04T12:28:49.533Z] [INFO] Fetching Google Play DE tools top_paid
[2026-03-04T12:28:49.567Z] [INFO] Fetching App Store DE tools top_grossing
[2026-03-04T12:28:49.675Z] [INFO] Fetching Google Play DE tools top_grossing
[2026-03-04T12:28:49.762Z] [INFO] Fetching App Store DE books top_free
[2026-03-04T12:28:49.790Z] [INFO] Fetching Google Play DE books top_free
[2026-03-04T12:28:50.015Z] [INFO] Fetching App Store DE books top_paid
[2026-03-04T12:28:50.409Z] [INFO] Fetching Google Play DE books top_paid
[2026-03-04T12:28:50.559Z] [INFO] Fetching App Store DE books top_grossing
[2026-03-04T12:28:50.595Z] [INFO] Fetching Google Play DE books top_grossing
[2026-03-04T12:28:50.750Z] [INFO] Fetching App Store FR tools top_free
[2026-03-04T12:28:50.832Z] [INFO] Fetching Google Play FR tools top_free
[2026-03-04T12:28:51.025Z] [INFO] Fetching App Store FR tools top_paid
[2026-03-04T12:28:51.102Z] [INFO] Fetching Google Play FR tools top_paid
[2026-03-04T12:28:51.201Z] [INFO] Fetching App Store FR tools top_grossing
[2026-03-04T12:28:51.279Z] [INFO] Fetching Google Play FR tools top_grossing
[2026-03-04T12:28:51.414Z] [INFO] Fetching App Store FR books top_free
[2026-03-04T12:28:51.502Z] [INFO] Fetching Google Play FR books top_free
[2026-03-04T12:28:51.627Z] [INFO] Fetching App Store FR books top_paid
[2026-03-04T12:28:52.120Z] [INFO] Fetching Google Play FR books top_paid
[2026-03-04T12:28:52.220Z] [INFO] Fetching App Store FR books top_grossing
[2026-03-04T12:28:52.258Z] [INFO] Fetching Google Play FR books top_grossing
[2026-03-04T12:28:52.470Z] [INFO] Fetching App Store CA tools top_free
[2026-03-04T12:28:52.536Z] [INFO] Fetching Google Play CA tools top_free
[2026-03-04T12:28:52.616Z] [INFO] Fetching App Store CA tools top_paid
[2026-03-04T12:28:52.730Z] [INFO] Fetching Google Play CA tools top_paid
[2026-03-04T12:28:52.870Z] [INFO] Fetching App Store CA tools top_grossing
[2026-03-04T12:28:52.900Z] [INFO] Fetching Google Play CA tools top_grossing
[2026-03-04T12:28:53.140Z] [INFO] Fetching App Store CA books top_free
[2026-03-04T12:28:53.161Z] [INFO] Fetching Google Play CA books top_free
[2026-03-04T12:28:53.272Z] [INFO] Fetching App Store CA books top_paid
[2026-03-04T12:28:53.940Z] [INFO] Fetching Google Play CA books top_paid
[2026-03-04T12:28:54.007Z] [INFO] Fetching App Store CA books top_grossing
[2026-03-04T12:28:54.075Z] [INFO] Fetching Google Play CA books top_grossing
[2026-03-04T12:28:54.096Z] [INFO] Fetching App Store AU tools top_free
[2026-03-04T12:28:54.182Z] [INFO] Fetching Google Play AU tools top_free
[2026-03-04T12:28:54.298Z] [INFO] Fetching App Store AU tools top_paid
[2026-03-04T12:28:54.336Z] [INFO] Fetching Google Play AU tools top_paid
[2026-03-04T12:28:54.492Z] [INFO] Fetching App Store AU tools top_grossing
[2026-03-04T12:28:54.527Z] [INFO] Fetching Google Play AU tools top_grossing
[2026-03-04T12:28:54.658Z] [INFO] Fetching App Store AU books top_free
[2026-03-04T12:28:55.134Z] [INFO] Fetching Google Play AU books top_free
[2026-03-04T12:28:55.242Z] [INFO] Fetching App Store AU books top_paid
[2026-03-04T12:28:55.269Z] [INFO] Fetching Google Play AU books top_paid
[2026-03-04T12:28:55.450Z] [INFO] Fetching App Store AU books top_grossing
[2026-03-04T12:28:55.495Z] [INFO] Fetching Google Play AU books top_grossing
[2026-03-04T12:28:55.646Z] [INFO] Fetching App Store JP tools top_free
[2026-03-04T12:28:55.880Z] [INFO] Fetching Google Play JP tools top_free
[2026-03-04T12:28:55.887Z] [INFO] Fetching App Store JP tools top_paid
[2026-03-04T12:28:56.080Z] [INFO] Fetching Google Play JP tools top_paid
[2026-03-04T12:28:56.204Z] [INFO] Fetching App Store JP tools top_grossing
[2026-03-04T12:28:56.217Z] [INFO] Fetching Google Play JP tools top_grossing
[2026-03-04T12:28:56.359Z] [INFO] Fetching App Store JP books top_free
[2026-03-04T12:28:56.603Z] [INFO] Fetching Google Play JP books top_free
[2026-03-04T12:28:56.621Z] [INFO] Fetching App Store JP books top_paid
[2026-03-04T12:28:56.761Z] [INFO] Fetching Google Play JP books top_paid
[2026-03-04T12:28:56.813Z] [INFO] Fetching App Store JP books top_grossing
[2026-03-04T12:28:56.936Z] [INFO] Fetching Google Play JP books top_grossing
[2026-03-04T12:28:57.023Z] [INFO] Fetching App Store KR tools top_free
[2026-03-04T12:28:57.326Z] [INFO] Fetching Google Play KR tools top_free
[2026-03-04T12:28:57.423Z] [INFO] Fetching App Store KR tools top_paid
[2026-03-04T12:28:57.428Z] [INFO] Fetching Google Play KR tools top_paid
[2026-03-04T12:28:57.566Z] [INFO] Fetching App Store KR tools top_grossing
[2026-03-04T12:28:57.778Z] [INFO] Fetching Google Play KR tools top_grossing
[2026-03-04T12:28:57.789Z] [INFO] Fetching App Store KR books top_free
[2026-03-04T12:28:57.885Z] [INFO] Fetching Google Play KR books top_free
[2026-03-04T12:28:57.914Z] [INFO] Fetching App Store KR books top_paid
[2026-03-04T12:28:58.052Z] [INFO] Fetching Google Play KR books top_paid
[2026-03-04T12:28:58.158Z] [INFO] Fetching App Store KR books top_grossing
[2026-03-04T12:28:58.582Z] [INFO] Fetching Google Play KR books top_grossing
[2026-03-04T12:28:58.733Z] [INFO] Fetching App Store IT tools top_free
[2026-03-04T12:28:58.795Z] [INFO] Fetching Google Play IT tools top_free
[2026-03-04T12:28:58.921Z] [INFO] Fetching App Store IT tools top_paid
[2026-03-04T12:28:58.949Z] [INFO] Fetching Google Play IT tools top_paid
[2026-03-04T12:28:59.079Z] [INFO] Fetching App Store IT tools top_grossing
[2026-03-04T12:28:59.161Z] [INFO] Fetching Google Play IT tools top_grossing
[2026-03-04T12:28:59.317Z] [INFO] Fetching App Store IT books top_free
[2026-03-04T12:28:59.385Z] [INFO] Fetching Google Play IT books top_free
[2026-03-04T12:28:59.606Z] [INFO] Fetching App Store IT books top_paid
[2026-03-04T12:28:59.908Z] [INFO] Fetching Google Play IT books top_paid
[2026-03-04T12:29:00.090Z] [INFO] Fetching App Store IT books top_grossing
[2026-03-04T12:29:00.108Z] [INFO] Fetching Google Play IT books top_grossing
[2026-03-04T12:29:00.170Z] [INFO] Fetching App Store ES tools top_free
[2026-03-04T12:29:00.245Z] [INFO] Fetching Google Play ES tools top_free
[2026-03-04T12:29:00.404Z] [INFO] Fetching App Store ES tools top_paid
[2026-03-04T12:29:00.408Z] [INFO] Fetching Google Play ES tools top_paid
[2026-03-04T12:29:00.577Z] [INFO] Fetching App Store ES tools top_grossing
[2026-03-04T12:29:00.588Z] [INFO] Fetching Google Play ES tools top_grossing
[2026-03-04T12:29:00.692Z] [INFO] Fetching App Store ES books top_free
[2026-03-04T12:29:01.344Z] [INFO] Fetching Google Play ES books top_free
[2026-03-04T12:29:01.516Z] [INFO] Fetching App Store ES books top_paid
[2026-03-04T12:29:01.560Z] [INFO] Fetching Google Play ES books top_paid
[2026-03-04T12:29:01.696Z] [INFO] Fetching App Store ES books top_grossing
[2026-03-04T12:29:01.704Z] [INFO] Fetching Google Play ES books top_grossing
[2026-03-04T12:29:01.749Z] [INFO] Fetching App Store NL tools top_free
[2026-03-04T12:29:01.865Z] [INFO] Fetching Google Play NL tools top_free
[2026-03-04T12:29:01.991Z] [INFO] Fetching App Store NL tools top_paid
[2026-03-04T12:29:02.044Z] [INFO] Fetching Google Play NL tools top_paid
[2026-03-04T12:29:02.231Z] [INFO] Fetching App Store NL tools top_grossing
[2026-03-04T12:29:02.712Z] [INFO] Fetching Google Play NL tools top_grossing
[2026-03-04T12:29:02.849Z] [INFO] Fetching App Store NL books top_free
[2026-03-04T12:29:02.853Z] [INFO] Fetching Google Play NL books top_free
[2026-03-04T12:29:02.863Z] [INFO] Fetching App Store NL books top_paid
[2026-03-04T12:29:03.083Z] [INFO] Fetching Google Play NL books top_paid
[2026-03-04T12:29:03.182Z] [INFO] Fetching App Store NL books top_grossing
[2026-03-04T12:29:03.247Z] [INFO] Fetching Google Play NL books top_grossing
[2026-03-04T12:29:03.359Z] [INFO] Fetching App Store SE tools top_free
[2026-03-04T12:29:03.374Z] [INFO] Fetching Google Play SE tools top_free
[2026-03-04T12:29:03.588Z] [INFO] Fetching App Store SE tools top_paid
[2026-03-04T12:29:03.793Z] [INFO] Fetching Google Play SE tools top_paid
[2026-03-04T12:29:03.937Z] [INFO] Fetching App Store SE tools top_grossing
[2026-03-04T12:29:03.964Z] [INFO] Fetching Google Play SE tools top_grossing
[2026-03-04T12:29:04.142Z] [INFO] Fetching App Store SE books top_free
[2026-03-04T12:29:04.463Z] [INFO] Fetching Google Play SE books top_free
[2026-03-04T12:29:04.617Z] [INFO] Fetching App Store SE books top_paid
[2026-03-04T12:29:04.705Z] [INFO] Fetching Google Play SE books top_paid
[2026-03-04T12:29:04.713Z] [INFO] Fetching App Store SE books top_grossing
[2026-03-04T12:29:04.864Z] [INFO] Fetching Google Play SE books top_grossing
[2026-03-04T12:29:05.018Z] [INFO] Fetching App Store CH tools top_free
[2026-03-04T12:29:05.219Z] [INFO] Fetching Google Play CH tools top_free
[2026-03-04T12:29:05.370Z] [INFO] Fetching App Store CH tools top_paid
[2026-03-04T12:29:05.487Z] [INFO] Fetching Google Play CH tools top_paid
[2026-03-04T12:29:05.512Z] [INFO] Fetching App Store CH tools top_grossing
[2026-03-04T12:29:05.634Z] [INFO] Fetching Google Play CH tools top_grossing
[2026-03-04T12:29:05.829Z] [INFO] Fetching App Store CH books top_free
[2026-03-04T12:29:05.881Z] [INFO] Fetching Google Play CH books top_free
[2026-03-04T12:29:06.116Z] [INFO] Fetching App Store CH books top_paid
[2026-03-04T12:29:06.545Z] [INFO] Fetching Google Play CH books top_paid
[2026-03-04T12:29:06.625Z] [INFO] Fetching App Store CH books top_grossing
[2026-03-04T12:29:06.635Z] [INFO] Fetching Google Play CH books top_grossing
[2026-03-04T12:29:06.708Z] [INFO] Fetching App Store NO tools top_free
[2026-03-04T12:29:06.848Z] [INFO] Fetching Google Play NO tools top_free
[2026-03-04T12:29:07.013Z] [INFO] Fetching App Store NO tools top_paid
[2026-03-04T12:29:07.183Z] [INFO] Fetching Google Play NO tools top_paid
[2026-03-04T12:29:07.255Z] [INFO] Fetching App Store NO tools top_grossing
[2026-03-04T12:29:07.330Z] [INFO] Fetching Google Play NO tools top_grossing
[2026-03-04T12:29:07.545Z] [INFO] Fetching App Store NO books top_free
[2026-03-04T12:29:07.583Z] [INFO] Fetching Google Play NO books top_free
[2026-03-04T12:29:07.589Z] [INFO] Fetching App Store NO books top_paid
[2026-03-04T12:29:07.773Z] [INFO] Fetching Google Play NO books top_paid
[2026-03-04T12:29:07.940Z] [INFO] Fetching App Store NO books top_grossing
[2026-03-04T12:29:08.172Z] [INFO] Fetching Google Play NO books top_grossing
[2026-03-04T12:29:08.302Z] [INFO] Fetching App Store DK tools top_free
[2026-03-04T12:29:08.347Z] [INFO] Fetching Google Play DK tools top_free
[2026-03-04T12:29:08.444Z] [INFO] Fetching App Store DK tools top_paid
[2026-03-04T12:29:08.499Z] [INFO] Fetching Google Play DK tools top_paid
[2026-03-04T12:29:08.658Z] [INFO] Fetching App Store DK tools top_grossing
[2026-03-04T12:29:08.730Z] [INFO] Fetching Google Play DK tools top_grossing
[2026-03-04T12:29:08.929Z] [INFO] Fetching App Store DK books top_free
[2026-03-04T12:29:09.471Z] [INFO] Fetching Google Play DK books top_free
[2026-03-04T12:29:09.542Z] [INFO] Fetching App Store DK books top_paid
[2026-03-04T12:29:09.604Z] [INFO] Fetching Google Play DK books top_paid
[2026-03-04T12:29:09.673Z] [INFO] Fetching App Store DK books top_grossing
[2026-03-04T12:29:09.702Z] [INFO] Fetching Google Play DK books top_grossing
[2026-03-04T12:29:09.732Z] [INFO] Fetching App Store FI tools top_free
[2026-03-04T12:29:09.953Z] [INFO] Fetching Google Play FI tools top_free
[2026-03-04T12:29:10.118Z] [INFO] Fetching App Store FI tools top_paid
[2026-03-04T12:29:10.215Z] [INFO] Fetching Google Play FI tools top_paid
[2026-03-04T12:29:10.320Z] [INFO] Fetching App Store FI tools top_grossing
[2026-03-04T12:29:10.424Z] [INFO] Fetching Google Play FI tools top_grossing
[2026-03-04T12:29:10.638Z] [INFO] Fetching App Store FI books top_free
[2026-03-04T12:29:10.853Z] [INFO] Fetching Google Play FI books top_free
[2026-03-04T12:29:10.883Z] [INFO] Fetching App Store FI books top_paid
[2026-03-04T12:29:11.045Z] [INFO] Fetching Google Play FI books top_paid
[2026-03-04T12:29:11.182Z] [INFO] Fetching App Store FI books top_grossing
[2026-03-04T12:29:11.189Z] [INFO] Fetching Google Play FI books top_grossing
[2026-03-04T12:29:11.324Z] [INFO] Fetching App Store SG tools top_free
[2026-03-04T12:29:11.634Z] [INFO] Fetching Google Play SG tools top_free
[2026-03-04T12:29:11.721Z] [INFO] Fetching App Store SG tools top_paid
[2026-03-04T12:29:11.765Z] [INFO] Fetching Google Play SG tools top_paid
[2026-03-04T12:29:11.778Z] [INFO] Fetching App Store SG tools top_grossing
[2026-03-04T12:29:11.963Z] [INFO] Fetching Google Play SG tools top_grossing
[2026-03-04T12:29:12.042Z] [INFO] Fetching App Store SG books top_free
[2026-03-04T12:29:12.235Z] [INFO] Fetching Google Play SG books top_free
[2026-03-04T12:29:12.270Z] [INFO] Fetching App Store SG books top_paid
[2026-03-04T12:29:12.413Z] [INFO] Fetching Google Play SG books top_paid
[2026-03-04T12:29:12.587Z] [INFO] Fetching App Store SG books top_grossing
[2026-03-04T12:29:12.897Z] [INFO] Fetching Google Play SG books top_grossing
[2026-03-04T12:29:13.073Z] [INFO] Fetching App Store HK tools top_free
[2026-03-04T12:29:13.080Z] [INFO] Fetching Google Play HK tools top_free
[2026-03-04T12:29:13.210Z] [INFO] Fetching App Store HK tools top_paid
[2026-03-04T12:29:13.271Z] [INFO] Fetching Google Play HK tools top_paid
[2026-03-04T12:29:13.424Z] [INFO] Fetching App Store HK tools top_grossing
[2026-03-04T12:29:13.782Z] [INFO] Fetching Google Play HK tools top_grossing
[2026-03-04T12:29:13.853Z] [INFO] Fetching App Store HK books top_free
[2026-03-04T12:29:13.922Z] [INFO] Fetching Google Play HK books top_free
[2026-03-04T12:29:14.097Z] [INFO] Fetching App Store HK books top_paid
[2026-03-04T12:29:14.386Z] [INFO] Fetching Google Play HK books top_paid
[2026-03-04T12:29:14.431Z] [INFO] Fetching App Store HK books top_grossing
[2026-03-04T12:29:14.480Z] [INFO] Fetching Google Play HK books top_grossing
[2026-03-04T12:29:14.539Z] [INFO] Fetching App Store TW tools top_free
[2026-03-04T12:29:14.694Z] [INFO] Fetching Google Play TW tools top_free
[2026-03-04T12:29:15.105Z] [INFO] Fetching App Store TW tools top_paid
[2026-03-04T12:29:15.251Z] [INFO] Fetching Google Play TW tools top_paid
[2026-03-04T12:29:15.365Z] [INFO] Fetching App Store TW tools top_grossing
[2026-03-04T12:29:15.459Z] [INFO] Fetching Google Play TW tools top_grossing
[2026-03-04T12:29:15.612Z] [INFO] Fetching App Store TW books top_free
[2026-03-04T12:29:15.771Z] [INFO] Fetching Google Play TW books top_free
[2026-03-04T12:29:15.784Z] [INFO] Fetching App Store TW books top_paid
[2026-03-04T12:29:15.935Z] [INFO] Fetching Google Play TW books top_paid
[2026-03-04T12:29:16.088Z] [INFO] Fetching App Store TW books top_grossing
[2026-03-04T12:29:16.171Z] [INFO] Fetching Google Play TW books top_grossing
[2026-03-04T12:29:16.337Z] [INFO] Fetching App Store NZ tools top_free
[2026-03-04T12:29:16.505Z] [INFO] Fetching Google Play NZ tools top_free
[2026-03-04T12:29:16.630Z] [INFO] Fetching App Store NZ tools top_paid
[2026-03-04T12:29:16.859Z] [INFO] Fetching Google Play NZ tools top_paid
[2026-03-04T12:29:16.887Z] [INFO] Fetching App Store NZ tools top_grossing
[2026-03-04T12:29:17.081Z] [INFO] Fetching Google Play NZ tools top_grossing
[2026-03-04T12:29:17.131Z] [INFO] Fetching App Store NZ books top_free
[2026-03-04T12:29:17.269Z] [INFO] Fetching Google Play NZ books top_free
[2026-03-04T12:29:17.416Z] [INFO] Fetching App Store NZ books top_paid
[2026-03-04T12:29:17.609Z] [INFO] Fetching Google Play NZ books top_paid
[2026-03-04T12:29:17.710Z] [INFO] Fetching App Store NZ books top_grossing
[2026-03-04T12:29:17.803Z] [INFO] Fetching Google Play NZ books top_grossing
[2026-03-04T12:29:17.888Z] [INFO] Fetching App Store AT tools top_free
[2026-03-04T12:29:17.950Z] [INFO] Fetching Google Play AT tools top_free
[2026-03-04T12:29:18.072Z] [INFO] Fetching App Store AT tools top_paid
[2026-03-04T12:29:18.095Z] [INFO] Fetching Google Play AT tools top_paid
[2026-03-04T12:29:18.204Z] [INFO] Fetching App Store AT tools top_grossing
[2026-03-04T12:29:18.281Z] [INFO] Fetching Google Play AT tools top_grossing
[2026-03-04T12:29:18.453Z] [INFO] Fetching App Store AT books top_free
[2026-03-04T12:29:18.858Z] [INFO] Fetching Google Play AT books top_free
[2026-03-04T12:29:18.878Z] [INFO] Fetching App Store AT books top_paid
[2026-03-04T12:29:18.987Z] [INFO] Fetching Google Play AT books top_paid
[2026-03-04T12:29:19.089Z] [INFO] Fetching App Store AT books top_grossing
[2026-03-04T12:29:19.111Z] [INFO] Fetching Google Play AT books top_grossing
[2026-03-04T12:29:19.228Z] [INFO] Fetching App Store BE tools top_free
[2026-03-04T12:29:19.338Z] [INFO] Fetching Google Play BE tools top_free
[2026-03-04T12:29:19.340Z] [INFO] Fetching App Store BE tools top_paid
[2026-03-04T12:29:19.510Z] [INFO] Fetching Google Play BE tools top_paid
[2026-03-04T12:29:19.629Z] [INFO] Fetching App Store BE tools top_grossing
[2026-03-04T12:29:20.055Z] [INFO] Fetching Google Play BE tools top_grossing
[2026-03-04T12:29:20.223Z] [INFO] Fetching App Store BE books top_free
[2026-03-04T12:29:20.415Z] [INFO] Fetching Google Play BE books top_free
[2026-03-04T12:29:20.424Z] [INFO] Fetching App Store BE books top_paid
[2026-03-04T12:29:20.427Z] [INFO] Fetching Google Play BE books top_paid
[2026-03-04T12:29:20.537Z] [INFO] Fetching App Store BE books top_grossing
[2026-03-04T12:29:20.574Z] [INFO] Fetching Google Play BE books top_grossing
[2026-03-04T12:29:20.814Z] [INFO] Fetching App Store BR tools top_free
[2026-03-04T12:29:21.034Z] [INFO] Fetching Google Play BR tools top_free
[2026-03-04T12:29:21.243Z] [INFO] Fetching App Store BR tools top_paid
[2026-03-04T12:29:21.267Z] [INFO] Fetching Google Play BR tools top_paid
[2026-03-04T12:29:21.415Z] [INFO] Fetching App Store BR tools top_grossing
[2026-03-04T12:29:21.554Z] [INFO] Fetching Google Play BR tools top_grossing
[2026-03-04T12:29:21.760Z] [INFO] Fetching App Store BR books top_free
[2026-03-04T12:29:21.943Z] [INFO] Fetching Google Play BR books top_free
[2026-03-04T12:29:22.225Z] [INFO] Fetching App Store BR books top_paid
[2026-03-04T12:29:22.253Z] [INFO] Fetching Google Play BR books top_paid
[2026-03-04T12:29:22.408Z] [INFO] Fetching App Store BR books top_grossing
[2026-03-04T12:29:22.498Z] [INFO] Fetching Google Play BR books top_grossing
[2026-03-04T12:29:22.682Z] [INFO] Fetching App Store MX tools top_free
[2026-03-04T12:29:22.748Z] [INFO] Fetching Google Play MX tools top_free
[2026-03-04T12:29:22.818Z] [INFO] Fetching App Store MX tools top_paid
[2026-03-04T12:29:22.909Z] [INFO] Fetching Google Play MX tools top_paid
[2026-03-04T12:29:23.025Z] [INFO] Fetching App Store MX tools top_grossing
[2026-03-04T12:29:23.380Z] [INFO] Fetching Google Play MX tools top_grossing
[2026-03-04T12:29:23.391Z] [INFO] Fetching App Store MX books top_free
[2026-03-04T12:29:23.544Z] [INFO] Fetching Google Play MX books top_free
[2026-03-04T12:29:23.730Z] [INFO] Fetching App Store MX books top_paid
[2026-03-04T12:29:23.740Z] [INFO] Fetching Google Play MX books top_paid
[2026-03-04T12:29:23.758Z] [INFO] Fetching App Store MX books top_grossing
[2026-03-04T12:29:23.859Z] [INFO] Fetching Google Play MX books top_grossing
[2026-03-04T12:29:24.133Z] [INFO] Fetching App Store AR tools top_free
[2026-03-04T12:29:24.416Z] [INFO] Fetching Google Play AR tools top_free
[2026-03-04T12:29:24.571Z] [INFO] Fetching App Store AR tools top_paid
[2026-03-04T12:29:24.655Z] [INFO] Fetching Google Play AR tools top_paid
[2026-03-04T12:29:24.790Z] [INFO] Fetching App Store AR tools top_grossing
[2026-03-04T12:29:24.937Z] [INFO] Fetching Google Play AR tools top_grossing
[2026-03-04T12:29:24.984Z] [INFO] Fetching App Store AR books top_free
[2026-03-04T12:29:25.103Z] [INFO] Fetching Google Play AR books top_free
[2026-03-04T12:29:25.171Z] [INFO] Fetching App Store AR books top_paid
[2026-03-04T12:29:25.282Z] [INFO] Fetching Google Play AR books top_paid
[2026-03-04T12:29:25.444Z] [INFO] Fetching App Store AR books top_grossing
[2026-03-04T12:29:25.670Z] [INFO] Fetching Google Play AR books top_grossing
[2026-03-04T12:29:25.939Z] [INFO] Fetching App Store CL tools top_free
[2026-03-04T12:29:25.943Z] [INFO] Fetching Google Play CL tools top_free
[2026-03-04T12:29:26.106Z] [INFO] Fetching App Store CL tools top_paid
[2026-03-04T12:29:26.347Z] [INFO] Fetching Google Play CL tools top_paid
[2026-03-04T12:29:26.404Z] [INFO] Fetching App Store CL tools top_grossing
[2026-03-04T12:29:26.424Z] [INFO] Fetching Google Play CL tools top_grossing
[2026-03-04T12:29:26.493Z] [INFO] Fetching App Store CL books top_free
[2026-03-04T12:29:26.645Z] [INFO] Fetching Google Play CL books top_free
[2026-03-04T12:29:26.800Z] [INFO] Fetching App Store CL books top_paid
[2026-03-04T12:29:27.076Z] [INFO] Fetching Google Play CL books top_paid
[2026-03-04T12:29:27.196Z] [INFO] Fetching App Store CL books top_grossing
[2026-03-04T12:29:27.290Z] [INFO] Fetching Google Play CL books top_grossing
[2026-03-04T12:29:27.408Z] [INFO] Fetching App Store CO tools top_free
[2026-03-04T12:29:27.760Z] [INFO] Fetching Google Play CO tools top_free
[2026-03-04T12:29:27.815Z] [INFO] Fetching App Store CO tools top_paid
[2026-03-04T12:29:27.952Z] [INFO] Fetching Google Play CO tools top_paid
[2026-03-04T12:29:27.996Z] [INFO] Fetching App Store CO tools top_grossing
[2026-03-04T12:29:28.129Z] [INFO] Fetching Google Play CO tools top_grossing
[2026-03-04T12:29:28.296Z] [INFO] Fetching App Store CO books top_free
[2026-03-04T12:29:28.632Z] [INFO] Fetching Google Play CO books top_free
[2026-03-04T12:29:28.825Z] [INFO] Fetching App Store CO books top_paid
[2026-03-04T12:29:28.899Z] [INFO] Fetching Google Play CO books top_paid
[2026-03-04T12:29:28.937Z] [INFO] Fetching App Store CO books top_grossing
[2026-03-04T12:29:29.024Z] [INFO] Fetching Google Play CO books top_grossing
[2026-03-04T12:29:29.282Z] [INFO] Fetching App Store IN tools top_free
[2026-03-04T12:29:29.372Z] [INFO] Fetching Google Play IN tools top_free
[2026-03-04T12:29:29.429Z] [INFO] Fetching App Store IN tools top_paid
[2026-03-04T12:29:29.488Z] [INFO] Fetching Google Play IN tools top_paid
[2026-03-04T12:29:29.625Z] [INFO] Fetching App Store IN tools top_grossing
[2026-03-04T12:29:29.839Z] [INFO] Fetching Google Play IN tools top_grossing
[2026-03-04T12:29:29.951Z] [INFO] Fetching App Store IN books top_free
[2026-03-04T12:29:29.973Z] [INFO] Fetching Google Play IN books top_free
[2026-03-04T12:29:30.072Z] [INFO] Fetching App Store IN books top_paid
[2026-03-04T12:29:30.092Z] [INFO] Fetching Google Play IN books top_paid
[2026-03-04T12:29:30.301Z] [INFO] Fetching App Store IN books top_grossing
[2026-03-04T12:29:30.503Z] [INFO] Fetching Google Play IN books top_grossing
[2026-03-04T12:29:30.675Z] [INFO] Fetching App Store ID tools top_free
[2026-03-04T12:29:30.680Z] [INFO] Fetching Google Play ID tools top_free
[2026-03-04T12:29:30.768Z] [INFO] Fetching App Store ID tools top_paid
[2026-03-04T12:29:30.888Z] [INFO] Fetching Google Play ID tools top_paid
[2026-03-04T12:29:30.946Z] [INFO] Fetching App Store ID tools top_grossing
[2026-03-04T12:29:31.024Z] [INFO] Fetching Google Play ID tools top_grossing
[2026-03-04T12:29:31.118Z] [INFO] Fetching App Store ID books top_free
[2026-03-04T12:29:31.245Z] [INFO] Fetching Google Play ID books top_free
[2026-03-04T12:29:31.408Z] [INFO] Fetching App Store ID books top_paid
[2026-03-04T12:29:31.731Z] [INFO] Fetching Google Play ID books top_paid
[2026-03-04T12:29:31.862Z] [INFO] Fetching App Store ID books top_grossing
[2026-03-04T12:29:31.946Z] [INFO] Fetching Google Play ID books top_grossing
[2026-03-04T12:29:31.990Z] [INFO] Fetching App Store TH tools top_free
[2026-03-04T12:29:32.073Z] [INFO] Fetching Google Play TH tools top_free
[2026-03-04T12:29:32.177Z] [INFO] Fetching App Store TH tools top_paid
[2026-03-04T12:29:32.207Z] [INFO] Fetching Google Play TH tools top_paid
[2026-03-04T12:29:32.338Z] [INFO] Fetching App Store TH tools top_grossing
[2026-03-04T12:29:32.467Z] [INFO] Fetching Google Play TH tools top_grossing
[2026-03-04T12:29:32.600Z] [INFO] Fetching App Store TH books top_free
[2026-03-04T12:29:32.933Z] [INFO] Fetching Google Play TH books top_free
[2026-03-04T12:29:33.026Z] [INFO] Fetching App Store TH books top_paid
[2026-03-04T12:29:33.031Z] [INFO] Fetching Google Play TH books top_paid
[2026-03-04T12:29:33.126Z] [INFO] Fetching App Store TH books top_grossing
[2026-03-04T12:29:33.128Z] [INFO] Fetching Google Play TH books top_grossing
[2026-03-04T12:29:33.244Z] [INFO] Fetching App Store VN tools top_free
[2026-03-04T12:29:33.721Z] [INFO] Fetching Google Play VN tools top_free
[2026-03-04T12:29:33.731Z] [INFO] Fetching App Store VN tools top_paid
[2026-03-04T12:29:33.882Z] [INFO] Fetching Google Play VN tools top_paid
[2026-03-04T12:29:34.049Z] [INFO] Fetching App Store VN tools top_grossing
[2026-03-04T12:29:34.190Z] [INFO] Fetching Google Play VN tools top_grossing
[2026-03-04T12:29:34.279Z] [INFO] Fetching App Store VN books top_free
[2026-03-04T12:29:34.436Z] [INFO] Fetching Google Play VN books top_free
[2026-03-04T12:29:34.535Z] [INFO] Fetching App Store VN books top_paid
[2026-03-04T12:29:34.560Z] [INFO] Fetching Google Play VN books top_paid
[2026-03-04T12:29:34.730Z] [INFO] Fetching App Store VN books top_grossing
[2026-03-04T12:29:35.023Z] [INFO] Fetching Google Play VN books top_grossing
[2026-03-04T12:29:35.072Z] [INFO] Fetching App Store PH tools top_free
[2026-03-04T12:29:35.122Z] [INFO] Fetching Google Play PH tools top_free
[2026-03-04T12:29:35.236Z] [INFO] Fetching App Store PH tools top_paid
[2026-03-04T12:29:35.399Z] [INFO] Fetching Google Play PH tools top_paid
[2026-03-04T12:29:35.516Z] [INFO] Fetching App Store PH tools top_grossing
[2026-03-04T12:29:35.695Z] [INFO] Fetching Google Play PH tools top_grossing
[2026-03-04T12:29:35.783Z] [INFO] Fetching App Store PH books top_free
[2026-03-04T12:29:36.096Z] [INFO] Fetching Google Play PH books top_free
[2026-03-04T12:29:36.156Z] [INFO] Fetching App Store PH books top_paid
[2026-03-04T12:29:36.210Z] [INFO] Fetching Google Play PH books top_paid
[2026-03-04T12:29:36.345Z] [INFO] Fetching App Store PH books top_grossing
[2026-03-04T12:29:36.486Z] [INFO] Fetching Google Play PH books top_grossing
[2026-03-04T12:29:36.571Z] [INFO] Fetching App Store MY tools top_free
[2026-03-04T12:29:36.780Z] [INFO] Fetching Google Play MY tools top_free
[2026-03-04T12:29:36.888Z] [INFO] Fetching App Store MY tools top_paid
[2026-03-04T12:29:37.056Z] [INFO] Fetching Google Play MY tools top_paid
[2026-03-04T12:29:37.198Z] [INFO] Fetching App Store MY tools top_grossing
[2026-03-04T12:29:37.365Z] [INFO] Fetching Google Play MY tools top_grossing
[2026-03-04T12:29:37.497Z] [INFO] Fetching App Store MY books top_free
[2026-03-04T12:29:37.519Z] [INFO] Fetching Google Play MY books top_free
[2026-03-04T12:29:37.527Z] [INFO] Fetching App Store MY books top_paid
[2026-03-04T12:29:37.658Z] [INFO] Fetching Google Play MY books top_paid
[2026-03-04T12:29:37.827Z] [INFO] Fetching App Store MY books top_grossing
[2026-03-04T12:29:38.090Z] [INFO] Fetching Google Play MY books top_grossing
[2026-03-04T12:29:38.228Z] [INFO] Fetching App Store SA tools top_free
[2026-03-04T12:29:38.261Z] [INFO] Fetching Google Play SA tools top_free
[2026-03-04T12:29:38.451Z] [INFO] Fetching App Store SA tools top_paid
[2026-03-04T12:29:38.457Z] [INFO] Fetching Google Play SA tools top_paid
[2026-03-04T12:29:38.505Z] [INFO] Fetching App Store SA tools top_grossing
[2026-03-04T12:29:38.561Z] [INFO] Fetching Google Play SA tools top_grossing
[2026-03-04T12:29:38.655Z] [INFO] Fetching App Store SA books top_free
[2026-03-04T12:29:38.779Z] [INFO] Fetching Google Play SA books top_free
[2026-03-04T12:29:38.912Z] [INFO] Fetching App Store SA books top_paid
[2026-03-04T12:29:39.221Z] [INFO] Fetching Google Play SA books top_paid
[2026-03-04T12:29:39.335Z] [INFO] Fetching App Store SA books top_grossing
[2026-03-04T12:29:39.409Z] [INFO] Fetching Google Play SA books top_grossing
[2026-03-04T12:29:39.574Z] [INFO] Fetching App Store AE tools top_free
[2026-03-04T12:29:39.752Z] [INFO] Fetching Google Play AE tools top_free
[2026-03-04T12:29:39.836Z] [INFO] Fetching App Store AE tools top_paid
[2026-03-04T12:29:39.874Z] [INFO] Fetching Google Play AE tools top_paid
[2026-03-04T12:29:39.931Z] [INFO] Fetching App Store AE tools top_grossing
[2026-03-04T12:29:40.040Z] [INFO] Fetching Google Play AE tools top_grossing
[2026-03-04T12:29:40.044Z] [INFO] Fetching App Store AE books top_free
[2026-03-04T12:29:40.147Z] [INFO] Fetching Google Play AE books top_free
[2026-03-04T12:29:40.274Z] [INFO] Fetching App Store AE books top_paid
[2026-03-04T12:29:40.713Z] [INFO] Fetching Google Play AE books top_paid
[2026-03-04T12:29:40.907Z] [INFO] Fetching App Store AE books top_grossing
[2026-03-04T12:29:40.994Z] [INFO] Fetching Google Play AE books top_grossing
[2026-03-04T12:29:41.116Z] [INFO] Fetching App Store TR tools top_free
[2026-03-04T12:29:41.149Z] [INFO] Fetching Google Play TR tools top_free
[2026-03-04T12:29:41.230Z] [INFO] Fetching App Store TR tools top_paid
[2026-03-04T12:29:41.307Z] [INFO] Fetching Google Play TR tools top_paid
[2026-03-04T12:29:41.416Z] [INFO] Fetching App Store TR tools top_grossing
[2026-03-04T12:29:41.554Z] [INFO] Fetching Google Play TR tools top_grossing
[2026-03-04T12:29:41.761Z] [INFO] Fetching App Store TR books top_free
[2026-03-04T12:29:41.807Z] [INFO] Fetching Google Play TR books top_free
[2026-03-04T12:29:42.036Z] [INFO] Fetching App Store TR books top_paid
[2026-03-04T12:29:42.096Z] [INFO] Fetching Google Play TR books top_paid
[2026-03-04T12:29:42.258Z] [INFO] Fetching App Store TR books top_grossing
[2026-03-04T12:29:42.435Z] [INFO] Fetching Google Play TR books top_grossing
[2026-03-04T12:29:42.628Z] [INFO] Fetching App Store PL tools top_free
[2026-03-04T12:29:42.649Z] [INFO] Fetching Google Play PL tools top_free
[2026-03-04T12:29:42.698Z] [INFO] Fetching App Store PL tools top_paid
[2026-03-04T12:29:42.881Z] [INFO] Fetching Google Play PL tools top_paid
[2026-03-04T12:29:42.887Z] [INFO] Fetching App Store PL tools top_grossing
[2026-03-04T12:29:42.996Z] [INFO] Fetching Google Play PL tools top_grossing
[2026-03-04T12:29:43.078Z] [INFO] Fetching App Store PL books top_free
[2026-03-04T12:29:43.225Z] [INFO] Fetching Google Play PL books top_free
[2026-03-04T12:29:43.382Z] [INFO] Fetching App Store PL books top_paid
[2026-03-04T12:29:43.408Z] [INFO] Fetching Google Play PL books top_paid
[2026-03-04T12:29:43.577Z] [INFO] Fetching App Store PL books top_grossing
[2026-03-04T12:29:43.811Z] [INFO] Fetching Google Play PL books top_grossing
[2026-03-04T12:29:44.060Z] [INFO] Fetching App Store RU tools top_free
[2026-03-04T12:29:44.229Z] [INFO] Fetching Google Play RU tools top_free
[2026-03-04T12:29:44.241Z] [INFO] Fetching App Store RU tools top_paid
[2026-03-04T12:29:44.445Z] [INFO] Fetching Google Play RU tools top_paid
[2026-03-04T12:29:44.494Z] [ERROR] Google Play RU tools top_paid failed: Cannot read properties of undefined (reading 'fantasy-land/map')
[2026-03-04T12:29:44.494Z] [INFO] Fetching App Store RU tools top_grossing
[2026-03-04T12:29:44.526Z] [INFO] Fetching Google Play RU tools top_grossing
[2026-03-04T12:29:44.677Z] [INFO] Fetching App Store RU books top_free
[2026-03-04T12:29:44.940Z] [INFO] Fetching Google Play RU books top_free
[2026-03-04T12:29:45.133Z] [INFO] Fetching App Store RU books top_paid
[2026-03-04T12:29:45.191Z] [INFO] Fetching Google Play RU books top_paid
[2026-03-04T12:29:45.251Z] [ERROR] Google Play RU books top_paid failed: Cannot read properties of undefined (reading 'fantasy-land/map')
[2026-03-04T12:29:45.251Z] [INFO] Fetching App Store RU books top_grossing
[2026-03-04T12:29:45.342Z] [INFO] Fetching Google Play RU books top_grossing
[2026-03-04T12:29:45.444Z] [INFO] Fetching App Store ZA tools top_free
[2026-03-04T12:29:45.769Z] [INFO] Fetching Google Play ZA tools top_free
[2026-03-04T12:29:45.900Z] [INFO] Fetching App Store ZA tools top_paid
[2026-03-04T12:29:45.978Z] [INFO] Fetching Google Play ZA tools top_paid
[2026-03-04T12:29:46.140Z] [INFO] Fetching App Store ZA tools top_grossing
[2026-03-04T12:29:46.264Z] [INFO] Fetching Google Play ZA tools top_grossing
[2026-03-04T12:29:46.301Z] [INFO] Fetching App Store ZA books top_free
[2026-03-04T12:29:46.411Z] [INFO] Fetching Google Play ZA books top_free
[2026-03-04T12:29:46.497Z] [INFO] Fetching App Store ZA books top_paid
[2026-03-04T12:29:46.637Z] [INFO] Fetching Google Play ZA books top_paid
[2026-03-04T12:29:46.851Z] [INFO] Fetching App Store ZA books top_grossing
[2026-03-04T12:29:47.262Z] [INFO] Fetching Google Play ZA books top_grossing
[2026-03-04T12:29:47.377Z] [INFO] Fetching App Store EG tools top_free
[2026-03-04T12:29:47.393Z] [INFO] Fetching Google Play EG tools top_free
[2026-03-04T12:29:47.485Z] [INFO] Fetching App Store EG tools top_paid
[2026-03-04T12:29:47.583Z] [INFO] Fetching Google Play EG tools top_paid
[2026-03-04T12:29:47.692Z] [INFO] Fetching App Store EG tools top_grossing
[2026-03-04T12:29:47.703Z] [INFO] Fetching Google Play EG tools top_grossing
[2026-03-04T12:29:47.849Z] [INFO] Fetching App Store EG books top_free
[2026-03-04T12:29:47.968Z] [INFO] Fetching Google Play EG books top_free
[2026-03-04T12:29:48.180Z] [INFO] Fetching App Store EG books top_paid
[2026-03-04T12:29:48.787Z] [INFO] Fetching Google Play EG books top_paid
[2026-03-04T12:29:48.827Z] [INFO] Fetching App Store EG books top_grossing
[2026-03-04T12:29:48.833Z] [INFO] Fetching Google Play EG books top_grossing
[2026-03-04T12:29:49.986Z] [INFO] Fetched total 9546 records
[2026-03-04T12:29:50.058Z] [INFO] Saved 9546 raw records to /root/.openclaw/workspace/app_rank_scraper/data/rankings_raw.jsonl
[2026-03-04T12:29:50.198Z] [INFO] Saved summary to /root/.openclaw/workspace/app_rank_scraper/data/rankings_summary.csv
[2026-03-04T12:29:50.444Z] [INFO] Saved 10590 changes to /root/.openclaw/workspace/app_rank_scraper/data/rank_changes_20260304_122846.csv
[2026-03-04T12:29:50.464Z] [INFO] Generated report at /root/.openclaw/workspace/app_rank_scraper/report_20260304_122846.md
[2026-03-04T12:29:50.464Z] [INFO] Crawl completed successfully!
