[2026-03-04T22:24:10.370Z] [INFO] Starting crawl at 20260304_222410 UTC
[2026-03-04T22:24:10.374Z] [INFO] Loaded 40 countries
[2026-03-04T22:24:10.387Z] [INFO] Fetching App Store US tools top_free
[2026-03-04T22:24:10.391Z] [INFO] Fetching Google Play US tools top_free
[2026-03-04T22:24:10.396Z] [INFO] Fetching App Store US tools top_paid
[2026-03-04T22:24:10.397Z] [INFO] Fetching Google Play US tools top_paid
[2026-03-04T22:24:10.398Z] [INFO] Fetching App Store US tools top_grossing
[2026-03-04T22:24:12.056Z] [INFO] Fetching Google Play US tools top_grossing
[2026-03-04T22:24:12.164Z] [INFO] Fetching App Store US books top_free
[2026-03-04T22:24:12.577Z] [INFO] Fetching Google Play US books top_free
[2026-03-04T22:24:12.654Z] [INFO] Fetching App Store US books top_paid
[2026-03-04T22:24:12.694Z] [INFO] Fetching Google Play US books top_paid
[2026-03-04T22:24:13.068Z] [INFO] Fetching App Store US books top_grossing
[2026-03-04T22:24:13.464Z] [INFO] Fetching Google Play US books top_grossing
[2026-03-04T22:24:13.684Z] [INFO] Fetching App Store GB tools top_free
[2026-03-04T22:24:14.042Z] [INFO] Fetching Google Play GB tools top_free
[2026-03-04T22:24:14.183Z] [INFO] Fetching App Store GB tools top_paid
[2026-03-04T22:24:14.518Z] [INFO] Fetching Google Play GB tools top_paid
[2026-03-04T22:24:14.665Z] [INFO] Fetching App Store GB tools top_grossing
[2026-03-04T22:24:15.124Z] [INFO] Fetching Google Play GB tools top_grossing
[2026-03-04T22:24:15.138Z] [INFO] Fetching App Store GB books top_free
[2026-03-04T22:24:15.682Z] [INFO] Fetching Google Play GB books top_free
[2026-03-04T22:24:15.837Z] [INFO] Fetching App Store GB books top_paid
[2026-03-04T22:24:15.998Z] [INFO] Fetching Google Play GB books top_paid
[2026-03-04T22:24:16.618Z] [INFO] Fetching App Store GB books top_grossing
[2026-03-04T22:24:16.714Z] [INFO] Fetching Google Play GB books top_grossing
[2026-03-04T22:24:16.760Z] [INFO] Fetching App Store DE tools top_free
[2026-03-04T22:24:16.920Z] [INFO] Fetching Google Play DE tools top_free
[2026-03-04T22:24:17.009Z] [INFO] Fetching App Store DE tools top_paid
[2026-03-04T22:24:17.238Z] [INFO] Fetching Google Play DE tools top_paid
[2026-03-04T22:24:17.773Z] [INFO] Fetching App Store DE tools top_grossing
[2026-03-04T22:24:18.510Z] [INFO] Fetching Google Play DE tools top_grossing
[2026-03-04T22:24:18.616Z] [INFO] Fetching App Store DE books top_free
[2026-03-04T22:24:18.795Z] [INFO] Fetching Google Play DE books top_free
[2026-03-04T22:24:18.910Z] [INFO] Fetching App Store DE books top_paid
[2026-03-04T22:24:19.713Z] [INFO] Fetching Google Play DE books top_paid
[2026-03-04T22:24:19.801Z] [INFO] Fetching App Store DE books top_grossing
[2026-03-04T22:24:19.947Z] [INFO] Fetching Google Play DE books top_grossing
[2026-03-04T22:24:20.057Z] [INFO] Fetching App Store FR tools top_free
[2026-03-04T22:24:20.376Z] [INFO] Fetching Google Play FR tools top_free
[2026-03-04T22:24:20.485Z] [INFO] Fetching App Store FR tools top_paid
[2026-03-04T22:24:20.958Z] [INFO] Fetching Google Play FR tools top_paid
[2026-03-04T22:24:21.678Z] [INFO] Fetching App Store FR tools top_grossing
[2026-03-04T22:24:21.704Z] [INFO] Fetching Google Play FR tools top_grossing
[2026-03-04T22:24:21.709Z] [INFO] Fetching App Store FR books top_free
[2026-03-04T22:24:21.872Z] [INFO] Fetching Google Play FR books top_free
[2026-03-04T22:24:22.442Z] [INFO] Fetching App Store FR books top_paid
[2026-03-04T22:24:22.837Z] [INFO] Fetching Google Play FR books top_paid
[2026-03-04T22:24:23.067Z] [INFO] Fetching App Store FR books top_grossing
[2026-03-04T22:24:23.320Z] [INFO] Fetching Google Play FR books top_grossing
[2026-03-04T22:24:23.374Z] [INFO] Fetching App Store CA tools top_free
[2026-03-04T22:24:23.426Z] [INFO] Fetching Google Play CA tools top_free
[2026-03-04T22:24:23.703Z] [INFO] Fetching App Store CA tools top_paid
[2026-03-04T22:24:24.267Z] [INFO] Fetching Google Play CA tools top_paid
[2026-03-04T22:24:24.558Z] [INFO] Fetching App Store CA tools top_grossing
[2026-03-04T22:24:24.618Z] [INFO] Fetching Google Play CA tools top_grossing
[2026-03-04T22:24:24.988Z] [INFO] Fetching App Store CA books top_free
[2026-03-04T22:24:25.258Z] [INFO] Fetching Google Play CA books top_free
[2026-03-04T22:24:25.347Z] [INFO] Fetching App Store CA books top_paid
[2026-03-04T22:24:25.561Z] [INFO] Fetching Google Play CA books top_paid
[2026-03-04T22:24:25.889Z] [INFO] Fetching App Store CA books top_grossing
[2026-03-04T22:24:26.212Z] [INFO] Fetching Google Play CA books top_grossing
[2026-03-04T22:24:26.319Z] [INFO] Fetching App Store AU tools top_free
[2026-03-04T22:24:26.462Z] [INFO] Fetching Google Play AU tools top_free
[2026-03-04T22:24:26.852Z] [INFO] Fetching App Store AU tools top_paid
[2026-03-04T22:24:26.957Z] [INFO] Fetching Google Play AU tools top_paid
[2026-03-04T22:24:27.124Z] [INFO] Fetching App Store AU tools top_grossing
[2026-03-04T22:24:27.544Z] [INFO] Fetching Google Play AU tools top_grossing
[2026-03-04T22:24:27.568Z] [INFO] Fetching App Store AU books top_free
[2026-03-04T22:24:28.048Z] [INFO] Fetching Google Play AU books top_free
[2026-03-04T22:24:28.527Z] [INFO] Fetching App Store AU books top_paid
[2026-03-04T22:24:28.559Z] [INFO] Fetching Google Play AU books top_paid
[2026-03-04T22:24:28.569Z] [INFO] Fetching App Store AU books top_grossing
[2026-03-04T22:24:28.880Z] [INFO] Fetching Google Play AU books top_grossing
[2026-03-04T22:24:29.094Z] [INFO] Fetching App Store JP tools top_free
[2026-03-04T22:24:29.110Z] [INFO] Fetching Google Play JP tools top_free
[2026-03-04T22:24:29.616Z] [INFO] Fetching App Store JP tools top_paid
[2026-03-04T22:24:29.889Z] [INFO] Fetching Google Play JP tools top_paid
[2026-03-04T22:24:29.923Z] [INFO] Fetching App Store JP tools top_grossing
[2026-03-04T22:24:30.430Z] [INFO] Fetching Google Play JP tools top_grossing
[2026-03-04T22:24:30.440Z] [INFO] Fetching App Store JP books top_free
[2026-03-04T22:24:30.905Z] [INFO] Fetching Google Play JP books top_free
[2026-03-04T22:24:31.156Z] [INFO] Fetching App Store JP books top_paid
[2026-03-04T22:24:31.417Z] [INFO] Fetching Google Play JP books top_paid
[2026-03-04T22:24:31.525Z] [INFO] Fetching App Store JP books top_grossing
[2026-03-04T22:24:31.954Z] [INFO] Fetching Google Play JP books top_grossing
[2026-03-04T22:24:31.959Z] [INFO] Fetching App Store KR tools top_free
[2026-03-04T22:24:32.210Z] [INFO] Fetching Google Play KR tools top_free
[2026-03-04T22:24:32.507Z] [INFO] Fetching App Store KR tools top_paid
[2026-03-04T22:24:32.867Z] [INFO] Fetching Google Play KR tools top_paid
[2026-03-04T22:24:33.066Z] [INFO] Fetching App Store KR tools top_grossing
[2026-03-04T22:24:33.220Z] [INFO] Fetching Google Play KR tools top_grossing
[2026-03-04T22:24:33.393Z] [INFO] Fetching App Store KR books top_free
[2026-03-04T22:24:33.636Z] [INFO] Fetching Google Play KR books top_free
[2026-03-04T22:24:33.916Z] [INFO] Fetching App Store KR books top_paid
[2026-03-04T22:24:34.192Z] [INFO] Fetching Google Play KR books top_paid
[2026-03-04T22:24:34.246Z] [INFO] Fetching App Store KR books top_grossing
[2026-03-04T22:24:34.732Z] [INFO] Fetching Google Play KR books top_grossing
[2026-03-04T22:24:34.841Z] [INFO] Fetching App Store IT tools top_free
[2026-03-04T22:24:35.252Z] [INFO] Fetching Google Play IT tools top_free
[2026-03-04T22:24:35.557Z] [INFO] Fetching App Store IT tools top_paid
[2026-03-04T22:24:35.637Z] [INFO] Fetching Google Play IT tools top_paid
[2026-03-04T22:24:36.210Z] [INFO] Fetching App Store IT tools top_grossing
[2026-03-04T22:24:36.282Z] [INFO] Fetching Google Play IT tools top_grossing
[2026-03-04T22:24:36.291Z] [INFO] Fetching App Store IT books top_free
[2026-03-04T22:24:36.841Z] [INFO] Fetching Google Play IT books top_free
[2026-03-04T22:24:37.451Z] [INFO] Fetching App Store IT books top_paid
[2026-03-04T22:24:37.487Z] [INFO] Fetching Google Play IT books top_paid
[2026-03-04T22:24:38.000Z] [INFO] Fetching App Store IT books top_grossing
[2026-03-04T22:24:38.106Z] [INFO] Fetching Google Play IT books top_grossing
[2026-03-04T22:24:38.278Z] [INFO] Fetching App Store ES tools top_free
[2026-03-04T22:24:38.305Z] [INFO] Fetching Google Play ES tools top_free
[2026-03-04T22:24:38.341Z] [INFO] Fetching App Store ES tools top_paid
[2026-03-04T22:24:39.308Z] [INFO] Fetching Google Play ES tools top_paid
[2026-03-04T22:24:39.719Z] [INFO] Fetching App Store ES tools top_grossing
[2026-03-04T22:24:39.857Z] [INFO] Fetching Google Play ES tools top_grossing
[2026-03-04T22:24:39.871Z] [INFO] Fetching App Store ES books top_free
[2026-03-04T22:24:40.260Z] [INFO] Fetching Google Play ES books top_free
[2026-03-04T22:24:40.436Z] [INFO] Fetching App Store ES books top_paid
[2026-03-04T22:24:40.574Z] [INFO] Fetching Google Play ES books top_paid
[2026-03-04T22:24:41.462Z] [INFO] Fetching App Store ES books top_grossing
[2026-03-04T22:24:41.563Z] [INFO] Fetching Google Play ES books top_grossing
[2026-03-04T22:24:41.738Z] [INFO] Fetching App Store NL tools top_free
[2026-03-04T22:24:41.774Z] [INFO] Fetching Google Play NL tools top_free
[2026-03-04T22:24:41.876Z] [INFO] Fetching App Store NL tools top_paid
[2026-03-04T22:24:42.774Z] [INFO] Fetching Google Play NL tools top_paid
[2026-03-04T22:24:43.099Z] [INFO] Fetching App Store NL tools top_grossing
[2026-03-04T22:24:43.314Z] [INFO] Fetching Google Play NL tools top_grossing
[2026-03-04T22:24:43.325Z] [INFO] Fetching App Store NL books top_free
[2026-03-04T22:24:43.370Z] [INFO] Fetching Google Play NL books top_free
[2026-03-04T22:24:44.103Z] [INFO] Fetching App Store NL books top_paid
[2026-03-04T22:24:44.165Z] [INFO] Fetching Google Play NL books top_paid
[2026-03-04T22:24:44.308Z] [INFO] Fetching App Store NL books top_grossing
[2026-03-04T22:24:44.754Z] [INFO] Fetching Google Play NL books top_grossing
[2026-03-04T22:24:44.970Z] [INFO] Fetching App Store SE tools top_free
[2026-03-04T22:24:45.177Z] [INFO] Fetching Google Play SE tools top_free
[2026-03-04T22:24:45.406Z] [INFO] Fetching App Store SE tools top_paid
[2026-03-04T22:24:45.949Z] [INFO] Fetching Google Play SE tools top_paid
[2026-03-04T22:24:46.476Z] [INFO] Fetching App Store SE tools top_grossing
[2026-03-04T22:24:46.486Z] [INFO] Fetching Google Play SE tools top_grossing
[2026-03-04T22:24:47.087Z] [INFO] Fetching App Store SE books top_free
[2026-03-04T22:24:47.136Z] [INFO] Fetching Google Play SE books top_free
[2026-03-04T22:24:47.376Z] [INFO] Fetching App Store SE books top_paid
[2026-03-04T22:24:47.705Z] [INFO] Fetching Google Play SE books top_paid
[2026-03-04T22:24:48.205Z] [INFO] Fetching App Store SE books top_grossing
[2026-03-04T22:24:48.341Z] [INFO] Fetching Google Play SE books top_grossing
[2026-03-04T22:24:48.775Z] [INFO] Fetching App Store CH tools top_free
[2026-03-04T22:24:48.892Z] [INFO] Fetching Google Play CH tools top_free
[2026-03-04T22:24:49.491Z] [INFO] Fetching App Store CH tools top_paid
[2026-03-04T22:24:50.118Z] [INFO] Fetching Google Play CH tools top_paid
[2026-03-04T22:24:50.353Z] [INFO] Fetching App Store CH tools top_grossing
[2026-03-04T22:24:51.094Z] [INFO] Fetching Google Play CH tools top_grossing
[2026-03-04T22:24:51.447Z] [INFO] Fetching App Store CH books top_free
[2026-03-04T22:24:51.509Z] [INFO] Fetching Google Play CH books top_free
[2026-03-04T22:24:52.627Z] [INFO] Fetching App Store CH books top_paid
[2026-03-04T22:24:53.076Z] [INFO] Fetching Google Play CH books top_paid
[2026-03-04T22:24:53.310Z] [INFO] Fetching App Store CH books top_grossing
[2026-03-04T22:24:53.978Z] [INFO] Fetching Google Play CH books top_grossing
[2026-03-04T22:24:55.071Z] [INFO] Fetching App Store NO tools top_free
[2026-03-04T22:24:55.888Z] [INFO] Fetching Google Play NO tools top_free
[2026-03-04T22:24:55.979Z] [INFO] Fetching App Store NO tools top_paid
[2026-03-04T22:24:56.225Z] [INFO] Fetching Google Play NO tools top_paid
[2026-03-04T22:24:58.062Z] [INFO] Fetching App Store NO tools top_grossing
[2026-03-04T22:24:58.155Z] [INFO] Fetching Google Play NO tools top_grossing
[2026-03-04T22:24:58.604Z] [INFO] Fetching App Store NO books top_free
[2026-03-04T22:24:59.156Z] [INFO] Fetching Google Play NO books top_free
[2026-03-04T22:24:59.700Z] [INFO] Fetching App Store NO books top_paid
[2026-03-04T22:25:00.243Z] [INFO] Fetching Google Play NO books top_paid
[2026-03-04T22:25:00.821Z] [INFO] Fetching App Store NO books top_grossing
[2026-03-04T22:25:01.224Z] [INFO] Fetching Google Play NO books top_grossing
[2026-03-04T22:25:02.477Z] [INFO] Fetching App Store DK tools top_free
[2026-03-04T22:25:03.001Z] [INFO] Fetching Google Play DK tools top_free
[2026-03-04T22:25:04.314Z] [INFO] Fetching App Store DK tools top_paid
[2026-03-04T22:25:04.546Z] [INFO] Fetching Google Play DK tools top_paid
[2026-03-04T22:25:05.998Z] [INFO] Fetching App Store DK tools top_grossing
[2026-03-04T22:25:06.033Z] [INFO] Fetching Google Play DK tools top_grossing
[2026-03-04T22:25:06.365Z] [INFO] Fetching App Store DK books top_free
[2026-03-04T22:25:07.969Z] [INFO] Fetching Google Play DK books top_free
[2026-03-04T22:25:08.123Z] [INFO] Fetching App Store DK books top_paid
[2026-03-04T22:25:08.503Z] [INFO] Fetching Google Play DK books top_paid
[2026-03-04T22:25:08.774Z] [INFO] Fetching App Store DK books top_grossing
[2026-03-04T22:25:10.397Z] [INFO] Fetching Google Play DK books top_grossing
[2026-03-04T22:25:10.817Z] [INFO] Fetching App Store FI tools top_free
[2026-03-04T22:25:11.484Z] [INFO] Fetching Google Play FI tools top_free
[2026-03-04T22:25:12.009Z] [INFO] Fetching App Store FI tools top_paid
[2026-03-04T22:25:12.349Z] [INFO] Fetching Google Play FI tools top_paid
[2026-03-04T22:25:12.895Z] [INFO] Fetching App Store FI tools top_grossing
[2026-03-04T22:25:14.186Z] [INFO] Fetching Google Play FI tools top_grossing
[2026-03-04T22:25:14.566Z] [INFO] Fetching App Store FI books top_free
[2026-03-04T22:25:15.090Z] [INFO] Fetching Google Play FI books top_free
[2026-03-04T22:25:16.309Z] [INFO] Fetching App Store FI books top_paid
[2026-03-04T22:25:16.314Z] [INFO] Fetching Google Play FI books top_paid
[2026-03-04T22:25:17.444Z] [INFO] Fetching App Store FI books top_grossing
[2026-03-04T22:25:17.987Z] [INFO] Fetching Google Play FI books top_grossing
[2026-03-04T22:25:19.013Z] [INFO] Fetching App Store SG tools top_free
[2026-03-04T22:25:19.511Z] [INFO] Fetching Google Play SG tools top_free
[2026-03-04T22:25:21.104Z] [INFO] Fetching App Store SG tools top_paid
[2026-03-04T22:25:21.819Z] [INFO] Fetching Google Play SG tools top_paid
[2026-03-04T22:25:22.153Z] [INFO] Fetching App Store SG tools top_grossing
[2026-03-04T22:25:22.790Z] [INFO] Fetching Google Play SG tools top_grossing
[2026-03-04T22:25:24.273Z] [INFO] Fetching App Store SG books top_free
[2026-03-04T22:25:24.298Z] [INFO] Fetching Google Play SG books top_free
[2026-03-04T22:25:24.579Z] [INFO] Fetching App Store SG books top_paid
[2026-03-04T22:25:25.790Z] [INFO] Fetching Google Play SG books top_paid
[2026-03-04T22:25:25.881Z] [INFO] Fetching App Store SG books top_grossing
[2026-03-04T22:25:26.137Z] [INFO] Fetching Google Play SG books top_grossing
[2026-03-04T22:25:26.920Z] [INFO] Fetching App Store HK tools top_free
[2026-03-04T22:25:28.044Z] [INFO] Fetching Google Play HK tools top_free
[2026-03-04T22:25:28.605Z] [INFO] Fetching App Store HK tools top_paid
[2026-03-04T22:25:29.004Z] [INFO] Fetching Google Play HK tools top_paid
[2026-03-04T22:25:30.611Z] [INFO] Fetching App Store HK tools top_grossing
[2026-03-04T22:25:30.905Z] [INFO] Fetching Google Play HK tools top_grossing
[2026-03-04T22:25:31.381Z] [INFO] Fetching App Store HK books top_free
[2026-03-04T22:25:32.411Z] [INFO] Fetching Google Play HK books top_free
[2026-03-04T22:25:32.931Z] [INFO] Fetching App Store HK books top_paid
[2026-03-04T22:25:33.006Z] [INFO] Fetching Google Play HK books top_paid
[2026-03-04T22:25:33.536Z] [INFO] Fetching App Store HK books top_grossing
[2026-03-04T22:25:34.032Z] [INFO] Fetching Google Play HK books top_grossing
[2026-03-04T22:25:34.111Z] [INFO] Fetching App Store TW tools top_free
[2026-03-04T22:25:35.303Z] [INFO] Fetching Google Play TW tools top_free
[2026-03-04T22:25:36.457Z] [INFO] Fetching App Store TW tools top_paid
[2026-03-04T22:25:37.281Z] [INFO] Fetching Google Play TW tools top_paid
[2026-03-04T22:25:38.239Z] [INFO] Fetching App Store TW tools top_grossing
[2026-03-04T22:25:38.244Z] [INFO] Fetching Google Play TW tools top_grossing
[2026-03-04T22:25:38.282Z] [INFO] Fetching App Store TW books top_free
[2026-03-04T22:25:38.820Z] [INFO] Fetching Google Play TW books top_free
[2026-03-04T22:25:40.257Z] [INFO] Fetching App Store TW books top_paid
[2026-03-04T22:25:40.304Z] [INFO] Fetching Google Play TW books top_paid
[2026-03-04T22:25:40.383Z] [INFO] Fetching App Store TW books top_grossing
[2026-03-04T22:25:41.480Z] [INFO] Fetching Google Play TW books top_grossing
[2026-03-04T22:25:42.017Z] [INFO] Fetching App Store NZ tools top_free
[2026-03-04T22:25:42.086Z] [INFO] Fetching Google Play NZ tools top_free
[2026-03-04T22:25:42.654Z] [INFO] Fetching App Store NZ tools top_paid
[2026-03-04T22:25:43.836Z] [INFO] Fetching Google Play NZ tools top_paid
[2026-03-04T22:25:43.887Z] [INFO] Fetching App Store NZ tools top_grossing
[2026-03-04T22:25:44.767Z] [INFO] Fetching Google Play NZ tools top_grossing
[2026-03-04T22:25:46.287Z] [INFO] Fetching App Store NZ books top_free
[2026-03-04T22:25:46.340Z] [INFO] Fetching Google Play NZ books top_free
[2026-03-04T22:25:46.628Z] [INFO] Fetching App Store NZ books top_paid
[2026-03-04T22:25:47.889Z] [INFO] Fetching Google Play NZ books top_paid
[2026-03-04T22:25:47.921Z] [INFO] Fetching App Store NZ books top_grossing
[2026-03-04T22:25:48.939Z] [INFO] Fetching Google Play NZ books top_grossing
[2026-03-04T22:25:49.577Z] [INFO] Fetching App Store AT tools top_free
[2026-03-04T22:25:50.738Z] [INFO] Fetching Google Play AT tools top_free
[2026-03-04T22:25:51.050Z] [INFO] Fetching App Store AT tools top_paid
[2026-03-04T22:25:51.534Z] [INFO] Fetching Google Play AT tools top_paid
[2026-03-04T22:25:51.739Z] [INFO] Fetching App Store AT tools top_grossing
[2026-03-04T22:25:53.347Z] [INFO] Fetching Google Play AT tools top_grossing
[2026-03-04T22:25:53.638Z] [INFO] Fetching App Store AT books top_free
[2026-03-04T22:25:53.875Z] [INFO] Fetching Google Play AT books top_free
[2026-03-04T22:25:55.081Z] [INFO] Fetching App Store AT books top_paid
[2026-03-04T22:25:55.926Z] [INFO] Fetching Google Play AT books top_paid
[2026-03-04T22:25:56.302Z] [INFO] Fetching App Store AT books top_grossing
[2026-03-04T22:25:57.110Z] [INFO] Fetching Google Play AT books top_grossing
[2026-03-04T22:25:57.448Z] [INFO] Fetching App Store BE tools top_free
[2026-03-04T22:25:58.059Z] [INFO] Fetching Google Play BE tools top_free
[2026-03-04T22:25:59.413Z] [INFO] Fetching App Store BE tools top_paid
[2026-03-04T22:25:59.737Z] [INFO] Fetching Google Play BE tools top_paid
[2026-03-04T22:26:00.049Z] [INFO] Fetching App Store BE tools top_grossing
[2026-03-04T22:26:01.063Z] [INFO] Fetching Google Play BE tools top_grossing
[2026-03-04T22:26:01.836Z] [INFO] Fetching App Store BE books top_free
[2026-03-04T22:26:02.615Z] [INFO] Fetching Google Play BE books top_free
[2026-03-04T22:26:03.532Z] [INFO] Fetching App Store BE books top_paid
[2026-03-04T22:26:04.052Z] [INFO] Fetching Google Play BE books top_paid
[2026-03-04T22:26:04.798Z] [INFO] Fetching App Store BE books top_grossing
[2026-03-04T22:26:05.057Z] [INFO] Fetching Google Play BE books top_grossing
[2026-03-04T22:26:05.759Z] [INFO] Fetching App Store BR tools top_free
[2026-03-04T22:26:07.043Z] [INFO] Fetching Google Play BR tools top_free
[2026-03-04T22:26:07.720Z] [INFO] Fetching App Store BR tools top_paid
[2026-03-04T22:26:07.926Z] [INFO] Fetching Google Play BR tools top_paid
[2026-03-04T22:26:08.046Z] [INFO] Fetching App Store BR tools top_grossing
[2026-03-04T22:26:08.765Z] [INFO] Fetching Google Play BR tools top_grossing
[2026-03-04T22:26:09.687Z] [INFO] Fetching App Store BR books top_free
[2026-03-04T22:26:10.130Z] [INFO] Fetching Google Play BR books top_free
[2026-03-04T22:26:10.690Z] [INFO] Fetching App Store BR books top_paid
[2026-03-04T22:26:11.266Z] [INFO] Fetching Google Play BR books top_paid
[2026-03-04T22:26:11.677Z] [INFO] Fetching App Store BR books top_grossing
[2026-03-04T22:26:12.911Z] [INFO] Fetching Google Play BR books top_grossing
[2026-03-04T22:26:13.945Z] [INFO] Fetching App Store MX tools top_free
[2026-03-04T22:26:14.501Z] [INFO] Fetching Google Play MX tools top_free
[2026-03-04T22:26:15.820Z] [INFO] Fetching App Store MX tools top_paid
[2026-03-04T22:26:15.833Z] [INFO] Fetching Google Play MX tools top_paid
[2026-03-04T22:26:17.635Z] [INFO] Fetching App Store MX tools top_grossing
[2026-03-04T22:26:17.788Z] [INFO] Fetching Google Play MX tools top_grossing
[2026-03-04T22:26:17.801Z] [INFO] Fetching App Store MX books top_free
[2026-03-04T22:26:18.507Z] [INFO] Fetching Google Play MX books top_free
[2026-03-04T22:26:19.876Z] [INFO] Fetching App Store MX books top_paid
[2026-03-04T22:26:19.994Z] [INFO] Fetching Google Play MX books top_paid
[2026-03-04T22:26:20.897Z] [INFO] Fetching App Store MX books top_grossing
[2026-03-04T22:26:21.136Z] [INFO] Fetching Google Play MX books top_grossing
[2026-03-04T22:26:23.065Z] [INFO] Fetching App Store AR tools top_free
[2026-03-04T22:26:23.104Z] [INFO] Fetching Google Play AR tools top_free
[2026-03-04T22:26:23.524Z] [INFO] Fetching App Store AR tools top_paid
[2026-03-04T22:26:23.800Z] [INFO] Fetching Google Play AR tools top_paid
[2026-03-04T22:26:25.494Z] [INFO] Fetching App Store AR tools top_grossing
[2026-03-04T22:26:25.499Z] [INFO] Fetching Google Play AR tools top_grossing
[2026-03-04T22:26:26.236Z] [INFO] Fetching App Store AR books top_free
[2026-03-04T22:26:26.526Z] [INFO] Fetching Google Play AR books top_free
[2026-03-04T22:26:27.402Z] [INFO] Fetching App Store AR books top_paid
[2026-03-04T22:26:28.350Z] [INFO] Fetching Google Play AR books top_paid
[2026-03-04T22:26:28.553Z] [INFO] Fetching App Store AR books top_grossing
[2026-03-04T22:26:29.376Z] [INFO] Fetching Google Play AR books top_grossing
[2026-03-04T22:26:29.796Z] [INFO] Fetching App Store CL tools top_free
[2026-03-04T22:26:30.014Z] [INFO] Fetching Google Play CL tools top_free
[2026-03-04T22:26:30.579Z] [INFO] Fetching App Store CL tools top_paid
[2026-03-04T22:26:31.577Z] [INFO] Fetching Google Play CL tools top_paid
[2026-03-04T22:26:31.950Z] [INFO] Fetching App Store CL tools top_grossing
[2026-03-04T22:26:32.992Z] [INFO] Fetching Google Play CL tools top_grossing
[2026-03-04T22:26:33.460Z] [INFO] Fetching App Store CL books top_free
[2026-03-04T22:26:34.385Z] [INFO] Fetching Google Play CL books top_free
[2026-03-04T22:26:35.706Z] [INFO] Fetching App Store CL books top_paid
[2026-03-04T22:26:36.112Z] [INFO] Fetching Google Play CL books top_paid
[2026-03-04T22:26:36.182Z] [INFO] Fetching App Store CL books top_grossing
[2026-03-04T22:26:37.066Z] [INFO] Fetching Google Play CL books top_grossing
[2026-03-04T22:26:37.173Z] [INFO] Fetching App Store CO tools top_free
[2026-03-04T22:26:38.637Z] [INFO] Fetching Google Play CO tools top_free
[2026-03-04T22:26:39.192Z] [INFO] Fetching App Store CO tools top_paid
[2026-03-04T22:26:39.260Z] [INFO] Fetching Google Play CO tools top_paid
[2026-03-04T22:26:40.269Z] [INFO] Fetching App Store CO tools top_grossing
[2026-03-04T22:26:40.283Z] [INFO] Fetching Google Play CO tools top_grossing
[2026-03-04T22:26:40.909Z] [INFO] Fetching App Store CO books top_free
[2026-03-04T22:26:41.848Z] [INFO] Fetching Google Play CO books top_free
[2026-03-04T22:26:41.885Z] [INFO] Fetching App Store CO books top_paid
[2026-03-04T22:26:42.239Z] [INFO] Fetching Google Play CO books top_paid
[2026-03-04T22:26:42.337Z] [INFO] Fetching App Store CO books top_grossing
[2026-03-04T22:26:42.353Z] [INFO] Fetching Google Play CO books top_grossing
[2026-03-04T22:26:44.677Z] [INFO] Fetching App Store IN tools top_free
[2026-03-04T22:26:45.372Z] [INFO] Fetching Google Play IN tools top_free
[2026-03-04T22:26:45.815Z] [INFO] Fetching App Store IN tools top_paid
[2026-03-04T22:26:46.746Z] [INFO] Fetching Google Play IN tools top_paid
[2026-03-04T22:26:47.002Z] [INFO] Fetching App Store IN tools top_grossing
[2026-03-04T22:26:47.210Z] [INFO] Fetching Google Play IN tools top_grossing
[2026-03-04T22:26:47.467Z] [INFO] Fetching App Store IN books top_free
[2026-03-04T22:26:48.004Z] [INFO] Fetching Google Play IN books top_free
[2026-03-04T22:26:48.863Z] [INFO] Fetching App Store IN books top_paid
[2026-03-04T22:26:49.287Z] [INFO] Fetching Google Play IN books top_paid
[2026-03-04T22:26:50.081Z] [INFO] Fetching App Store IN books top_grossing
[2026-03-04T22:26:50.300Z] [INFO] Fetching Google Play IN books top_grossing
[2026-03-04T22:26:51.091Z] [INFO] Fetching App Store ID tools top_free
[2026-03-04T22:26:51.744Z] [INFO] Fetching Google Play ID tools top_free
[2026-03-04T22:26:52.167Z] [INFO] Fetching App Store ID tools top_paid
[2026-03-04T22:26:53.536Z] [INFO] Fetching Google Play ID tools top_paid
[2026-03-04T22:26:53.695Z] [INFO] Fetching App Store ID tools top_grossing
[2026-03-04T22:26:54.994Z] [INFO] Fetching Google Play ID tools top_grossing
[2026-03-04T22:26:55.066Z] [INFO] Fetching App Store ID books top_free
[2026-03-04T22:26:55.464Z] [INFO] Fetching Google Play ID books top_free
[2026-03-04T22:26:56.532Z] [INFO] Fetching App Store ID books top_paid
[2026-03-04T22:26:56.632Z] [INFO] Fetching Google Play ID books top_paid
[2026-03-04T22:26:57.304Z] [INFO] Fetching App Store ID books top_grossing
[2026-03-04T22:26:58.658Z] [INFO] Fetching Google Play ID books top_grossing
[2026-03-04T22:26:59.657Z] [INFO] Fetching App Store TH tools top_free
[2026-03-04T22:27:01.022Z] [INFO] Fetching Google Play TH tools top_free
[2026-03-04T22:27:01.401Z] [INFO] Fetching App Store TH tools top_paid
[2026-03-04T22:27:01.428Z] [INFO] Fetching Google Play TH tools top_paid
[2026-03-04T22:27:02.192Z] [INFO] Fetching App Store TH tools top_grossing
[2026-03-04T22:27:03.084Z] [INFO] Fetching Google Play TH tools top_grossing
[2026-03-04T22:27:03.356Z] [INFO] Fetching App Store TH books top_free
[2026-03-04T22:27:04.301Z] [INFO] Fetching Google Play TH books top_free
[2026-03-04T22:27:05.579Z] [INFO] Fetching App Store TH books top_paid
[2026-03-04T22:27:05.677Z] [INFO] Fetching Google Play TH books top_paid
[2026-03-04T22:27:06.576Z] [INFO] Fetching App Store TH books top_grossing
[2026-03-04T22:27:07.895Z] [INFO] Fetching Google Play TH books top_grossing
[2026-03-04T22:27:08.182Z] [INFO] Fetching App Store VN tools top_free
[2026-03-04T22:27:09.077Z] [INFO] Fetching Google Play VN tools top_free
[2026-03-04T22:27:09.956Z] [INFO] Fetching App Store VN tools top_paid
[2026-03-04T22:27:10.225Z] [INFO] Fetching Google Play VN tools top_paid
[2026-03-04T22:27:10.556Z] [INFO] Fetching App Store VN tools top_grossing
[2026-03-04T22:27:11.594Z] [INFO] Fetching Google Play VN tools top_grossing
[2026-03-04T22:27:12.567Z] [INFO] Fetching App Store VN books top_free
[2026-03-04T22:27:12.715Z] [INFO] Fetching Google Play VN books top_free
[2026-03-04T22:27:13.308Z] [INFO] Fetching App Store VN books top_paid
[2026-03-04T22:27:13.331Z] [INFO] Fetching Google Play VN books top_paid
[2026-03-04T22:27:14.218Z] [INFO] Fetching App Store VN books top_grossing
[2026-03-04T22:27:15.474Z] [INFO] Fetching Google Play VN books top_grossing
[2026-03-04T22:27:15.667Z] [INFO] Fetching App Store PH tools top_free
[2026-03-04T22:27:15.737Z] [INFO] Fetching Google Play PH tools top_free
[2026-03-04T22:27:17.515Z] [INFO] Fetching App Store PH tools top_paid
[2026-03-04T22:27:17.764Z] [INFO] Fetching Google Play PH tools top_paid
[2026-03-04T22:27:19.010Z] [INFO] Fetching App Store PH tools top_grossing
[2026-03-04T22:27:19.168Z] [INFO] Fetching Google Play PH tools top_grossing
[2026-03-04T22:27:20.789Z] [INFO] Fetching App Store PH books top_free
[2026-03-04T22:27:21.194Z] [INFO] Fetching Google Play PH books top_free
[2026-03-04T22:27:21.581Z] [INFO] Fetching App Store PH books top_paid
[2026-03-04T22:27:22.184Z] [INFO] Fetching Google Play PH books top_paid
[2026-03-04T22:27:22.525Z] [INFO] Fetching App Store PH books top_grossing
[2026-03-04T22:27:22.655Z] [INFO] Fetching Google Play PH books top_grossing
[2026-03-04T22:27:23.620Z] [INFO] Fetching App Store MY tools top_free
[2026-03-04T22:27:24.448Z] [INFO] Fetching Google Play MY tools top_free
[2026-03-04T22:27:25.556Z] [INFO] Fetching App Store MY tools top_paid
[2026-03-04T22:27:26.825Z] [INFO] Fetching Google Play MY tools top_paid
[2026-03-04T22:27:26.887Z] [INFO] Fetching App Store MY tools top_grossing
[2026-03-04T22:27:27.617Z] [INFO] Fetching Google Play MY tools top_grossing
[2026-03-04T22:27:27.965Z] [INFO] Fetching App Store MY books top_free
[2026-03-04T22:27:28.652Z] [INFO] Fetching Google Play MY books top_free
[2026-03-04T22:27:29.299Z] [INFO] Fetching App Store MY books top_paid
[2026-03-04T22:27:29.656Z] [INFO] Fetching Google Play MY books top_paid
[2026-03-04T22:27:30.942Z] [INFO] Fetching App Store MY books top_grossing
[2026-03-04T22:27:31.271Z] [INFO] Fetching Google Play MY books top_grossing
[2026-03-04T22:27:31.734Z] [INFO] Fetching App Store SA tools top_free
[2026-03-04T22:27:32.520Z] [INFO] Fetching Google Play SA tools top_free
[2026-03-04T22:27:32.786Z] [INFO] Fetching App Store SA tools top_paid
[2026-03-04T22:27:33.799Z] [INFO] Fetching Google Play SA tools top_paid
[2026-03-04T22:27:34.830Z] [INFO] Fetching App Store SA tools top_grossing
[2026-03-04T22:27:35.531Z] [INFO] Fetching Google Play SA tools top_grossing
[2026-03-04T22:27:35.601Z] [INFO] Fetching App Store SA books top_free
[2026-03-04T22:27:36.489Z] [INFO] Fetching Google Play SA books top_free
[2026-03-04T22:27:36.823Z] [INFO] Fetching App Store SA books top_paid
[2026-03-04T22:27:36.871Z] [INFO] Fetching Google Play SA books top_paid
[2026-03-04T22:27:37.594Z] [INFO] Fetching App Store SA books top_grossing
[2026-03-04T22:27:37.890Z] [INFO] Fetching Google Play SA books top_grossing
[2026-03-04T22:27:39.416Z] [INFO] Fetching App Store AE tools top_free
[2026-03-04T22:27:39.559Z] [INFO] Fetching Google Play AE tools top_free
[2026-03-04T22:27:39.680Z] [INFO] Fetching App Store AE tools top_paid
[2026-03-04T22:27:41.019Z] [INFO] Fetching Google Play AE tools top_paid
[2026-03-04T22:27:41.424Z] [INFO] Fetching App Store AE tools top_grossing
[2026-03-04T22:27:41.822Z] [INFO] Fetching Google Play AE tools top_grossing
[2026-03-04T22:27:42.249Z] [INFO] Fetching App Store AE books top_free
[2026-03-04T22:27:43.585Z] [INFO] Fetching Google Play AE books top_free
[2026-03-04T22:27:43.960Z] [INFO] Fetching App Store AE books top_paid
[2026-03-04T22:27:44.060Z] [INFO] Fetching Google Play AE books top_paid
[2026-03-04T22:27:45.035Z] [INFO] Fetching App Store AE books top_grossing
[2026-03-04T22:27:45.040Z] [INFO] Fetching Google Play AE books top_grossing
[2026-03-04T22:27:46.088Z] [INFO] Fetching App Store TR tools top_free
[2026-03-04T22:27:46.452Z] [INFO] Fetching Google Play TR tools top_free
[2026-03-04T22:27:46.899Z] [INFO] Fetching App Store TR tools top_paid
[2026-03-04T22:27:47.560Z] [INFO] Fetching Google Play TR tools top_paid
[2026-03-04T22:27:47.967Z] [INFO] Fetching App Store TR tools top_grossing
[2026-03-04T22:27:48.905Z] [INFO] Fetching Google Play TR tools top_grossing
[2026-03-04T22:27:49.712Z] [INFO] Fetching App Store TR books top_free
[2026-03-04T22:27:49.819Z] [INFO] Fetching Google Play TR books top_free
[2026-03-04T22:27:50.472Z] [INFO] Fetching App Store TR books top_paid
[2026-03-04T22:27:51.626Z] [INFO] Fetching Google Play TR books top_paid
[2026-03-04T22:27:51.695Z] [INFO] Fetching App Store TR books top_grossing
[2026-03-04T22:27:53.406Z] [INFO] Fetching Google Play TR books top_grossing
[2026-03-04T22:27:53.490Z] [INFO] Fetching App Store PL tools top_free
[2026-03-04T22:27:53.809Z] [INFO] Fetching Google Play PL tools top_free
[2026-03-04T22:27:55.103Z] [INFO] Fetching App Store PL tools top_paid
[2026-03-04T22:27:55.630Z] [INFO] Fetching Google Play PL tools top_paid
[2026-03-04T22:27:56.849Z] [INFO] Fetching App Store PL tools top_grossing
[2026-03-04T22:27:56.866Z] [INFO] Fetching Google Play PL tools top_grossing
[2026-03-04T22:27:57.238Z] [INFO] Fetching App Store PL books top_free
[2026-03-04T22:27:58.595Z] [INFO] Fetching Google Play PL books top_free
[2026-03-04T22:27:58.978Z] [INFO] Fetching App Store PL books top_paid
[2026-03-04T22:27:59.196Z] [INFO] Fetching Google Play PL books top_paid
[2026-03-04T22:27:59.885Z] [INFO] Fetching App Store PL books top_grossing
[2026-03-04T22:28:01.604Z] [INFO] Fetching Google Play PL books top_grossing
[2026-03-04T22:28:01.869Z] [INFO] Fetching App Store RU tools top_free
[2026-03-04T22:28:02.796Z] [INFO] Fetching Google Play RU tools top_free
[2026-03-04T22:28:03.625Z] [INFO] Fetching App Store RU tools top_paid
[2026-03-04T22:28:04.774Z] [INFO] Fetching Google Play RU tools top_paid
[2026-03-04T22:28:04.811Z] [ERROR] Google Play RU tools top_paid failed: Cannot read properties of undefined (reading 'fantasy-land/map')
[2026-03-04T22:28:04.812Z] [INFO] Fetching App Store RU tools top_grossing
[2026-03-04T22:28:05.282Z] [INFO] Fetching Google Play RU tools top_grossing
[2026-03-04T22:28:05.727Z] [INFO] Fetching App Store RU books top_free
[2026-03-04T22:28:06.788Z] [INFO] Fetching Google Play RU books top_free
[2026-03-04T22:28:07.441Z] [INFO] Fetching App Store RU books top_paid
[2026-03-04T22:28:08.517Z] [INFO] Fetching Google Play RU books top_paid
[2026-03-04T22:28:08.555Z] [ERROR] Google Play RU books top_paid failed: Cannot read properties of undefined (reading 'fantasy-land/map')
[2026-03-04T22:28:08.555Z] [INFO] Fetching App Store RU books top_grossing
[2026-03-04T22:28:08.642Z] [INFO] Fetching Google Play RU books top_grossing
[2026-03-04T22:28:08.817Z] [INFO] Fetching App Store ZA tools top_free
[2026-03-04T22:28:09.771Z] [INFO] Fetching Google Play ZA tools top_free
[2026-03-04T22:28:09.953Z] [INFO] Fetching App Store ZA tools top_paid
[2026-03-04T22:28:10.273Z] [INFO] Fetching Google Play ZA tools top_paid
[2026-03-04T22:28:10.771Z] [INFO] Fetching App Store ZA tools top_grossing
[2026-03-04T22:28:11.701Z] [INFO] Fetching Google Play ZA tools top_grossing
[2026-03-04T22:28:12.908Z] [INFO] Fetching App Store ZA books top_free
[2026-03-04T22:28:13.079Z] [INFO] Fetching Google Play ZA books top_free
[2026-03-04T22:28:13.450Z] [INFO] Fetching App Store ZA books top_paid
[2026-03-04T22:28:14.534Z] [INFO] Fetching Google Play ZA books top_paid
[2026-03-04T22:28:14.555Z] [INFO] Fetching App Store ZA books top_grossing
[2026-03-04T22:28:14.773Z] [INFO] Fetching Google Play ZA books top_grossing
[2026-03-04T22:28:16.360Z] [INFO] Fetching App Store EG tools top_free
[2026-03-04T22:28:16.503Z] [INFO] Fetching Google Play EG tools top_free
[2026-03-04T22:28:17.037Z] [INFO] Fetching App Store EG tools top_paid
[2026-03-04T22:28:17.754Z] [INFO] Fetching Google Play EG tools top_paid
[2026-03-04T22:28:18.155Z] [INFO] Fetching App Store EG tools top_grossing
[2026-03-04T22:28:18.979Z] [INFO] Fetching Google Play EG tools top_grossing
[2026-03-04T22:28:19.026Z] [INFO] Fetching App Store EG books top_free
[2026-03-04T22:28:20.439Z] [INFO] Fetching Google Play EG books top_free
[2026-03-04T22:28:20.903Z] [INFO] Fetching App Store EG books top_paid
[2026-03-04T22:28:21.591Z] [INFO] Fetching Google Play EG books top_paid
[2026-03-04T22:28:21.890Z] [INFO] Fetching App Store EG books top_grossing
[2026-03-04T22:28:22.136Z] [INFO] Fetching Google Play EG books top_grossing
[2026-03-04T22:28:25.684Z] [INFO] Fetched total 9547 records
[2026-03-04T22:28:25.760Z] [INFO] Saved 9547 raw records to /root/.openclaw/workspace/app_rank_scraper/data/rankings_raw.jsonl
[2026-03-04T22:28:25.860Z] [INFO] Saved summary to /root/.openclaw/workspace/app_rank_scraper/data/rankings_summary.csv
[2026-03-04T22:28:26.731Z] [INFO] Saved 10591 changes to /root/.openclaw/workspace/app_rank_scraper/data/rank_changes_20260304_222410.csv
[2026-03-04T22:28:26.743Z] [INFO] Generated report at /root/.openclaw/workspace/app_rank_scraper/report_20260304_222410.md
[2026-03-04T22:28:26.744Z] [INFO] Crawl completed successfully!
