[2026-03-04T20:24:12.020Z] [INFO] Starting crawl at 20260304_202411 UTC
[2026-03-04T20:24:12.021Z] [INFO] Loaded 40 countries
[2026-03-04T20:24:12.028Z] [INFO] Fetching App Store US tools top_free
[2026-03-04T20:24:12.033Z] [INFO] Fetching Google Play US tools top_free
[2026-03-04T20:24:12.038Z] [INFO] Fetching App Store US tools top_paid
[2026-03-04T20:24:12.039Z] [INFO] Fetching Google Play US tools top_paid
[2026-03-04T20:24:12.040Z] [INFO] Fetching App Store US tools top_grossing
[2026-03-04T20:24:13.469Z] [INFO] Fetching Google Play US tools top_grossing
[2026-03-04T20:24:13.535Z] [INFO] Fetching App Store US books top_free
[2026-03-04T20:24:13.582Z] [INFO] Fetching Google Play US books top_free
[2026-03-04T20:24:13.674Z] [INFO] Fetching App Store US books top_paid
[2026-03-04T20:24:13.780Z] [INFO] Fetching Google Play US books top_paid
[2026-03-04T20:24:14.972Z] [INFO] Fetching App Store US books top_grossing
[2026-03-04T20:24:14.991Z] [INFO] Fetching Google Play US books top_grossing
[2026-03-04T20:24:15.205Z] [INFO] Fetching App Store GB tools top_free
[2026-03-04T20:24:15.217Z] [INFO] Fetching Google Play GB tools top_free
[2026-03-04T20:24:15.392Z] [INFO] Fetching App Store GB tools top_paid
[2026-03-04T20:24:15.886Z] [INFO] Fetching Google Play GB tools top_paid
[2026-03-04T20:24:16.188Z] [INFO] Fetching App Store GB tools top_grossing
[2026-03-04T20:24:16.239Z] [INFO] Fetching Google Play GB tools top_grossing
[2026-03-04T20:24:16.539Z] [INFO] Fetching App Store GB books top_free
[2026-03-04T20:24:16.764Z] [INFO] Fetching Google Play GB books top_free
[2026-03-04T20:24:17.101Z] [INFO] Fetching App Store GB books top_paid
[2026-03-04T20:24:17.450Z] [INFO] Fetching Google Play GB books top_paid
[2026-03-04T20:24:17.480Z] [INFO] Fetching App Store GB books top_grossing
[2026-03-04T20:24:17.542Z] [INFO] Fetching Google Play GB books top_grossing
[2026-03-04T20:24:17.997Z] [INFO] Fetching App Store DE tools top_free
[2026-03-04T20:24:18.055Z] [INFO] Fetching Google Play DE tools top_free
[2026-03-04T20:24:18.220Z] [INFO] Fetching App Store DE tools top_paid
[2026-03-04T20:24:18.502Z] [INFO] Fetching Google Play DE tools top_paid
[2026-03-04T20:24:18.961Z] [INFO] Fetching App Store DE tools top_grossing
[2026-03-04T20:24:19.189Z] [INFO] Fetching Google Play DE tools top_grossing
[2026-03-04T20:24:19.249Z] [INFO] Fetching App Store DE books top_free
[2026-03-04T20:24:19.252Z] [INFO] Fetching Google Play DE books top_free
[2026-03-04T20:24:19.739Z] [INFO] Fetching App Store DE books top_paid
[2026-03-04T20:24:20.046Z] [INFO] Fetching Google Play DE books top_paid
[2026-03-04T20:24:20.144Z] [INFO] Fetching App Store DE books top_grossing
[2026-03-04T20:24:20.524Z] [INFO] Fetching Google Play DE books top_grossing
[2026-03-04T20:24:20.627Z] [INFO] Fetching App Store FR tools top_free
[2026-03-04T20:24:20.655Z] [INFO] Fetching Google Play FR tools top_free
[2026-03-04T20:24:20.881Z] [INFO] Fetching App Store FR tools top_paid
[2026-03-04T20:24:21.316Z] [INFO] Fetching Google Play FR tools top_paid
[2026-03-04T20:24:21.330Z] [INFO] Fetching App Store FR tools top_grossing
[2026-03-04T20:24:21.961Z] [INFO] Fetching Google Play FR tools top_grossing
[2026-03-04T20:24:22.017Z] [INFO] Fetching App Store FR books top_free
[2026-03-04T20:24:22.122Z] [INFO] Fetching Google Play FR books top_free
[2026-03-04T20:24:22.653Z] [INFO] Fetching App Store FR books top_paid
[2026-03-04T20:24:22.684Z] [INFO] Fetching Google Play FR books top_paid
[2026-03-04T20:24:22.925Z] [INFO] Fetching App Store FR books top_grossing
[2026-03-04T20:24:23.189Z] [INFO] Fetching Google Play FR books top_grossing
[2026-03-04T20:24:23.370Z] [INFO] Fetching App Store CA tools top_free
[2026-03-04T20:24:23.434Z] [INFO] Fetching Google Play CA tools top_free
[2026-03-04T20:24:23.947Z] [INFO] Fetching App Store CA tools top_paid
[2026-03-04T20:24:24.077Z] [INFO] Fetching Google Play CA tools top_paid
[2026-03-04T20:24:24.209Z] [INFO] Fetching App Store CA tools top_grossing
[2026-03-04T20:24:24.584Z] [INFO] Fetching Google Play CA tools top_grossing
[2026-03-04T20:24:24.625Z] [INFO] Fetching App Store CA books top_free
[2026-03-04T20:24:24.651Z] [INFO] Fetching Google Play CA books top_free
[2026-03-04T20:24:24.864Z] [INFO] Fetching App Store CA books top_paid
[2026-03-04T20:24:25.376Z] [INFO] Fetching Google Play CA books top_paid
[2026-03-04T20:24:25.511Z] [INFO] Fetching App Store CA books top_grossing
[2026-03-04T20:24:25.557Z] [INFO] Fetching Google Play CA books top_grossing
[2026-03-04T20:24:26.071Z] [INFO] Fetching App Store AU tools top_free
[2026-03-04T20:24:26.100Z] [INFO] Fetching Google Play AU tools top_free
[2026-03-04T20:24:26.297Z] [INFO] Fetching App Store AU tools top_paid
[2026-03-04T20:24:26.584Z] [INFO] Fetching Google Play AU tools top_paid
[2026-03-04T20:24:26.766Z] [INFO] Fetching App Store AU tools top_grossing
[2026-03-04T20:24:27.044Z] [INFO] Fetching Google Play AU tools top_grossing
[2026-03-04T20:24:27.439Z] [INFO] Fetching App Store AU books top_free
[2026-03-04T20:24:27.490Z] [INFO] Fetching Google Play AU books top_free
[2026-03-04T20:24:27.909Z] [INFO] Fetching App Store AU books top_paid
[2026-03-04T20:24:28.175Z] [INFO] Fetching Google Play AU books top_paid
[2026-03-04T20:24:28.190Z] [INFO] Fetching App Store AU books top_grossing
[2026-03-04T20:24:28.230Z] [INFO] Fetching Google Play AU books top_grossing
[2026-03-04T20:24:28.552Z] [INFO] Fetching App Store JP tools top_free
[2026-03-04T20:24:28.767Z] [INFO] Fetching Google Play JP tools top_free
[2026-03-04T20:24:29.201Z] [INFO] Fetching App Store JP tools top_paid
[2026-03-04T20:24:29.226Z] [INFO] Fetching Google Play JP tools top_paid
[2026-03-04T20:24:29.504Z] [INFO] Fetching App Store JP tools top_grossing
[2026-03-04T20:24:29.646Z] [INFO] Fetching Google Play JP tools top_grossing
[2026-03-04T20:24:29.770Z] [INFO] Fetching App Store JP books top_free
[2026-03-04T20:24:30.032Z] [INFO] Fetching Google Play JP books top_free
[2026-03-04T20:24:30.382Z] [INFO] Fetching App Store JP books top_paid
[2026-03-04T20:24:30.476Z] [INFO] Fetching Google Play JP books top_paid
[2026-03-04T20:24:30.667Z] [INFO] Fetching App Store JP books top_grossing
[2026-03-04T20:24:30.845Z] [INFO] Fetching Google Play JP books top_grossing
[2026-03-04T20:24:31.266Z] [INFO] Fetching App Store KR tools top_free
[2026-03-04T20:24:31.551Z] [INFO] Fetching Google Play KR tools top_free
[2026-03-04T20:24:31.631Z] [INFO] Fetching App Store KR tools top_paid
[2026-03-04T20:24:31.716Z] [INFO] Fetching Google Play KR tools top_paid
[2026-03-04T20:24:31.792Z] [INFO] Fetching App Store KR tools top_grossing
[2026-03-04T20:24:32.199Z] [INFO] Fetching Google Play KR tools top_grossing
[2026-03-04T20:24:32.587Z] [INFO] Fetching App Store KR books top_free
[2026-03-04T20:24:32.687Z] [INFO] Fetching Google Play KR books top_free
[2026-03-04T20:24:32.744Z] [INFO] Fetching App Store KR books top_paid
[2026-03-04T20:24:32.908Z] [INFO] Fetching Google Play KR books top_paid
[2026-03-04T20:24:33.452Z] [INFO] Fetching App Store KR books top_grossing
[2026-03-04T20:24:33.526Z] [INFO] Fetching Google Play KR books top_grossing
[2026-03-04T20:24:33.737Z] [INFO] Fetching App Store IT tools top_free
[2026-03-04T20:24:33.893Z] [INFO] Fetching Google Play IT tools top_free
[2026-03-04T20:24:33.992Z] [INFO] Fetching App Store IT tools top_paid
[2026-03-04T20:24:34.341Z] [INFO] Fetching Google Play IT tools top_paid
[2026-03-04T20:24:34.955Z] [INFO] Fetching App Store IT tools top_grossing
[2026-03-04T20:24:35.309Z] [INFO] Fetching Google Play IT tools top_grossing
[2026-03-04T20:24:35.492Z] [INFO] Fetching App Store IT books top_free
[2026-03-04T20:24:35.821Z] [INFO] Fetching Google Play IT books top_free
[2026-03-04T20:24:35.877Z] [INFO] Fetching App Store IT books top_paid
[2026-03-04T20:24:35.946Z] [INFO] Fetching Google Play IT books top_paid
[2026-03-04T20:24:36.225Z] [INFO] Fetching App Store IT books top_grossing
[2026-03-04T20:24:36.651Z] [INFO] Fetching Google Play IT books top_grossing
[2026-03-04T20:24:36.829Z] [INFO] Fetching App Store ES tools top_free
[2026-03-04T20:24:37.033Z] [INFO] Fetching Google Play ES tools top_free
[2026-03-04T20:24:37.265Z] [INFO] Fetching App Store ES tools top_paid
[2026-03-04T20:24:37.384Z] [INFO] Fetching Google Play ES tools top_paid
[2026-03-04T20:24:37.694Z] [INFO] Fetching App Store ES tools top_grossing
[2026-03-04T20:24:37.820Z] [INFO] Fetching Google Play ES tools top_grossing
[2026-03-04T20:24:37.918Z] [INFO] Fetching App Store ES books top_free
[2026-03-04T20:24:38.502Z] [INFO] Fetching Google Play ES books top_free
[2026-03-04T20:24:38.566Z] [INFO] Fetching App Store ES books top_paid
[2026-03-04T20:24:38.894Z] [INFO] Fetching Google Play ES books top_paid
[2026-03-04T20:24:39.140Z] [INFO] Fetching App Store ES books top_grossing
[2026-03-04T20:24:39.420Z] [INFO] Fetching Google Play ES books top_grossing
[2026-03-04T20:24:39.609Z] [INFO] Fetching App Store NL tools top_free
[2026-03-04T20:24:39.702Z] [INFO] Fetching Google Play NL tools top_free
[2026-03-04T20:24:39.995Z] [INFO] Fetching App Store NL tools top_paid
[2026-03-04T20:24:40.117Z] [INFO] Fetching Google Play NL tools top_paid
[2026-03-04T20:24:40.568Z] [INFO] Fetching App Store NL tools top_grossing
[2026-03-04T20:24:40.602Z] [INFO] Fetching Google Play NL tools top_grossing
[2026-03-04T20:24:40.689Z] [INFO] Fetching App Store NL books top_free
[2026-03-04T20:24:40.814Z] [INFO] Fetching Google Play NL books top_free
[2026-03-04T20:24:41.112Z] [INFO] Fetching App Store NL books top_paid
[2026-03-04T20:24:41.489Z] [INFO] Fetching Google Play NL books top_paid
[2026-03-04T20:24:41.655Z] [INFO] Fetching App Store NL books top_grossing
[2026-03-04T20:24:41.697Z] [INFO] Fetching Google Play NL books top_grossing
[2026-03-04T20:24:42.408Z] [INFO] Fetching App Store SE tools top_free
[2026-03-04T20:24:42.473Z] [INFO] Fetching Google Play SE tools top_free
[2026-03-04T20:24:42.588Z] [INFO] Fetching App Store SE tools top_paid
[2026-03-04T20:24:42.608Z] [INFO] Fetching Google Play SE tools top_paid
[2026-03-04T20:24:42.739Z] [INFO] Fetching App Store SE tools top_grossing
[2026-03-04T20:24:43.499Z] [INFO] Fetching Google Play SE tools top_grossing
[2026-03-04T20:24:43.583Z] [INFO] Fetching App Store SE books top_free
[2026-03-04T20:24:43.884Z] [INFO] Fetching Google Play SE books top_free
[2026-03-04T20:24:43.918Z] [INFO] Fetching App Store SE books top_paid
[2026-03-04T20:24:44.013Z] [INFO] Fetching Google Play SE books top_paid
[2026-03-04T20:24:44.858Z] [INFO] Fetching App Store SE books top_grossing
[2026-03-04T20:24:45.069Z] [INFO] Fetching Google Play SE books top_grossing
[2026-03-04T20:24:45.343Z] [INFO] Fetching App Store CH tools top_free
[2026-03-04T20:24:45.536Z] [INFO] Fetching Google Play CH tools top_free
[2026-03-04T20:24:45.696Z] [INFO] Fetching App Store CH tools top_paid
[2026-03-04T20:24:45.801Z] [INFO] Fetching Google Play CH tools top_paid
[2026-03-04T20:24:46.299Z] [INFO] Fetching App Store CH tools top_grossing
[2026-03-04T20:24:46.327Z] [INFO] Fetching Google Play CH tools top_grossing
[2026-03-04T20:24:46.468Z] [INFO] Fetching App Store CH books top_free
[2026-03-04T20:24:46.616Z] [INFO] Fetching Google Play CH books top_free
[2026-03-04T20:24:46.856Z] [INFO] Fetching App Store CH books top_paid
[2026-03-04T20:24:47.328Z] [INFO] Fetching Google Play CH books top_paid
[2026-03-04T20:24:47.663Z] [INFO] Fetching App Store CH books top_grossing
[2026-03-04T20:24:47.746Z] [INFO] Fetching Google Play CH books top_grossing
[2026-03-04T20:24:48.127Z] [INFO] Fetching App Store NO tools top_free
[2026-03-04T20:24:48.573Z] [INFO] Fetching Google Play NO tools top_free
[2026-03-04T20:24:48.663Z] [INFO] Fetching App Store NO tools top_paid
[2026-03-04T20:24:48.788Z] [INFO] Fetching Google Play NO tools top_paid
[2026-03-04T20:24:48.907Z] [INFO] Fetching App Store NO tools top_grossing
[2026-03-04T20:24:49.487Z] [INFO] Fetching Google Play NO tools top_grossing
[2026-03-04T20:24:50.199Z] [INFO] Fetching App Store NO books top_free
[2026-03-04T20:24:50.611Z] [INFO] Fetching Google Play NO books top_free
[2026-03-04T20:24:51.422Z] [INFO] Fetching App Store NO books top_paid
[2026-03-04T20:24:51.760Z] [INFO] Fetching Google Play NO books top_paid
[2026-03-04T20:24:52.458Z] [INFO] Fetching App Store NO books top_grossing
[2026-03-04T20:24:52.799Z] [INFO] Fetching Google Play NO books top_grossing
[2026-03-04T20:24:53.430Z] [INFO] Fetching App Store DK tools top_free
[2026-03-04T20:24:53.587Z] [INFO] Fetching Google Play DK tools top_free
[2026-03-04T20:24:54.732Z] [INFO] Fetching App Store DK tools top_paid
[2026-03-04T20:24:55.036Z] [INFO] Fetching Google Play DK tools top_paid
[2026-03-04T20:24:55.924Z] [INFO] Fetching App Store DK tools top_grossing
[2026-03-04T20:24:56.108Z] [INFO] Fetching Google Play DK tools top_grossing
[2026-03-04T20:24:57.248Z] [INFO] Fetching App Store DK books top_free
[2026-03-04T20:24:57.417Z] [INFO] Fetching Google Play DK books top_free
[2026-03-04T20:24:58.637Z] [INFO] Fetching App Store DK books top_paid
[2026-03-04T20:24:58.723Z] [INFO] Fetching Google Play DK books top_paid
[2026-03-04T20:24:59.672Z] [INFO] Fetching App Store DK books top_grossing
[2026-03-04T20:24:59.877Z] [INFO] Fetching Google Play DK books top_grossing
[2026-03-04T20:25:00.574Z] [INFO] Fetching App Store FI tools top_free
[2026-03-04T20:25:01.564Z] [INFO] Fetching Google Play FI tools top_free
[2026-03-04T20:25:02.149Z] [INFO] Fetching App Store FI tools top_paid
[2026-03-04T20:25:03.086Z] [INFO] Fetching Google Play FI tools top_paid
[2026-03-04T20:25:04.016Z] [INFO] Fetching App Store FI tools top_grossing
[2026-03-04T20:25:04.423Z] [INFO] Fetching Google Play FI tools top_grossing
[2026-03-04T20:25:05.490Z] [INFO] Fetching App Store FI books top_free
[2026-03-04T20:25:06.163Z] [INFO] Fetching Google Play FI books top_free
[2026-03-04T20:25:06.815Z] [INFO] Fetching App Store FI books top_paid
[2026-03-04T20:25:07.969Z] [INFO] Fetching Google Play FI books top_paid
[2026-03-04T20:25:08.570Z] [INFO] Fetching App Store FI books top_grossing
[2026-03-04T20:25:08.730Z] [INFO] Fetching Google Play FI books top_grossing
[2026-03-04T20:25:10.024Z] [INFO] Fetching App Store SG tools top_free
[2026-03-04T20:25:10.615Z] [INFO] Fetching Google Play SG tools top_free
[2026-03-04T20:25:10.679Z] [INFO] Fetching App Store SG tools top_paid
[2026-03-04T20:25:10.976Z] [INFO] Fetching Google Play SG tools top_paid
[2026-03-04T20:25:12.779Z] [INFO] Fetching App Store SG tools top_grossing
[2026-03-04T20:25:13.426Z] [INFO] Fetching Google Play SG tools top_grossing
[2026-03-04T20:25:13.994Z] [INFO] Fetching App Store SG books top_free
[2026-03-04T20:25:14.359Z] [INFO] Fetching Google Play SG books top_free
[2026-03-04T20:25:15.296Z] [INFO] Fetching App Store SG books top_paid
[2026-03-04T20:25:15.347Z] [INFO] Fetching Google Play SG books top_paid
[2026-03-04T20:25:16.444Z] [INFO] Fetching App Store SG books top_grossing
[2026-03-04T20:25:17.138Z] [INFO] Fetching Google Play SG books top_grossing
[2026-03-04T20:25:17.444Z] [INFO] Fetching App Store HK tools top_free
[2026-03-04T20:25:17.582Z] [INFO] Fetching Google Play HK tools top_free
[2026-03-04T20:25:18.472Z] [INFO] Fetching App Store HK tools top_paid
[2026-03-04T20:25:18.771Z] [INFO] Fetching Google Play HK tools top_paid
[2026-03-04T20:25:19.569Z] [INFO] Fetching App Store HK tools top_grossing
[2026-03-04T20:25:20.622Z] [INFO] Fetching Google Play HK tools top_grossing
[2026-03-04T20:25:20.710Z] [INFO] Fetching App Store HK books top_free
[2026-03-04T20:25:21.560Z] [INFO] Fetching Google Play HK books top_free
[2026-03-04T20:25:21.860Z] [INFO] Fetching App Store HK books top_paid
[2026-03-04T20:25:21.905Z] [INFO] Fetching Google Play HK books top_paid
[2026-03-04T20:25:22.736Z] [INFO] Fetching App Store HK books top_grossing
[2026-03-04T20:25:23.678Z] [INFO] Fetching Google Play HK books top_grossing
[2026-03-04T20:25:23.736Z] [INFO] Fetching App Store TW tools top_free
[2026-03-04T20:25:24.533Z] [INFO] Fetching Google Play TW tools top_free
[2026-03-04T20:25:24.827Z] [INFO] Fetching App Store TW tools top_paid
[2026-03-04T20:25:25.630Z] [INFO] Fetching Google Play TW tools top_paid
[2026-03-04T20:25:26.150Z] [INFO] Fetching App Store TW tools top_grossing
[2026-03-04T20:25:26.389Z] [INFO] Fetching Google Play TW tools top_grossing
[2026-03-04T20:25:27.159Z] [INFO] Fetching App Store TW books top_free
[2026-03-04T20:25:28.241Z] [INFO] Fetching Google Play TW books top_free
[2026-03-04T20:25:29.194Z] [INFO] Fetching App Store TW books top_paid
[2026-03-04T20:25:30.050Z] [INFO] Fetching Google Play TW books top_paid
[2026-03-04T20:25:30.584Z] [INFO] Fetching App Store TW books top_grossing
[2026-03-04T20:25:30.945Z] [INFO] Fetching Google Play TW books top_grossing
[2026-03-04T20:25:31.592Z] [INFO] Fetching App Store NZ tools top_free
[2026-03-04T20:25:31.746Z] [INFO] Fetching Google Play NZ tools top_free
[2026-03-04T20:25:32.595Z] [INFO] Fetching App Store NZ tools top_paid
[2026-03-04T20:25:33.281Z] [INFO] Fetching Google Play NZ tools top_paid
[2026-03-04T20:25:33.747Z] [INFO] Fetching App Store NZ tools top_grossing
[2026-03-04T20:25:34.148Z] [INFO] Fetching Google Play NZ tools top_grossing
[2026-03-04T20:25:34.779Z] [INFO] Fetching App Store NZ books top_free
[2026-03-04T20:25:35.317Z] [INFO] Fetching Google Play NZ books top_free
[2026-03-04T20:25:36.655Z] [INFO] Fetching App Store NZ books top_paid
[2026-03-04T20:25:37.322Z] [INFO] Fetching Google Play NZ books top_paid
[2026-03-04T20:25:37.542Z] [INFO] Fetching App Store NZ books top_grossing
[2026-03-04T20:25:38.361Z] [INFO] Fetching Google Play NZ books top_grossing
[2026-03-04T20:25:39.591Z] [INFO] Fetching App Store AT tools top_free
[2026-03-04T20:25:40.508Z] [INFO] Fetching Google Play AT tools top_free
[2026-03-04T20:25:40.578Z] [INFO] Fetching App Store AT tools top_paid
[2026-03-04T20:25:41.023Z] [INFO] Fetching Google Play AT tools top_paid
[2026-03-04T20:25:42.414Z] [INFO] Fetching App Store AT tools top_grossing
[2026-03-04T20:25:42.512Z] [INFO] Fetching Google Play AT tools top_grossing
[2026-03-04T20:25:43.116Z] [INFO] Fetching App Store AT books top_free
[2026-03-04T20:25:43.216Z] [INFO] Fetching Google Play AT books top_free
[2026-03-04T20:25:44.270Z] [INFO] Fetching App Store AT books top_paid
[2026-03-04T20:25:45.357Z] [INFO] Fetching Google Play AT books top_paid
[2026-03-04T20:25:45.816Z] [INFO] Fetching App Store AT books top_grossing
[2026-03-04T20:25:46.932Z] [INFO] Fetching Google Play AT books top_grossing
[2026-03-04T20:25:47.157Z] [INFO] Fetching App Store BE tools top_free
[2026-03-04T20:25:48.511Z] [INFO] Fetching Google Play BE tools top_free
[2026-03-04T20:25:48.592Z] [INFO] Fetching App Store BE tools top_paid
[2026-03-04T20:25:48.902Z] [INFO] Fetching Google Play BE tools top_paid
[2026-03-04T20:25:49.846Z] [INFO] Fetching App Store BE tools top_grossing
[2026-03-04T20:25:50.405Z] [INFO] Fetching Google Play BE tools top_grossing
[2026-03-04T20:25:50.962Z] [INFO] Fetching App Store BE books top_free
[2026-03-04T20:25:51.846Z] [INFO] Fetching Google Play BE books top_free
[2026-03-04T20:25:52.914Z] [INFO] Fetching App Store BE books top_paid
[2026-03-04T20:25:53.364Z] [INFO] Fetching Google Play BE books top_paid
[2026-03-04T20:25:53.481Z] [INFO] Fetching App Store BE books top_grossing
[2026-03-04T20:25:53.813Z] [INFO] Fetching Google Play BE books top_grossing
[2026-03-04T20:25:54.558Z] [INFO] Fetching App Store BR tools top_free
[2026-03-04T20:25:55.501Z] [INFO] Fetching Google Play BR tools top_free
[2026-03-04T20:25:55.640Z] [INFO] Fetching App Store BR tools top_paid
[2026-03-04T20:25:55.765Z] [INFO] Fetching Google Play BR tools top_paid
[2026-03-04T20:25:56.779Z] [INFO] Fetching App Store BR tools top_grossing
[2026-03-04T20:25:57.855Z] [INFO] Fetching Google Play BR tools top_grossing
[2026-03-04T20:25:58.507Z] [INFO] Fetching App Store BR books top_free
[2026-03-04T20:25:59.623Z] [INFO] Fetching Google Play BR books top_free
[2026-03-04T20:25:59.663Z] [INFO] Fetching App Store BR books top_paid
[2026-03-04T20:26:00.747Z] [INFO] Fetching Google Play BR books top_paid
[2026-03-04T20:26:01.294Z] [INFO] Fetching App Store BR books top_grossing
[2026-03-04T20:26:01.311Z] [INFO] Fetching Google Play BR books top_grossing
[2026-03-04T20:26:01.414Z] [INFO] Fetching App Store MX tools top_free
[2026-03-04T20:26:02.941Z] [INFO] Fetching Google Play MX tools top_free
[2026-03-04T20:26:03.299Z] [INFO] Fetching App Store MX tools top_paid
[2026-03-04T20:26:04.446Z] [INFO] Fetching Google Play MX tools top_paid
[2026-03-04T20:26:05.269Z] [INFO] Fetching App Store MX tools top_grossing
[2026-03-04T20:26:06.510Z] [INFO] Fetching Google Play MX tools top_grossing
[2026-03-04T20:26:07.806Z] [INFO] Fetching App Store MX books top_free
[2026-03-04T20:26:07.816Z] [INFO] Fetching Google Play MX books top_free
[2026-03-04T20:26:08.308Z] [INFO] Fetching App Store MX books top_paid
[2026-03-04T20:26:08.899Z] [INFO] Fetching Google Play MX books top_paid
[2026-03-04T20:26:09.679Z] [INFO] Fetching App Store MX books top_grossing
[2026-03-04T20:26:09.983Z] [INFO] Fetching Google Play MX books top_grossing
[2026-03-04T20:26:10.021Z] [INFO] Fetching App Store AR tools top_free
[2026-03-04T20:26:11.140Z] [INFO] Fetching Google Play AR tools top_free
[2026-03-04T20:26:11.202Z] [INFO] Fetching App Store AR tools top_paid
[2026-03-04T20:26:11.965Z] [INFO] Fetching Google Play AR tools top_paid
[2026-03-04T20:26:12.295Z] [INFO] Fetching App Store AR tools top_grossing
[2026-03-04T20:26:13.115Z] [INFO] Fetching Google Play AR tools top_grossing
[2026-03-04T20:26:14.152Z] [INFO] Fetching App Store AR books top_free
[2026-03-04T20:26:14.156Z] [INFO] Fetching Google Play AR books top_free
[2026-03-04T20:26:15.135Z] [INFO] Fetching App Store AR books top_paid
[2026-03-04T20:26:15.428Z] [INFO] Fetching Google Play AR books top_paid
[2026-03-04T20:26:16.610Z] [INFO] Fetching App Store AR books top_grossing
[2026-03-04T20:26:17.049Z] [INFO] Fetching Google Play AR books top_grossing
[2026-03-04T20:26:17.859Z] [INFO] Fetching App Store CL tools top_free
[2026-03-04T20:26:17.962Z] [INFO] Fetching Google Play CL tools top_free
[2026-03-04T20:26:19.068Z] [INFO] Fetching App Store CL tools top_paid
[2026-03-04T20:26:19.762Z] [INFO] Fetching Google Play CL tools top_paid
[2026-03-04T20:26:20.001Z] [INFO] Fetching App Store CL tools top_grossing
[2026-03-04T20:26:20.227Z] [INFO] Fetching Google Play CL tools top_grossing
[2026-03-04T20:26:21.215Z] [INFO] Fetching App Store CL books top_free
[2026-03-04T20:26:21.382Z] [INFO] Fetching Google Play CL books top_free
[2026-03-04T20:26:22.567Z] [INFO] Fetching App Store CL books top_paid
[2026-03-04T20:26:23.181Z] [INFO] Fetching Google Play CL books top_paid
[2026-03-04T20:26:23.410Z] [INFO] Fetching App Store CL books top_grossing
[2026-03-04T20:26:23.448Z] [INFO] Fetching Google Play CL books top_grossing
[2026-03-04T20:26:24.340Z] [INFO] Fetching App Store CO tools top_free
[2026-03-04T20:26:24.605Z] [INFO] Fetching Google Play CO tools top_free
[2026-03-04T20:26:24.641Z] [INFO] Fetching App Store CO tools top_paid
[2026-03-04T20:26:25.577Z] [INFO] Fetching Google Play CO tools top_paid
[2026-03-04T20:26:25.743Z] [INFO] Fetching App Store CO tools top_grossing
[2026-03-04T20:26:26.651Z] [INFO] Fetching Google Play CO tools top_grossing
[2026-03-04T20:26:26.824Z] [INFO] Fetching App Store CO books top_free
[2026-03-04T20:26:27.995Z] [INFO] Fetching Google Play CO books top_free
[2026-03-04T20:26:28.951Z] [INFO] Fetching App Store CO books top_paid
[2026-03-04T20:26:29.365Z] [INFO] Fetching Google Play CO books top_paid
[2026-03-04T20:26:29.585Z] [INFO] Fetching App Store CO books top_grossing
[2026-03-04T20:26:30.188Z] [INFO] Fetching Google Play CO books top_grossing
[2026-03-04T20:26:30.545Z] [INFO] Fetching App Store IN tools top_free
[2026-03-04T20:26:31.317Z] [INFO] Fetching Google Play IN tools top_free
[2026-03-04T20:26:31.933Z] [INFO] Fetching App Store IN tools top_paid
[2026-03-04T20:26:32.388Z] [INFO] Fetching Google Play IN tools top_paid
[2026-03-04T20:26:32.469Z] [INFO] Fetching App Store IN tools top_grossing
[2026-03-04T20:26:33.166Z] [INFO] Fetching Google Play IN tools top_grossing
[2026-03-04T20:26:33.670Z] [INFO] Fetching App Store IN books top_free
[2026-03-04T20:26:33.763Z] [INFO] Fetching Google Play IN books top_free
[2026-03-04T20:26:34.297Z] [INFO] Fetching App Store IN books top_paid
[2026-03-04T20:26:34.874Z] [INFO] Fetching Google Play IN books top_paid
[2026-03-04T20:26:35.319Z] [INFO] Fetching App Store IN books top_grossing
[2026-03-04T20:26:36.335Z] [INFO] Fetching Google Play IN books top_grossing
[2026-03-04T20:26:36.541Z] [INFO] Fetching App Store ID tools top_free
[2026-03-04T20:26:37.192Z] [INFO] Fetching Google Play ID tools top_free
[2026-03-04T20:26:38.000Z] [INFO] Fetching App Store ID tools top_paid
[2026-03-04T20:26:38.816Z] [INFO] Fetching Google Play ID tools top_paid
[2026-03-04T20:26:38.958Z] [INFO] Fetching App Store ID tools top_grossing
[2026-03-04T20:26:39.775Z] [INFO] Fetching Google Play ID tools top_grossing
[2026-03-04T20:26:40.197Z] [INFO] Fetching App Store ID books top_free
[2026-03-04T20:26:41.027Z] [INFO] Fetching Google Play ID books top_free
[2026-03-04T20:26:41.061Z] [INFO] Fetching App Store ID books top_paid
[2026-03-04T20:26:42.334Z] [INFO] Fetching Google Play ID books top_paid
[2026-03-04T20:26:42.658Z] [INFO] Fetching App Store ID books top_grossing
[2026-03-04T20:26:43.755Z] [INFO] Fetching Google Play ID books top_grossing
[2026-03-04T20:26:43.800Z] [INFO] Fetching App Store TH tools top_free
[2026-03-04T20:26:44.727Z] [INFO] Fetching Google Play TH tools top_free
[2026-03-04T20:26:45.084Z] [INFO] Fetching App Store TH tools top_paid
[2026-03-04T20:26:45.125Z] [INFO] Fetching Google Play TH tools top_paid
[2026-03-04T20:26:46.054Z] [INFO] Fetching App Store TH tools top_grossing
[2026-03-04T20:26:46.530Z] [INFO] Fetching Google Play TH tools top_grossing
[2026-03-04T20:26:47.408Z] [INFO] Fetching App Store TH books top_free
[2026-03-04T20:26:48.381Z] [INFO] Fetching Google Play TH books top_free
[2026-03-04T20:26:48.491Z] [INFO] Fetching App Store TH books top_paid
[2026-03-04T20:26:49.007Z] [INFO] Fetching Google Play TH books top_paid
[2026-03-04T20:26:49.715Z] [INFO] Fetching App Store TH books top_grossing
[2026-03-04T20:26:49.781Z] [INFO] Fetching Google Play TH books top_grossing
[2026-03-04T20:26:49.800Z] [INFO] Fetching App Store VN tools top_free
[2026-03-04T20:26:50.724Z] [INFO] Fetching Google Play VN tools top_free
[2026-03-04T20:26:51.110Z] [INFO] Fetching App Store VN tools top_paid
[2026-03-04T20:26:51.554Z] [INFO] Fetching Google Play VN tools top_paid
[2026-03-04T20:26:52.188Z] [INFO] Fetching App Store VN tools top_grossing
[2026-03-04T20:26:52.296Z] [INFO] Fetching Google Play VN tools top_grossing
[2026-03-04T20:26:53.007Z] [INFO] Fetching App Store VN books top_free
[2026-03-04T20:26:53.407Z] [INFO] Fetching Google Play VN books top_free
[2026-03-04T20:26:54.065Z] [INFO] Fetching App Store VN books top_paid
[2026-03-04T20:26:54.932Z] [INFO] Fetching Google Play VN books top_paid
[2026-03-04T20:26:55.138Z] [INFO] Fetching App Store VN books top_grossing
[2026-03-04T20:26:55.452Z] [INFO] Fetching Google Play VN books top_grossing
[2026-03-04T20:26:55.546Z] [INFO] Fetching App Store PH tools top_free
[2026-03-04T20:26:55.836Z] [INFO] Fetching Google Play PH tools top_free
[2026-03-04T20:26:56.658Z] [INFO] Fetching App Store PH tools top_paid
[2026-03-04T20:26:57.862Z] [INFO] Fetching Google Play PH tools top_paid
[2026-03-04T20:26:58.636Z] [INFO] Fetching App Store PH tools top_grossing
[2026-03-04T20:26:59.607Z] [INFO] Fetching Google Play PH tools top_grossing
[2026-03-04T20:26:59.780Z] [INFO] Fetching App Store PH books top_free
[2026-03-04T20:26:59.839Z] [INFO] Fetching Google Play PH books top_free
[2026-03-04T20:27:00.398Z] [INFO] Fetching App Store PH books top_paid
[2026-03-04T20:27:01.048Z] [INFO] Fetching Google Play PH books top_paid
[2026-03-04T20:27:01.403Z] [INFO] Fetching App Store PH books top_grossing
[2026-03-04T20:27:02.586Z] [INFO] Fetching Google Play PH books top_grossing
[2026-03-04T20:27:02.859Z] [INFO] Fetching App Store MY tools top_free
[2026-03-04T20:27:03.630Z] [INFO] Fetching Google Play MY tools top_free
[2026-03-04T20:27:03.912Z] [INFO] Fetching App Store MY tools top_paid
[2026-03-04T20:27:04.542Z] [INFO] Fetching Google Play MY tools top_paid
[2026-03-04T20:27:04.971Z] [INFO] Fetching App Store MY tools top_grossing
[2026-03-04T20:27:05.917Z] [INFO] Fetching Google Play MY tools top_grossing
[2026-03-04T20:27:05.991Z] [INFO] Fetching App Store MY books top_free
[2026-03-04T20:27:06.956Z] [INFO] Fetching Google Play MY books top_free
[2026-03-04T20:27:07.497Z] [INFO] Fetching App Store MY books top_paid
[2026-03-04T20:27:07.850Z] [INFO] Fetching Google Play MY books top_paid
[2026-03-04T20:27:08.622Z] [INFO] Fetching App Store MY books top_grossing
[2026-03-04T20:27:08.703Z] [INFO] Fetching Google Play MY books top_grossing
[2026-03-04T20:27:09.785Z] [INFO] Fetching App Store SA tools top_free
[2026-03-04T20:27:10.370Z] [INFO] Fetching Google Play SA tools top_free
[2026-03-04T20:27:10.704Z] [INFO] Fetching App Store SA tools top_paid
[2026-03-04T20:27:12.215Z] [INFO] Fetching Google Play SA tools top_paid
[2026-03-04T20:27:12.346Z] [INFO] Fetching App Store SA tools top_grossing
[2026-03-04T20:27:12.920Z] [INFO] Fetching Google Play SA tools top_grossing
[2026-03-04T20:27:13.159Z] [INFO] Fetching App Store SA books top_free
[2026-03-04T20:27:13.599Z] [INFO] Fetching Google Play SA books top_free
[2026-03-04T20:27:13.631Z] [INFO] Fetching App Store SA books top_paid
[2026-03-04T20:27:14.288Z] [INFO] Fetching Google Play SA books top_paid
[2026-03-04T20:27:14.515Z] [INFO] Fetching App Store SA books top_grossing
[2026-03-04T20:27:15.567Z] [INFO] Fetching Google Play SA books top_grossing
[2026-03-04T20:27:15.988Z] [INFO] Fetching App Store AE tools top_free
[2026-03-04T20:27:16.484Z] [INFO] Fetching Google Play AE tools top_free
[2026-03-04T20:27:17.263Z] [INFO] Fetching App Store AE tools top_paid
[2026-03-04T20:27:17.424Z] [INFO] Fetching Google Play AE tools top_paid
[2026-03-04T20:27:18.186Z] [INFO] Fetching App Store AE tools top_grossing
[2026-03-04T20:27:19.185Z] [INFO] Fetching Google Play AE tools top_grossing
[2026-03-04T20:27:19.618Z] [INFO] Fetching App Store AE books top_free
[2026-03-04T20:27:19.721Z] [INFO] Fetching Google Play AE books top_free
[2026-03-04T20:27:19.765Z] [INFO] Fetching App Store AE books top_paid
[2026-03-04T20:27:20.751Z] [INFO] Fetching Google Play AE books top_paid
[2026-03-04T20:27:21.108Z] [INFO] Fetching App Store AE books top_grossing
[2026-03-04T20:27:22.080Z] [INFO] Fetching Google Play AE books top_grossing
[2026-03-04T20:27:22.176Z] [INFO] Fetching App Store TR tools top_free
[2026-03-04T20:27:22.899Z] [INFO] Fetching Google Play TR tools top_free
[2026-03-04T20:27:23.302Z] [INFO] Fetching App Store TR tools top_paid
[2026-03-04T20:27:24.365Z] [INFO] Fetching Google Play TR tools top_paid
[2026-03-04T20:27:25.295Z] [INFO] Fetching App Store TR tools top_grossing
[2026-03-04T20:27:25.728Z] [INFO] Fetching Google Play TR tools top_grossing
[2026-03-04T20:27:26.452Z] [INFO] Fetching App Store TR books top_free
[2026-03-04T20:27:26.761Z] [INFO] Fetching Google Play TR books top_free
[2026-03-04T20:27:27.332Z] [INFO] Fetching App Store TR books top_paid
[2026-03-04T20:27:28.220Z] [INFO] Fetching Google Play TR books top_paid
[2026-03-04T20:27:28.521Z] [INFO] Fetching App Store TR books top_grossing
[2026-03-04T20:27:29.753Z] [INFO] Fetching Google Play TR books top_grossing
[2026-03-04T20:27:29.873Z] [INFO] Fetching App Store PL tools top_free
[2026-03-04T20:27:31.133Z] [INFO] Fetching Google Play PL tools top_free
[2026-03-04T20:27:31.144Z] [INFO] Fetching App Store PL tools top_paid
[2026-03-04T20:27:32.247Z] [INFO] Fetching Google Play PL tools top_paid
[2026-03-04T20:27:32.531Z] [INFO] Fetching App Store PL tools top_grossing
[2026-03-04T20:27:32.561Z] [INFO] Fetching Google Play PL tools top_grossing
[2026-03-04T20:27:32.890Z] [INFO] Fetching App Store PL books top_free
[2026-03-04T20:27:33.764Z] [INFO] Fetching Google Play PL books top_free
[2026-03-04T20:27:34.206Z] [INFO] Fetching App Store PL books top_paid
[2026-03-04T20:27:35.376Z] [INFO] Fetching Google Play PL books top_paid
[2026-03-04T20:27:36.038Z] [INFO] Fetching App Store PL books top_grossing
[2026-03-04T20:27:36.905Z] [INFO] Fetching Google Play PL books top_grossing
[2026-03-04T20:27:36.960Z] [INFO] Fetching App Store RU tools top_free
[2026-03-04T20:27:37.897Z] [INFO] Fetching Google Play RU tools top_free
[2026-03-04T20:27:38.499Z] [INFO] Fetching App Store RU tools top_paid
[2026-03-04T20:27:38.566Z] [INFO] Fetching Google Play RU tools top_paid
[2026-03-04T20:27:39.631Z] [INFO] Fetching App Store RU tools top_grossing
[2026-03-04T20:27:39.951Z] [INFO] Fetching Google Play RU tools top_grossing
[2026-03-04T20:27:40.294Z] [INFO] Fetching App Store RU books top_free
[2026-03-04T20:27:40.848Z] [INFO] Fetching Google Play RU books top_free
[2026-03-04T20:27:40.897Z] [ERROR] Google Play RU tools top_paid failed: Cannot read properties of undefined (reading 'fantasy-land/map')
[2026-03-04T20:27:40.897Z] [INFO] Fetching App Store RU books top_paid
[2026-03-04T20:27:41.459Z] [INFO] Fetching Google Play RU books top_paid
[2026-03-04T20:27:41.977Z] [INFO] Fetching App Store RU books top_grossing
[2026-03-04T20:27:42.569Z] [INFO] Fetching Google Play RU books top_grossing
[2026-03-04T20:27:43.209Z] [INFO] Fetching App Store ZA tools top_free
[2026-03-04T20:27:43.368Z] [INFO] Fetching Google Play ZA tools top_free
[2026-03-04T20:27:44.089Z] [ERROR] Google Play RU books top_paid failed: Cannot read properties of undefined (reading 'fantasy-land/map')
[2026-03-04T20:27:44.089Z] [INFO] Fetching App Store ZA tools top_paid
[2026-03-04T20:27:44.285Z] [INFO] Fetching Google Play ZA tools top_paid
[2026-03-04T20:27:45.389Z] [INFO] Fetching App Store ZA tools top_grossing
[2026-03-04T20:27:45.614Z] [INFO] Fetching Google Play ZA tools top_grossing
[2026-03-04T20:27:46.663Z] [INFO] Fetching App Store ZA books top_free
[2026-03-04T20:27:47.669Z] [INFO] Fetching Google Play ZA books top_free
[2026-03-04T20:27:47.797Z] [INFO] Fetching App Store ZA books top_paid
[2026-03-04T20:27:48.456Z] [INFO] Fetching Google Play ZA books top_paid
[2026-03-04T20:27:48.744Z] [INFO] Fetching App Store ZA books top_grossing
[2026-03-04T20:27:48.876Z] [INFO] Fetching Google Play ZA books top_grossing
[2026-03-04T20:27:48.966Z] [INFO] Fetching App Store EG tools top_free
[2026-03-04T20:27:50.154Z] [INFO] Fetching Google Play EG tools top_free
[2026-03-04T20:27:50.245Z] [INFO] Fetching App Store EG tools top_paid
[2026-03-04T20:27:51.452Z] [INFO] Fetching Google Play EG tools top_paid
[2026-03-04T20:27:53.388Z] [INFO] Fetching App Store EG tools top_grossing
[2026-03-04T20:27:53.508Z] [INFO] Fetching Google Play EG tools top_grossing
[2026-03-04T20:27:53.525Z] [INFO] Fetching App Store EG books top_free
[2026-03-04T20:27:54.747Z] [INFO] Fetching Google Play EG books top_free
[2026-03-04T20:27:54.788Z] [INFO] Fetching App Store EG books top_paid
[2026-03-04T20:27:55.691Z] [INFO] Fetching Google Play EG books top_paid
[2026-03-04T20:27:55.879Z] [INFO] Fetching App Store EG books top_grossing
[2026-03-04T20:27:56.277Z] [INFO] Fetching Google Play EG books top_grossing
[2026-03-04T20:28:01.112Z] [INFO] Fetched total 9547 records
[2026-03-04T20:28:01.207Z] [INFO] Saved 9547 raw records to /root/.openclaw/workspace/app_rank_scraper/data/rankings_raw.jsonl
[2026-03-04T20:28:01.308Z] [INFO] Saved summary to /root/.openclaw/workspace/app_rank_scraper/data/rankings_summary.csv
[2026-03-04T20:28:02.080Z] [INFO] Saved 10591 changes to /root/.openclaw/workspace/app_rank_scraper/data/rank_changes_20260304_202411.csv
[2026-03-04T20:28:02.091Z] [INFO] Generated report at /root/.openclaw/workspace/app_rank_scraper/report_20260304_202411.md
[2026-03-04T20:28:02.092Z] [INFO] Crawl completed successfully!
