[2026-03-05T03:10:44.970Z] [INFO] Starting crawl at 20260305_031044 UTC
[2026-03-05T03:10:44.972Z] [INFO] Loaded 6 countries
[2026-03-05T03:10:44.975Z] [INFO] Fetching App Store US tools top_free
[2026-03-05T03:10:44.981Z] [INFO] Fetching Google Play US tools top_free
[2026-03-05T03:10:44.987Z] [INFO] Fetching App Store US tools top_paid
[2026-03-05T03:10:44.988Z] [INFO] Fetching Google Play US tools top_paid
[2026-03-05T03:10:44.989Z] [INFO] Fetching App Store US tools top_grossing
[2026-03-05T03:10:45.941Z] [INFO] Fetching Google Play US tools top_grossing
[2026-03-05T03:10:46.048Z] [INFO] Fetching App Store US books top_free
[2026-03-05T03:10:46.152Z] [INFO] Fetching Google Play US books top_free
[2026-03-05T03:10:46.392Z] [INFO] Fetching App Store US books top_paid
[2026-03-05T03:10:46.474Z] [INFO] Fetching Google Play US books top_paid
[2026-03-05T03:10:46.502Z] [INFO] Fetching App Store US books top_grossing
[2026-03-05T03:10:46.771Z] [INFO] Fetching Google Play US books top_grossing
[2026-03-05T03:10:46.930Z] [INFO] Fetching App Store US religion top_free
[2026-03-05T03:10:46.951Z] [INFO] Fetching Google Play US religion top_free
[2026-03-05T03:10:47.257Z] [INFO] Fetching App Store US religion top_paid
[2026-03-05T03:10:47.303Z] [INFO] Fetching Google Play US religion top_paid
[2026-03-05T03:10:47.412Z] [INFO] Fetching App Store US religion top_grossing
[2026-03-05T03:10:47.450Z] [INFO] Fetching Google Play US religion top_grossing
[2026-03-05T03:10:47.526Z] [INFO] Fetching App Store CA tools top_free
[2026-03-05T03:10:47.713Z] [INFO] Fetching Google Play CA tools top_free
[2026-03-05T03:10:47.972Z] [INFO] Fetching App Store CA tools top_paid
[2026-03-05T03:10:47.995Z] [INFO] Fetching Google Play CA tools top_paid
[2026-03-05T03:10:48.089Z] [INFO] Fetching App Store CA tools top_grossing
[2026-03-05T03:10:48.325Z] [INFO] Fetching Google Play CA tools top_grossing
[2026-03-05T03:10:48.357Z] [INFO] Fetching App Store CA books top_free
[2026-03-05T03:10:48.536Z] [INFO] Fetching Google Play CA books top_free
[2026-03-05T03:10:48.766Z] [INFO] Fetching App Store CA books top_paid
[2026-03-05T03:10:48.965Z] [INFO] Fetching Google Play CA books top_paid
[2026-03-05T03:10:49.331Z] [INFO] Fetching App Store CA books top_grossing
[2026-03-05T03:10:49.487Z] [INFO] Fetching Google Play CA books top_grossing
[2026-03-05T03:10:49.534Z] [INFO] Fetching App Store CA religion top_free
[2026-03-05T03:10:49.574Z] [INFO] Fetching Google Play CA religion top_free
[2026-03-05T03:10:49.940Z] [INFO] Fetching App Store CA religion top_paid
[2026-03-05T03:10:49.955Z] [INFO] Fetching Google Play CA religion top_paid
[2026-03-05T03:10:50.018Z] [INFO] Fetching App Store CA religion top_grossing
[2026-03-05T03:10:50.055Z] [INFO] Fetching Google Play CA religion top_grossing
[2026-03-05T03:10:50.065Z] [INFO] Fetching App Store AU tools top_free
[2026-03-05T03:10:50.545Z] [INFO] Fetching Google Play AU tools top_free
[2026-03-05T03:10:50.568Z] [INFO] Fetching App Store AU tools top_paid
[2026-03-05T03:10:50.584Z] [INFO] Fetching Google Play AU tools top_paid
[2026-03-05T03:10:50.598Z] [INFO] Fetching App Store AU tools top_grossing
[2026-03-05T03:10:51.066Z] [INFO] Fetching Google Play AU tools top_grossing
[2026-03-05T03:10:51.089Z] [INFO] Fetching App Store AU books top_free
[2026-03-05T03:10:51.403Z] [INFO] Fetching Google Play AU books top_free
[2026-03-05T03:10:51.468Z] [INFO] Fetching App Store AU books top_paid
[2026-03-05T03:10:51.572Z] [INFO] Fetching Google Play AU books top_paid
[2026-03-05T03:10:51.578Z] [INFO] Fetching App Store AU books top_grossing
[2026-03-05T03:10:51.779Z] [INFO] Fetching Google Play AU books top_grossing
[2026-03-05T03:10:52.014Z] [INFO] Fetching App Store AU religion top_free
[2026-03-05T03:10:52.039Z] [INFO] Fetching Google Play AU religion top_free
[2026-03-05T03:10:52.091Z] [INFO] Fetching App Store AU religion top_paid
[2026-03-05T03:10:52.106Z] [INFO] Fetching Google Play AU religion top_paid
[2026-03-05T03:10:52.246Z] [INFO] Fetching App Store AU religion top_grossing
[2026-03-05T03:10:52.262Z] [INFO] Fetching Google Play AU religion top_grossing
[2026-03-05T03:10:52.609Z] [INFO] Fetching App Store BR tools top_free
[2026-03-05T03:10:52.775Z] [INFO] Fetching Google Play BR tools top_free
[2026-03-05T03:10:52.843Z] [INFO] Fetching App Store BR tools top_paid
[2026-03-05T03:10:54.116Z] [INFO] Fetching Google Play BR tools top_paid
[2026-03-05T03:10:54.126Z] [INFO] Fetching App Store BR tools top_grossing
[2026-03-05T03:10:54.783Z] [INFO] Fetching Google Play BR tools top_grossing
[2026-03-05T03:10:54.838Z] [INFO] Fetching App Store BR books top_free
[2026-03-05T03:10:54.879Z] [INFO] Fetching Google Play BR books top_free
[2026-03-05T03:10:55.341Z] [INFO] Fetching App Store BR books top_paid
[2026-03-05T03:10:56.149Z] [INFO] Fetching Google Play BR books top_paid
[2026-03-05T03:10:56.290Z] [INFO] Fetching App Store BR books top_grossing
[2026-03-05T03:10:56.491Z] [INFO] Fetching Google Play BR books top_grossing
[2026-03-05T03:10:56.542Z] [INFO] Fetching App Store BR religion top_free
[2026-03-05T03:10:56.572Z] [INFO] Fetching Google Play BR religion top_free
[2026-03-05T03:10:56.584Z] [INFO] Fetching App Store BR religion top_paid
[2026-03-05T03:10:56.595Z] [INFO] Fetching Google Play BR religion top_paid
[2026-03-05T03:10:56.609Z] [INFO] Fetching App Store BR religion top_grossing
[2026-03-05T03:10:56.621Z] [INFO] Fetching Google Play BR religion top_grossing
[2026-03-05T03:10:57.482Z] [INFO] Fetching App Store MX tools top_free
[2026-03-05T03:10:57.630Z] [INFO] Fetching Google Play MX tools top_free
[2026-03-05T03:10:57.640Z] [INFO] Fetching App Store MX tools top_paid
[2026-03-05T03:10:57.779Z] [INFO] Fetching Google Play MX tools top_paid
[2026-03-05T03:10:57.884Z] [INFO] Fetching App Store MX tools top_grossing
[2026-03-05T03:10:58.100Z] [INFO] Fetching Google Play MX tools top_grossing
[2026-03-05T03:10:58.330Z] [INFO] Fetching App Store MX books top_free
[2026-03-05T03:10:58.775Z] [INFO] Fetching Google Play MX books top_free
[2026-03-05T03:10:58.835Z] [INFO] Fetching App Store MX books top_paid
[2026-03-05T03:10:59.016Z] [INFO] Fetching Google Play MX books top_paid
[2026-03-05T03:10:59.208Z] [INFO] Fetching App Store MX books top_grossing
[2026-03-05T03:10:59.334Z] [INFO] Fetching Google Play MX books top_grossing
[2026-03-05T03:10:59.391Z] [INFO] Fetching App Store MX religion top_free
[2026-03-05T03:10:59.403Z] [INFO] Fetching Google Play MX religion top_free
[2026-03-05T03:10:59.642Z] [INFO] Fetching App Store MX religion top_paid
[2026-03-05T03:10:59.653Z] [INFO] Fetching Google Play MX religion top_paid
[2026-03-05T03:10:59.750Z] [INFO] Fetching App Store MX religion top_grossing
[2026-03-05T03:10:59.765Z] [INFO] Fetching Google Play MX religion top_grossing
[2026-03-05T03:10:59.916Z] [INFO] Fetching App Store ID tools top_free
[2026-03-05T03:10:59.988Z] [INFO] Fetching Google Play ID tools top_free
[2026-03-05T03:11:00.397Z] [INFO] Fetching App Store ID tools top_paid
[2026-03-05T03:11:00.466Z] [INFO] Fetching Google Play ID tools top_paid
[2026-03-05T03:11:00.570Z] [INFO] Fetching App Store ID tools top_grossing
[2026-03-05T03:11:00.751Z] [INFO] Fetching Google Play ID tools top_grossing
[2026-03-05T03:11:00.836Z] [INFO] Fetching App Store ID books top_free
[2026-03-05T03:11:00.931Z] [INFO] Fetching Google Play ID books top_free
[2026-03-05T03:11:01.160Z] [INFO] Fetching App Store ID books top_paid
[2026-03-05T03:11:01.313Z] [INFO] Fetching Google Play ID books top_paid
[2026-03-05T03:11:01.669Z] [INFO] Fetching App Store ID books top_grossing
[2026-03-05T03:11:01.682Z] [INFO] Fetching Google Play ID books top_grossing
[2026-03-05T03:11:01.972Z] [INFO] Fetching App Store ID religion top_free
[2026-03-05T03:11:01.992Z] [INFO] Fetching Google Play ID religion top_free
[2026-03-05T03:11:02.071Z] [INFO] Fetching App Store ID religion top_paid
[2026-03-05T03:11:02.105Z] [INFO] Fetching Google Play ID religion top_paid
[2026-03-05T03:11:02.154Z] [INFO] Fetching App Store ID religion top_grossing
[2026-03-05T03:11:02.179Z] [INFO] Fetching Google Play ID religion top_grossing
[2026-03-05T03:11:02.823Z] [INFO] Fetched total 1080 records
[2026-03-05T03:11:02.832Z] [INFO] Saved 1080 raw records to /root/.openclaw/workspace/app_rank_scraper/data/rankings_raw.jsonl
[2026-03-05T03:11:02.850Z] [INFO] Saved summary to /root/.openclaw/workspace/app_rank_scraper/data/rankings_summary.csv
[2026-03-05T03:11:03.751Z] [INFO] Saved 1201 changes to /root/.openclaw/workspace/app_rank_scraper/data/rank_changes_20260305_031044.csv
[2026-03-05T03:11:03.755Z] [INFO] Generated report at /root/.openclaw/workspace/app_rank_scraper/report_20260305_031044.md
[2026-03-05T03:11:03.755Z] [INFO] Crawl completed successfully!
