[2026-03-04T18:24:14.934Z] [INFO] Starting crawl at 20260304_182414 UTC
[2026-03-04T18:24:14.936Z] [INFO] Loaded 40 countries
[2026-03-04T18:24:14.943Z] [INFO] Fetching App Store US tools top_free
[2026-03-04T18:24:14.949Z] [INFO] Fetching Google Play US tools top_free
[2026-03-04T18:24:14.956Z] [INFO] Fetching App Store US tools top_paid
[2026-03-04T18:24:14.957Z] [INFO] Fetching Google Play US tools top_paid
[2026-03-04T18:24:14.958Z] [INFO] Fetching App Store US tools top_grossing
[2026-03-04T18:24:16.725Z] [INFO] Fetching Google Play US tools top_grossing
[2026-03-04T18:24:16.736Z] [INFO] Fetching App Store US books top_free
[2026-03-04T18:24:16.797Z] [INFO] Fetching Google Play US books top_free
[2026-03-04T18:24:17.188Z] [INFO] Fetching App Store US books top_paid
[2026-03-04T18:24:17.592Z] [INFO] Fetching Google Play US books top_paid
[2026-03-04T18:24:17.804Z] [INFO] Fetching App Store US books top_grossing
[2026-03-04T18:24:18.339Z] [INFO] Fetching Google Play US books top_grossing
[2026-03-04T18:24:18.578Z] [INFO] Fetching App Store GB tools top_free
[2026-03-04T18:24:18.886Z] [INFO] Fetching Google Play GB tools top_free
[2026-03-04T18:24:18.949Z] [INFO] Fetching App Store GB tools top_paid
[2026-03-04T18:24:19.419Z] [INFO] Fetching Google Play GB tools top_paid
[2026-03-04T18:24:19.965Z] [INFO] Fetching App Store GB tools top_grossing
[2026-03-04T18:24:20.140Z] [INFO] Fetching Google Play GB tools top_grossing
[2026-03-04T18:24:20.374Z] [INFO] Fetching App Store GB books top_free
[2026-03-04T18:24:20.485Z] [INFO] Fetching Google Play GB books top_free
[2026-03-04T18:24:20.635Z] [INFO] Fetching App Store GB books top_paid
[2026-03-04T18:24:20.710Z] [INFO] Fetching Google Play GB books top_paid
[2026-03-04T18:24:21.271Z] [INFO] Fetching App Store GB books top_grossing
[2026-03-04T18:24:21.533Z] [INFO] Fetching Google Play GB books top_grossing
[2026-03-04T18:24:21.876Z] [INFO] Fetching App Store DE tools top_free
[2026-03-04T18:24:22.028Z] [INFO] Fetching Google Play DE tools top_free
[2026-03-04T18:24:22.072Z] [INFO] Fetching App Store DE tools top_paid
[2026-03-04T18:24:22.382Z] [INFO] Fetching Google Play DE tools top_paid
[2026-03-04T18:24:22.765Z] [INFO] Fetching App Store DE tools top_grossing
[2026-03-04T18:24:23.313Z] [INFO] Fetching Google Play DE tools top_grossing
[2026-03-04T18:24:23.684Z] [INFO] Fetching App Store DE books top_free
[2026-03-04T18:24:23.862Z] [INFO] Fetching Google Play DE books top_free
[2026-03-04T18:24:24.075Z] [INFO] Fetching App Store DE books top_paid
[2026-03-04T18:24:24.488Z] [INFO] Fetching Google Play DE books top_paid
[2026-03-04T18:24:25.018Z] [INFO] Fetching App Store DE books top_grossing
[2026-03-04T18:24:25.086Z] [INFO] Fetching Google Play DE books top_grossing
[2026-03-04T18:24:25.718Z] [INFO] Fetching App Store FR tools top_free
[2026-03-04T18:24:25.729Z] [INFO] Fetching Google Play FR tools top_free
[2026-03-04T18:24:26.320Z] [INFO] Fetching App Store FR tools top_paid
[2026-03-04T18:24:26.832Z] [INFO] Fetching Google Play FR tools top_paid
[2026-03-04T18:24:27.074Z] [INFO] Fetching App Store FR tools top_grossing
[2026-03-04T18:24:27.794Z] [INFO] Fetching Google Play FR tools top_grossing
[2026-03-04T18:24:28.062Z] [INFO] Fetching App Store FR books top_free
[2026-03-04T18:24:28.087Z] [INFO] Fetching Google Play FR books top_free
[2026-03-04T18:24:28.300Z] [INFO] Fetching App Store FR books top_paid
[2026-03-04T18:24:29.042Z] [INFO] Fetching Google Play FR books top_paid
[2026-03-04T18:24:29.069Z] [INFO] Fetching App Store FR books top_grossing
[2026-03-04T18:24:29.073Z] [INFO] Fetching Google Play FR books top_grossing
[2026-03-04T18:24:29.433Z] [INFO] Fetching App Store CA tools top_free
[2026-03-04T18:24:29.880Z] [INFO] Fetching Google Play CA tools top_free
[2026-03-04T18:24:30.317Z] [INFO] Fetching App Store CA tools top_paid
[2026-03-04T18:24:30.604Z] [INFO] Fetching Google Play CA tools top_paid
[2026-03-04T18:24:30.614Z] [INFO] Fetching App Store CA tools top_grossing
[2026-03-04T18:24:30.909Z] [INFO] Fetching Google Play CA tools top_grossing
[2026-03-04T18:24:31.250Z] [INFO] Fetching App Store CA books top_free
[2026-03-04T18:24:31.261Z] [INFO] Fetching Google Play CA books top_free
[2026-03-04T18:24:31.754Z] [INFO] Fetching App Store CA books top_paid
[2026-03-04T18:24:31.866Z] [INFO] Fetching Google Play CA books top_paid
[2026-03-04T18:24:32.059Z] [INFO] Fetching App Store CA books top_grossing
[2026-03-04T18:24:32.514Z] [INFO] Fetching Google Play CA books top_grossing
[2026-03-04T18:24:32.569Z] [INFO] Fetching App Store AU tools top_free
[2026-03-04T18:24:32.833Z] [INFO] Fetching Google Play AU tools top_free
[2026-03-04T18:24:33.085Z] [INFO] Fetching App Store AU tools top_paid
[2026-03-04T18:24:33.171Z] [INFO] Fetching Google Play AU tools top_paid
[2026-03-04T18:24:33.615Z] [INFO] Fetching App Store AU tools top_grossing
[2026-03-04T18:24:33.783Z] [INFO] Fetching Google Play AU tools top_grossing
[2026-03-04T18:24:33.860Z] [INFO] Fetching App Store AU books top_free
[2026-03-04T18:24:34.316Z] [INFO] Fetching Google Play AU books top_free
[2026-03-04T18:24:34.491Z] [INFO] Fetching App Store AU books top_paid
[2026-03-04T18:24:34.759Z] [INFO] Fetching Google Play AU books top_paid
[2026-03-04T18:24:34.821Z] [INFO] Fetching App Store AU books top_grossing
[2026-03-04T18:24:35.333Z] [INFO] Fetching Google Play AU books top_grossing
[2026-03-04T18:24:35.370Z] [INFO] Fetching App Store JP tools top_free
[2026-03-04T18:24:35.690Z] [INFO] Fetching Google Play JP tools top_free
[2026-03-04T18:24:35.703Z] [INFO] Fetching App Store JP tools top_paid
[2026-03-04T18:24:35.913Z] [INFO] Fetching Google Play JP tools top_paid
[2026-03-04T18:24:36.449Z] [INFO] Fetching App Store JP tools top_grossing
[2026-03-04T18:24:36.566Z] [INFO] Fetching Google Play JP tools top_grossing
[2026-03-04T18:24:36.726Z] [INFO] Fetching App Store JP books top_free
[2026-03-04T18:24:37.111Z] [INFO] Fetching Google Play JP books top_free
[2026-03-04T18:24:37.299Z] [INFO] Fetching App Store JP books top_paid
[2026-03-04T18:24:37.392Z] [INFO] Fetching Google Play JP books top_paid
[2026-03-04T18:24:37.625Z] [INFO] Fetching App Store JP books top_grossing
[2026-03-04T18:24:37.994Z] [INFO] Fetching Google Play JP books top_grossing
[2026-03-04T18:24:38.063Z] [INFO] Fetching App Store KR tools top_free
[2026-03-04T18:24:38.491Z] [INFO] Fetching Google Play KR tools top_free
[2026-03-04T18:24:38.751Z] [INFO] Fetching App Store KR tools top_paid
[2026-03-04T18:24:38.803Z] [INFO] Fetching Google Play KR tools top_paid
[2026-03-04T18:24:39.447Z] [INFO] Fetching App Store KR tools top_grossing
[2026-03-04T18:24:39.460Z] [INFO] Fetching Google Play KR tools top_grossing
[2026-03-04T18:24:39.885Z] [INFO] Fetching App Store KR books top_free
[2026-03-04T18:24:39.916Z] [INFO] Fetching Google Play KR books top_free
[2026-03-04T18:24:40.202Z] [INFO] Fetching App Store KR books top_paid
[2026-03-04T18:24:40.467Z] [INFO] Fetching Google Play KR books top_paid
[2026-03-04T18:24:40.917Z] [INFO] Fetching App Store KR books top_grossing
[2026-03-04T18:24:41.008Z] [INFO] Fetching Google Play KR books top_grossing
[2026-03-04T18:24:41.315Z] [INFO] Fetching App Store IT tools top_free
[2026-03-04T18:24:41.529Z] [INFO] Fetching Google Play IT tools top_free
[2026-03-04T18:24:41.731Z] [INFO] Fetching App Store IT tools top_paid
[2026-03-04T18:24:42.066Z] [INFO] Fetching Google Play IT tools top_paid
[2026-03-04T18:24:42.679Z] [INFO] Fetching App Store IT tools top_grossing
[2026-03-04T18:24:42.794Z] [INFO] Fetching Google Play IT tools top_grossing
[2026-03-04T18:24:43.186Z] [INFO] Fetching App Store IT books top_free
[2026-03-04T18:24:43.368Z] [INFO] Fetching Google Play IT books top_free
[2026-03-04T18:24:43.737Z] [INFO] Fetching App Store IT books top_paid
[2026-03-04T18:24:44.026Z] [INFO] Fetching Google Play IT books top_paid
[2026-03-04T18:24:44.484Z] [INFO] Fetching App Store IT books top_grossing
[2026-03-04T18:24:44.622Z] [INFO] Fetching Google Play IT books top_grossing
[2026-03-04T18:24:44.635Z] [INFO] Fetching App Store ES tools top_free
[2026-03-04T18:24:45.149Z] [INFO] Fetching Google Play ES tools top_free
[2026-03-04T18:24:45.272Z] [INFO] Fetching App Store ES tools top_paid
[2026-03-04T18:24:45.989Z] [INFO] Fetching Google Play ES tools top_paid
[2026-03-04T18:24:46.033Z] [INFO] Fetching App Store ES tools top_grossing
[2026-03-04T18:24:46.554Z] [INFO] Fetching Google Play ES tools top_grossing
[2026-03-04T18:24:46.617Z] [INFO] Fetching App Store ES books top_free
[2026-03-04T18:24:47.141Z] [INFO] Fetching Google Play ES books top_free
[2026-03-04T18:24:47.156Z] [INFO] Fetching App Store ES books top_paid
[2026-03-04T18:24:47.784Z] [INFO] Fetching Google Play ES books top_paid
[2026-03-04T18:24:48.317Z] [INFO] Fetching App Store ES books top_grossing
[2026-03-04T18:24:48.404Z] [INFO] Fetching Google Play ES books top_grossing
[2026-03-04T18:24:48.412Z] [INFO] Fetching App Store NL tools top_free
[2026-03-04T18:24:48.577Z] [INFO] Fetching Google Play NL tools top_free
[2026-03-04T18:24:49.072Z] [INFO] Fetching App Store NL tools top_paid
[2026-03-04T18:24:49.622Z] [INFO] Fetching Google Play NL tools top_paid
[2026-03-04T18:24:50.142Z] [INFO] Fetching App Store NL tools top_grossing
[2026-03-04T18:24:50.169Z] [INFO] Fetching Google Play NL tools top_grossing
[2026-03-04T18:24:50.394Z] [INFO] Fetching App Store NL books top_free
[2026-03-04T18:24:50.871Z] [INFO] Fetching Google Play NL books top_free
[2026-03-04T18:24:50.961Z] [INFO] Fetching App Store NL books top_paid
[2026-03-04T18:24:51.969Z] [INFO] Fetching Google Play NL books top_paid
[2026-03-04T18:24:52.117Z] [INFO] Fetching App Store NL books top_grossing
[2026-03-04T18:24:52.282Z] [INFO] Fetching Google Play NL books top_grossing
[2026-03-04T18:24:52.297Z] [INFO] Fetching App Store SE tools top_free
[2026-03-04T18:24:52.382Z] [INFO] Fetching Google Play SE tools top_free
[2026-03-04T18:24:54.113Z] [INFO] Fetching App Store SE tools top_paid
[2026-03-04T18:24:54.324Z] [INFO] Fetching Google Play SE tools top_paid
[2026-03-04T18:24:54.962Z] [INFO] Fetching App Store SE tools top_grossing
[2026-03-04T18:24:55.198Z] [INFO] Fetching Google Play SE tools top_grossing
[2026-03-04T18:24:55.726Z] [INFO] Fetching App Store SE books top_free
[2026-03-04T18:24:55.804Z] [INFO] Fetching Google Play SE books top_free
[2026-03-04T18:24:56.432Z] [INFO] Fetching App Store SE books top_paid
[2026-03-04T18:24:56.929Z] [INFO] Fetching Google Play SE books top_paid
[2026-03-04T18:24:57.357Z] [INFO] Fetching App Store SE books top_grossing
[2026-03-04T18:24:57.498Z] [INFO] Fetching Google Play SE books top_grossing
[2026-03-04T18:24:57.573Z] [INFO] Fetching App Store CH tools top_free
[2026-03-04T18:24:58.484Z] [INFO] Fetching Google Play CH tools top_free
[2026-03-04T18:24:58.836Z] [INFO] Fetching App Store CH tools top_paid
[2026-03-04T18:24:58.987Z] [INFO] Fetching Google Play CH tools top_paid
[2026-03-04T18:24:59.218Z] [INFO] Fetching App Store CH tools top_grossing
[2026-03-04T18:25:00.135Z] [INFO] Fetching Google Play CH tools top_grossing
[2026-03-04T18:25:00.536Z] [INFO] Fetching App Store CH books top_free
[2026-03-04T18:25:00.693Z] [INFO] Fetching Google Play CH books top_free
[2026-03-04T18:25:01.291Z] [INFO] Fetching App Store CH books top_paid
[2026-03-04T18:25:02.661Z] [INFO] Fetching Google Play CH books top_paid
[2026-03-04T18:25:02.847Z] [INFO] Fetching App Store CH books top_grossing
[2026-03-04T18:25:03.265Z] [INFO] Fetching Google Play CH books top_grossing
[2026-03-04T18:25:04.394Z] [INFO] Fetching App Store NO tools top_free
[2026-03-04T18:25:04.423Z] [INFO] Fetching Google Play NO tools top_free
[2026-03-04T18:25:05.647Z] [INFO] Fetching App Store NO tools top_paid
[2026-03-04T18:25:06.619Z] [INFO] Fetching Google Play NO tools top_paid
[2026-03-04T18:25:07.692Z] [INFO] Fetching App Store NO tools top_grossing
[2026-03-04T18:25:08.204Z] [INFO] Fetching Google Play NO tools top_grossing
[2026-03-04T18:25:08.589Z] [INFO] Fetching App Store NO books top_free
[2026-03-04T18:25:08.637Z] [INFO] Fetching Google Play NO books top_free
[2026-03-04T18:25:09.750Z] [INFO] Fetching App Store NO books top_paid
[2026-03-04T18:25:10.532Z] [INFO] Fetching Google Play NO books top_paid
[2026-03-04T18:25:10.870Z] [INFO] Fetching App Store NO books top_grossing
[2026-03-04T18:25:11.206Z] [INFO] Fetching Google Play NO books top_grossing
[2026-03-04T18:25:12.934Z] [INFO] Fetching App Store DK tools top_free
[2026-03-04T18:25:14.503Z] [INFO] Fetching Google Play DK tools top_free
[2026-03-04T18:25:14.929Z] [INFO] Fetching App Store DK tools top_paid
[2026-03-04T18:25:15.149Z] [INFO] Fetching Google Play DK tools top_paid
[2026-03-04T18:25:16.581Z] [INFO] Fetching App Store DK tools top_grossing
[2026-03-04T18:25:17.405Z] [INFO] Fetching Google Play DK tools top_grossing
[2026-03-04T18:25:17.480Z] [INFO] Fetching App Store DK books top_free
[2026-03-04T18:25:18.626Z] [INFO] Fetching Google Play DK books top_free
[2026-03-04T18:25:18.685Z] [INFO] Fetching App Store DK books top_paid
[2026-03-04T18:25:19.127Z] [INFO] Fetching Google Play DK books top_paid
[2026-03-04T18:25:19.569Z] [INFO] Fetching App Store DK books top_grossing
[2026-03-04T18:25:20.415Z] [INFO] Fetching Google Play DK books top_grossing
[2026-03-04T18:25:21.597Z] [INFO] Fetching App Store FI tools top_free
[2026-03-04T18:25:23.100Z] [INFO] Fetching Google Play FI tools top_free
[2026-03-04T18:25:23.414Z] [INFO] Fetching App Store FI tools top_paid
[2026-03-04T18:25:24.384Z] [INFO] Fetching Google Play FI tools top_paid
[2026-03-04T18:25:24.708Z] [INFO] Fetching App Store FI tools top_grossing
[2026-03-04T18:25:25.388Z] [INFO] Fetching Google Play FI tools top_grossing
[2026-03-04T18:25:25.697Z] [INFO] Fetching App Store FI books top_free
[2026-03-04T18:25:26.804Z] [INFO] Fetching Google Play FI books top_free
[2026-03-04T18:25:27.591Z] [INFO] Fetching App Store FI books top_paid
[2026-03-04T18:25:28.637Z] [INFO] Fetching Google Play FI books top_paid
[2026-03-04T18:25:28.769Z] [INFO] Fetching App Store FI books top_grossing
[2026-03-04T18:25:30.602Z] [INFO] Fetching Google Play FI books top_grossing
[2026-03-04T18:25:30.766Z] [INFO] Fetching App Store SG tools top_free
[2026-03-04T18:25:31.102Z] [INFO] Fetching Google Play SG tools top_free
[2026-03-04T18:25:32.760Z] [INFO] Fetching App Store SG tools top_paid
[2026-03-04T18:25:32.963Z] [INFO] Fetching Google Play SG tools top_paid
[2026-03-04T18:25:34.483Z] [INFO] Fetching App Store SG tools top_grossing
[2026-03-04T18:25:34.989Z] [INFO] Fetching Google Play SG tools top_grossing
[2026-03-04T18:25:36.073Z] [INFO] Fetching App Store SG books top_free
[2026-03-04T18:25:36.915Z] [INFO] Fetching Google Play SG books top_free
[2026-03-04T18:25:36.920Z] [INFO] Fetching App Store SG books top_paid
[2026-03-04T18:25:37.224Z] [INFO] Fetching Google Play SG books top_paid
[2026-03-04T18:25:38.028Z] [INFO] Fetching App Store SG books top_grossing
[2026-03-04T18:25:38.252Z] [INFO] Fetching Google Play SG books top_grossing
[2026-03-04T18:25:40.280Z] [INFO] Fetching App Store HK tools top_free
[2026-03-04T18:25:40.352Z] [INFO] Fetching Google Play HK tools top_free
[2026-03-04T18:25:41.520Z] [INFO] Fetching App Store HK tools top_paid
[2026-03-04T18:25:41.959Z] [INFO] Fetching Google Play HK tools top_paid
[2026-03-04T18:25:42.293Z] [INFO] Fetching App Store HK tools top_grossing
[2026-03-04T18:25:43.277Z] [INFO] Fetching Google Play HK tools top_grossing
[2026-03-04T18:25:43.394Z] [INFO] Fetching App Store HK books top_free
[2026-03-04T18:25:43.533Z] [INFO] Fetching Google Play HK books top_free
[2026-03-04T18:25:44.364Z] [INFO] Fetching App Store HK books top_paid
[2026-03-04T18:25:45.473Z] [INFO] Fetching Google Play HK books top_paid
[2026-03-04T18:25:46.168Z] [INFO] Fetching App Store HK books top_grossing
[2026-03-04T18:25:46.314Z] [INFO] Fetching Google Play HK books top_grossing
[2026-03-04T18:25:47.845Z] [INFO] Fetching App Store TW tools top_free
[2026-03-04T18:25:48.145Z] [INFO] Fetching Google Play TW tools top_free
[2026-03-04T18:25:49.198Z] [INFO] Fetching App Store TW tools top_paid
[2026-03-04T18:25:49.342Z] [INFO] Fetching Google Play TW tools top_paid
[2026-03-04T18:25:51.444Z] [INFO] Fetching App Store TW tools top_grossing
[2026-03-04T18:25:51.460Z] [INFO] Fetching Google Play TW tools top_grossing
[2026-03-04T18:25:52.449Z] [INFO] Fetching App Store TW books top_free
[2026-03-04T18:25:52.721Z] [INFO] Fetching Google Play TW books top_free
[2026-03-04T18:25:53.221Z] [INFO] Fetching App Store TW books top_paid
[2026-03-04T18:25:53.775Z] [INFO] Fetching Google Play TW books top_paid
[2026-03-04T18:25:54.145Z] [INFO] Fetching App Store TW books top_grossing
[2026-03-04T18:25:54.550Z] [INFO] Fetching Google Play TW books top_grossing
[2026-03-04T18:25:55.781Z] [INFO] Fetching App Store NZ tools top_free
[2026-03-04T18:25:56.746Z] [INFO] Fetching Google Play NZ tools top_free
[2026-03-04T18:25:56.929Z] [INFO] Fetching App Store NZ tools top_paid
[2026-03-04T18:25:57.441Z] [INFO] Fetching Google Play NZ tools top_paid
[2026-03-04T18:25:57.591Z] [INFO] Fetching App Store NZ tools top_grossing
[2026-03-04T18:25:59.121Z] [INFO] Fetching Google Play NZ tools top_grossing
[2026-03-04T18:25:59.151Z] [INFO] Fetching App Store NZ books top_free
[2026-03-04T18:25:59.847Z] [INFO] Fetching Google Play NZ books top_free
[2026-03-04T18:26:00.122Z] [INFO] Fetching App Store NZ books top_paid
[2026-03-04T18:26:01.219Z] [INFO] Fetching Google Play NZ books top_paid
[2026-03-04T18:26:01.235Z] [INFO] Fetching App Store NZ books top_grossing
[2026-03-04T18:26:02.199Z] [INFO] Fetching Google Play NZ books top_grossing
[2026-03-04T18:26:02.364Z] [INFO] Fetching App Store AT tools top_free
[2026-03-04T18:26:02.980Z] [INFO] Fetching Google Play AT tools top_free
[2026-03-04T18:26:02.992Z] [INFO] Fetching App Store AT tools top_paid
[2026-03-04T18:26:04.237Z] [INFO] Fetching Google Play AT tools top_paid
[2026-03-04T18:26:04.745Z] [INFO] Fetching App Store AT tools top_grossing
[2026-03-04T18:26:06.160Z] [INFO] Fetching Google Play AT tools top_grossing
[2026-03-04T18:26:06.215Z] [INFO] Fetching App Store AT books top_free
[2026-03-04T18:26:06.495Z] [INFO] Fetching Google Play AT books top_free
[2026-03-04T18:26:07.826Z] [INFO] Fetching App Store AT books top_paid
[2026-03-04T18:26:08.274Z] [INFO] Fetching Google Play AT books top_paid
[2026-03-04T18:26:09.252Z] [INFO] Fetching App Store AT books top_grossing
[2026-03-04T18:26:09.662Z] [INFO] Fetching Google Play AT books top_grossing
[2026-03-04T18:26:10.864Z] [INFO] Fetching App Store BE tools top_free
[2026-03-04T18:26:12.598Z] [INFO] Fetching Google Play BE tools top_free
[2026-03-04T18:26:12.669Z] [INFO] Fetching App Store BE tools top_paid
[2026-03-04T18:26:13.151Z] [INFO] Fetching Google Play BE tools top_paid
[2026-03-04T18:26:14.442Z] [INFO] Fetching App Store BE tools top_grossing
[2026-03-04T18:26:15.173Z] [INFO] Fetching Google Play BE tools top_grossing
[2026-03-04T18:26:16.037Z] [INFO] Fetching App Store BE books top_free
[2026-03-04T18:26:16.095Z] [INFO] Fetching Google Play BE books top_free
[2026-03-04T18:26:16.379Z] [INFO] Fetching App Store BE books top_paid
[2026-03-04T18:26:16.551Z] [INFO] Fetching Google Play BE books top_paid
[2026-03-04T18:26:17.532Z] [INFO] Fetching App Store BE books top_grossing
[2026-03-04T18:26:17.769Z] [INFO] Fetching Google Play BE books top_grossing
[2026-03-04T18:26:18.307Z] [INFO] Fetching App Store BR tools top_free
[2026-03-04T18:26:19.411Z] [INFO] Fetching Google Play BR tools top_free
[2026-03-04T18:26:20.221Z] [INFO] Fetching App Store BR tools top_paid
[2026-03-04T18:26:20.308Z] [INFO] Fetching Google Play BR tools top_paid
[2026-03-04T18:26:22.401Z] [INFO] Fetching App Store BR tools top_grossing
[2026-03-04T18:26:22.653Z] [INFO] Fetching Google Play BR tools top_grossing
[2026-03-04T18:26:22.736Z] [INFO] Fetching App Store BR books top_free
[2026-03-04T18:26:23.491Z] [INFO] Fetching Google Play BR books top_free
[2026-03-04T18:26:24.459Z] [INFO] Fetching App Store BR books top_paid
[2026-03-04T18:26:24.486Z] [INFO] Fetching Google Play BR books top_paid
[2026-03-04T18:26:24.875Z] [INFO] Fetching App Store BR books top_grossing
[2026-03-04T18:26:25.214Z] [INFO] Fetching Google Play BR books top_grossing
[2026-03-04T18:26:26.511Z] [INFO] Fetching App Store MX tools top_free
[2026-03-04T18:26:27.714Z] [INFO] Fetching Google Play MX tools top_free
[2026-03-04T18:26:28.444Z] [INFO] Fetching App Store MX tools top_paid
[2026-03-04T18:26:28.705Z] [INFO] Fetching Google Play MX tools top_paid
[2026-03-04T18:26:29.228Z] [INFO] Fetching App Store MX tools top_grossing
[2026-03-04T18:26:30.380Z] [INFO] Fetching Google Play MX tools top_grossing
[2026-03-04T18:26:31.313Z] [INFO] Fetching App Store MX books top_free
[2026-03-04T18:26:32.112Z] [INFO] Fetching Google Play MX books top_free
[2026-03-04T18:26:32.888Z] [INFO] Fetching App Store MX books top_paid
[2026-03-04T18:26:33.218Z] [INFO] Fetching Google Play MX books top_paid
[2026-03-04T18:26:33.336Z] [INFO] Fetching App Store MX books top_grossing
[2026-03-04T18:26:34.155Z] [INFO] Fetching Google Play MX books top_grossing
[2026-03-04T18:26:34.571Z] [INFO] Fetching App Store AR tools top_free
[2026-03-04T18:26:35.171Z] [INFO] Fetching Google Play AR tools top_free
[2026-03-04T18:26:36.699Z] [INFO] Fetching App Store AR tools top_paid
[2026-03-04T18:26:37.061Z] [INFO] Fetching Google Play AR tools top_paid
[2026-03-04T18:26:37.456Z] [INFO] Fetching App Store AR tools top_grossing
[2026-03-04T18:26:38.512Z] [INFO] Fetching Google Play AR tools top_grossing
[2026-03-04T18:26:39.266Z] [INFO] Fetching App Store AR books top_free
[2026-03-04T18:26:39.735Z] [INFO] Fetching Google Play AR books top_free
[2026-03-04T18:26:40.092Z] [INFO] Fetching App Store AR books top_paid
[2026-03-04T18:26:40.333Z] [INFO] Fetching Google Play AR books top_paid
[2026-03-04T18:26:40.939Z] [INFO] Fetching App Store AR books top_grossing
[2026-03-04T18:26:41.414Z] [INFO] Fetching Google Play AR books top_grossing
[2026-03-04T18:26:41.859Z] [INFO] Fetching App Store CL tools top_free
[2026-03-04T18:26:42.828Z] [INFO] Fetching Google Play CL tools top_free
[2026-03-04T18:26:42.955Z] [INFO] Fetching App Store CL tools top_paid
[2026-03-04T18:26:43.501Z] [INFO] Fetching Google Play CL tools top_paid
[2026-03-04T18:26:43.517Z] [INFO] Fetching App Store CL tools top_grossing
[2026-03-04T18:26:44.844Z] [INFO] Fetching Google Play CL tools top_grossing
[2026-03-04T18:26:45.859Z] [INFO] Fetching App Store CL books top_free
[2026-03-04T18:26:47.628Z] [INFO] Fetching Google Play CL books top_free
[2026-03-04T18:26:47.985Z] [INFO] Fetching App Store CL books top_paid
[2026-03-04T18:26:48.082Z] [INFO] Fetching Google Play CL books top_paid
[2026-03-04T18:26:48.703Z] [INFO] Fetching App Store CL books top_grossing
[2026-03-04T18:26:49.286Z] [INFO] Fetching Google Play CL books top_grossing
[2026-03-04T18:26:49.918Z] [INFO] Fetching App Store CO tools top_free
[2026-03-04T18:26:50.395Z] [INFO] Fetching Google Play CO tools top_free
[2026-03-04T18:26:50.936Z] [INFO] Fetching App Store CO tools top_paid
[2026-03-04T18:26:51.831Z] [INFO] Fetching Google Play CO tools top_paid
[2026-03-04T18:26:52.722Z] [INFO] Fetching App Store CO tools top_grossing
[2026-03-04T18:26:53.175Z] [INFO] Fetching Google Play CO tools top_grossing
[2026-03-04T18:26:54.870Z] [INFO] Fetching App Store CO books top_free
[2026-03-04T18:26:54.976Z] [INFO] Fetching Google Play CO books top_free
[2026-03-04T18:26:55.904Z] [INFO] Fetching App Store CO books top_paid
[2026-03-04T18:26:56.309Z] [INFO] Fetching Google Play CO books top_paid
[2026-03-04T18:26:56.525Z] [INFO] Fetching App Store CO books top_grossing
[2026-03-04T18:26:57.077Z] [INFO] Fetching Google Play CO books top_grossing
[2026-03-04T18:26:58.463Z] [INFO] Fetching App Store IN tools top_free
[2026-03-04T18:26:59.320Z] [INFO] Fetching Google Play IN tools top_free
[2026-03-04T18:26:59.965Z] [INFO] Fetching App Store IN tools top_paid
[2026-03-04T18:27:00.190Z] [INFO] Fetching Google Play IN tools top_paid
[2026-03-04T18:27:00.622Z] [INFO] Fetching App Store IN tools top_grossing
[2026-03-04T18:27:01.093Z] [INFO] Fetching Google Play IN tools top_grossing
[2026-03-04T18:27:01.289Z] [INFO] Fetching App Store IN books top_free
[2026-03-04T18:27:02.352Z] [INFO] Fetching Google Play IN books top_free
[2026-03-04T18:27:03.266Z] [INFO] Fetching App Store IN books top_paid
[2026-03-04T18:27:03.946Z] [INFO] Fetching Google Play IN books top_paid
[2026-03-04T18:27:04.417Z] [INFO] Fetching App Store IN books top_grossing
[2026-03-04T18:27:05.004Z] [INFO] Fetching Google Play IN books top_grossing
[2026-03-04T18:27:05.052Z] [INFO] Fetching App Store ID tools top_free
[2026-03-04T18:27:06.216Z] [INFO] Fetching Google Play ID tools top_free
[2026-03-04T18:27:06.412Z] [INFO] Fetching App Store ID tools top_paid
[2026-03-04T18:27:06.701Z] [INFO] Fetching Google Play ID tools top_paid
[2026-03-04T18:27:08.256Z] [INFO] Fetching App Store ID tools top_grossing
[2026-03-04T18:27:09.342Z] [INFO] Fetching Google Play ID tools top_grossing
[2026-03-04T18:27:09.789Z] [INFO] Fetching App Store ID books top_free
[2026-03-04T18:27:10.208Z] [INFO] Fetching Google Play ID books top_free
[2026-03-04T18:27:10.440Z] [INFO] Fetching App Store ID books top_paid
[2026-03-04T18:27:10.933Z] [INFO] Fetching Google Play ID books top_paid
[2026-03-04T18:27:11.527Z] [INFO] Fetching App Store ID books top_grossing
[2026-03-04T18:27:12.115Z] [INFO] Fetching Google Play ID books top_grossing
[2026-03-04T18:27:13.324Z] [INFO] Fetching App Store TH tools top_free
[2026-03-04T18:27:13.720Z] [INFO] Fetching Google Play TH tools top_free
[2026-03-04T18:27:15.023Z] [INFO] Fetching App Store TH tools top_paid
[2026-03-04T18:27:15.195Z] [INFO] Fetching Google Play TH tools top_paid
[2026-03-04T18:27:15.401Z] [INFO] Fetching App Store TH tools top_grossing
[2026-03-04T18:27:15.895Z] [INFO] Fetching Google Play TH tools top_grossing
[2026-03-04T18:27:16.759Z] [INFO] Fetching App Store TH books top_free
[2026-03-04T18:27:17.480Z] [INFO] Fetching Google Play TH books top_free
[2026-03-04T18:27:18.404Z] [INFO] Fetching App Store TH books top_paid
[2026-03-04T18:27:18.607Z] [INFO] Fetching Google Play TH books top_paid
[2026-03-04T18:27:18.754Z] [INFO] Fetching App Store TH books top_grossing
[2026-03-04T18:27:19.571Z] [INFO] Fetching Google Play TH books top_grossing
[2026-03-04T18:27:20.568Z] [INFO] Fetching App Store VN tools top_free
[2026-03-04T18:27:20.614Z] [INFO] Fetching Google Play VN tools top_free
[2026-03-04T18:27:20.861Z] [INFO] Fetching App Store VN tools top_paid
[2026-03-04T18:27:22.339Z] [INFO] Fetching Google Play VN tools top_paid
[2026-03-04T18:27:22.618Z] [INFO] Fetching App Store VN tools top_grossing
[2026-03-04T18:27:22.683Z] [INFO] Fetching Google Play VN tools top_grossing
[2026-03-04T18:27:24.398Z] [INFO] Fetching App Store VN books top_free
[2026-03-04T18:27:24.433Z] [INFO] Fetching Google Play VN books top_free
[2026-03-04T18:27:25.120Z] [INFO] Fetching App Store VN books top_paid
[2026-03-04T18:27:25.838Z] [INFO] Fetching Google Play VN books top_paid
[2026-03-04T18:27:25.967Z] [INFO] Fetching App Store VN books top_grossing
[2026-03-04T18:27:25.993Z] [INFO] Fetching Google Play VN books top_grossing
[2026-03-04T18:27:27.388Z] [INFO] Fetching App Store PH tools top_free
[2026-03-04T18:27:27.595Z] [INFO] Fetching Google Play PH tools top_free
[2026-03-04T18:27:29.139Z] [INFO] Fetching App Store PH tools top_paid
[2026-03-04T18:27:29.576Z] [INFO] Fetching Google Play PH tools top_paid
[2026-03-04T18:27:29.685Z] [INFO] Fetching App Store PH tools top_grossing
[2026-03-04T18:27:29.698Z] [INFO] Fetching Google Play PH tools top_grossing
[2026-03-04T18:27:30.802Z] [INFO] Fetching App Store PH books top_free
[2026-03-04T18:27:31.135Z] [INFO] Fetching Google Play PH books top_free
[2026-03-04T18:27:31.823Z] [INFO] Fetching App Store PH books top_paid
[2026-03-04T18:27:32.342Z] [INFO] Fetching Google Play PH books top_paid
[2026-03-04T18:27:32.903Z] [INFO] Fetching App Store PH books top_grossing
[2026-03-04T18:27:33.089Z] [INFO] Fetching Google Play PH books top_grossing
[2026-03-04T18:27:34.590Z] [INFO] Fetching App Store MY tools top_free
[2026-03-04T18:27:35.230Z] [INFO] Fetching Google Play MY tools top_free
[2026-03-04T18:27:35.498Z] [INFO] Fetching App Store MY tools top_paid
[2026-03-04T18:27:35.544Z] [INFO] Fetching Google Play MY tools top_paid
[2026-03-04T18:27:36.415Z] [INFO] Fetching App Store MY tools top_grossing
[2026-03-04T18:27:37.184Z] [INFO] Fetching Google Play MY tools top_grossing
[2026-03-04T18:27:37.717Z] [INFO] Fetching App Store MY books top_free
[2026-03-04T18:27:38.400Z] [INFO] Fetching Google Play MY books top_free
[2026-03-04T18:27:38.448Z] [INFO] Fetching App Store MY books top_paid
[2026-03-04T18:27:38.714Z] [INFO] Fetching Google Play MY books top_paid
[2026-03-04T18:27:39.864Z] [INFO] Fetching App Store MY books top_grossing
[2026-03-04T18:27:39.911Z] [INFO] Fetching Google Play MY books top_grossing
[2026-03-04T18:27:41.522Z] [INFO] Fetching App Store SA tools top_free
[2026-03-04T18:27:41.694Z] [INFO] Fetching Google Play SA tools top_free
[2026-03-04T18:27:41.838Z] [INFO] Fetching App Store SA tools top_paid
[2026-03-04T18:27:42.984Z] [INFO] Fetching Google Play SA tools top_paid
[2026-03-04T18:27:43.168Z] [INFO] Fetching App Store SA tools top_grossing
[2026-03-04T18:27:43.655Z] [INFO] Fetching Google Play SA tools top_grossing
[2026-03-04T18:27:43.724Z] [INFO] Fetching App Store SA books top_free
[2026-03-04T18:27:44.841Z] [INFO] Fetching Google Play SA books top_free
[2026-03-04T18:27:45.699Z] [INFO] Fetching App Store SA books top_paid
[2026-03-04T18:27:46.905Z] [INFO] Fetching Google Play SA books top_paid
[2026-03-04T18:27:46.976Z] [INFO] Fetching App Store SA books top_grossing
[2026-03-04T18:27:48.784Z] [INFO] Fetching Google Play SA books top_grossing
[2026-03-04T18:27:48.999Z] [INFO] Fetching App Store AE tools top_free
[2026-03-04T18:27:49.134Z] [INFO] Fetching Google Play AE tools top_free
[2026-03-04T18:27:49.747Z] [INFO] Fetching App Store AE tools top_paid
[2026-03-04T18:27:51.251Z] [INFO] Fetching Google Play AE tools top_paid
[2026-03-04T18:27:51.424Z] [INFO] Fetching App Store AE tools top_grossing
[2026-03-04T18:27:51.762Z] [INFO] Fetching Google Play AE tools top_grossing
[2026-03-04T18:27:52.175Z] [INFO] Fetching App Store AE books top_free
[2026-03-04T18:27:53.380Z] [INFO] Fetching Google Play AE books top_free
[2026-03-04T18:27:54.162Z] [INFO] Fetching App Store AE books top_paid
[2026-03-04T18:27:54.664Z] [INFO] Fetching Google Play AE books top_paid
[2026-03-04T18:27:55.666Z] [INFO] Fetching App Store AE books top_grossing
[2026-03-04T18:27:55.797Z] [INFO] Fetching Google Play AE books top_grossing
[2026-03-04T18:27:56.332Z] [INFO] Fetching App Store TR tools top_free
[2026-03-04T18:27:57.050Z] [INFO] Fetching Google Play TR tools top_free
[2026-03-04T18:27:57.967Z] [INFO] Fetching App Store TR tools top_paid
[2026-03-04T18:27:57.972Z] [INFO] Fetching Google Play TR tools top_paid
[2026-03-04T18:27:59.591Z] [INFO] Fetching App Store TR tools top_grossing
[2026-03-04T18:27:59.725Z] [INFO] Fetching Google Play TR tools top_grossing
[2026-03-04T18:28:00.090Z] [INFO] Fetching App Store TR books top_free
[2026-03-04T18:28:00.674Z] [INFO] Fetching Google Play TR books top_free
[2026-03-04T18:28:00.853Z] [INFO] Fetching App Store TR books top_paid
[2026-03-04T18:28:01.783Z] [INFO] Fetching Google Play TR books top_paid
[2026-03-04T18:28:01.863Z] [INFO] Fetching App Store TR books top_grossing
[2026-03-04T18:28:02.098Z] [INFO] Fetching Google Play TR books top_grossing
[2026-03-04T18:28:04.018Z] [INFO] Fetching App Store PL tools top_free
[2026-03-04T18:28:04.215Z] [INFO] Fetching Google Play PL tools top_free
[2026-03-04T18:28:05.278Z] [INFO] Fetching App Store PL tools top_paid
[2026-03-04T18:28:05.557Z] [INFO] Fetching Google Play PL tools top_paid
[2026-03-04T18:28:06.105Z] [INFO] Fetching App Store PL tools top_grossing
[2026-03-04T18:28:06.180Z] [INFO] Fetching Google Play PL tools top_grossing
[2026-03-04T18:28:06.933Z] [INFO] Fetching App Store PL books top_free
[2026-03-04T18:28:08.255Z] [INFO] Fetching Google Play PL books top_free
[2026-03-04T18:28:08.793Z] [INFO] Fetching App Store PL books top_paid
[2026-03-04T18:28:09.418Z] [INFO] Fetching Google Play PL books top_paid
[2026-03-04T18:28:09.886Z] [INFO] Fetching App Store PL books top_grossing
[2026-03-04T18:28:09.973Z] [INFO] Fetching Google Play PL books top_grossing
[2026-03-04T18:28:11.185Z] [INFO] Fetching App Store RU tools top_free
[2026-03-04T18:28:11.589Z] [INFO] Fetching Google Play RU tools top_free
[2026-03-04T18:28:12.796Z] [INFO] Fetching App Store RU tools top_paid
[2026-03-04T18:28:13.333Z] [INFO] Fetching Google Play RU tools top_paid
[2026-03-04T18:28:13.347Z] [INFO] Fetching App Store RU tools top_grossing
[2026-03-04T18:28:14.407Z] [INFO] Fetching Google Play RU tools top_grossing
[2026-03-04T18:28:14.727Z] [ERROR] Google Play RU tools top_paid failed: Cannot read properties of undefined (reading 'fantasy-land/map')
[2026-03-04T18:28:14.728Z] [INFO] Fetching App Store RU books top_free
[2026-03-04T18:28:15.429Z] [INFO] Fetching Google Play RU books top_free
[2026-03-04T18:28:15.474Z] [INFO] Fetching App Store RU books top_paid
[2026-03-04T18:28:16.347Z] [INFO] Fetching Google Play RU books top_paid
[2026-03-04T18:28:16.393Z] [INFO] Fetching App Store RU books top_grossing
[2026-03-04T18:28:16.551Z] [INFO] Fetching Google Play RU books top_grossing
[2026-03-04T18:28:17.579Z] [INFO] Fetching App Store ZA tools top_free
[2026-03-04T18:28:18.311Z] [ERROR] Google Play RU books top_paid failed: Cannot read properties of undefined (reading 'fantasy-land/map')
[2026-03-04T18:28:18.311Z] [INFO] Fetching Google Play ZA tools top_free
[2026-03-04T18:28:18.320Z] [INFO] Fetching App Store ZA tools top_paid
[2026-03-04T18:28:18.600Z] [INFO] Fetching Google Play ZA tools top_paid
[2026-03-04T18:28:19.525Z] [INFO] Fetching App Store ZA tools top_grossing
[2026-03-04T18:28:19.950Z] [INFO] Fetching Google Play ZA tools top_grossing
[2026-03-04T18:28:21.263Z] [INFO] Fetching App Store ZA books top_free
[2026-03-04T18:28:22.137Z] [INFO] Fetching Google Play ZA books top_free
[2026-03-04T18:28:22.901Z] [INFO] Fetching App Store ZA books top_paid
[2026-03-04T18:28:23.519Z] [INFO] Fetching Google Play ZA books top_paid
[2026-03-04T18:28:23.688Z] [INFO] Fetching App Store ZA books top_grossing
[2026-03-04T18:28:24.106Z] [INFO] Fetching Google Play ZA books top_grossing
[2026-03-04T18:28:24.387Z] [INFO] Fetching App Store EG tools top_free
[2026-03-04T18:28:25.912Z] [INFO] Fetching Google Play EG tools top_free
[2026-03-04T18:28:26.122Z] [INFO] Fetching App Store EG tools top_paid
[2026-03-04T18:28:26.817Z] [INFO] Fetching Google Play EG tools top_paid
[2026-03-04T18:28:26.850Z] [INFO] Fetching App Store EG tools top_grossing
[2026-03-04T18:28:27.238Z] [INFO] Fetching Google Play EG tools top_grossing
[2026-03-04T18:28:27.261Z] [INFO] Fetching App Store EG books top_free
[2026-03-04T18:28:28.819Z] [INFO] Fetching Google Play EG books top_free
[2026-03-04T18:28:29.081Z] [INFO] Fetching App Store EG books top_paid
[2026-03-04T18:28:29.964Z] [INFO] Fetching Google Play EG books top_paid
[2026-03-04T18:28:30.605Z] [INFO] Fetching App Store EG books top_grossing
[2026-03-04T18:28:31.872Z] [INFO] Fetching Google Play EG books top_grossing
[2026-03-04T18:28:36.499Z] [INFO] Fetched total 9547 records
[2026-03-04T18:28:36.574Z] [INFO] Saved 9547 raw records to /root/.openclaw/workspace/app_rank_scraper/data/rankings_raw.jsonl
[2026-03-04T18:28:36.675Z] [INFO] Saved summary to /root/.openclaw/workspace/app_rank_scraper/data/rankings_summary.csv
[2026-03-04T18:28:37.321Z] [INFO] Saved 10591 changes to /root/.openclaw/workspace/app_rank_scraper/data/rank_changes_20260304_182414.csv
[2026-03-04T18:28:37.333Z] [INFO] Generated report at /root/.openclaw/workspace/app_rank_scraper/report_20260304_182414.md
[2026-03-04T18:28:37.333Z] [INFO] Crawl completed successfully!
