[2026-03-04T12:14:33.852Z] [INFO] Starting crawl at 20260304_121433 UTC
[2026-03-04T12:14:33.854Z] [INFO] Loaded 40 countries
[2026-03-04T12:14:33.863Z] [INFO] Fetching App Store US tools top_free
[2026-03-04T12:14:33.868Z] [INFO] Fetching Google Play US tools top_free
[2026-03-04T12:14:34.067Z] [INFO] Fetching App Store US tools top_paid
[2026-03-04T12:14:34.967Z] [INFO] Fetching Google Play US tools top_paid
[2026-03-04T12:14:34.996Z] [INFO] Fetching App Store US tools top_grossing
[2026-03-04T12:14:35.114Z] [INFO] Fetching Google Play US tools top_grossing
[2026-03-04T12:14:35.266Z] [INFO] Fetching App Store US books top_free
[2026-03-04T12:14:36.286Z] [INFO] Fetching Google Play US books top_free
[2026-03-04T12:14:36.383Z] [INFO] Fetching App Store US books top_paid
[2026-03-04T12:14:36.410Z] [INFO] Fetching Google Play US books top_paid
[2026-03-04T12:14:36.638Z] [INFO] Fetching App Store US books top_grossing
[2026-03-04T12:14:37.506Z] [INFO] Fetching Google Play US books top_grossing
[2026-03-04T12:14:37.617Z] [INFO] Fetching App Store GB tools top_free
[2026-03-04T12:14:37.822Z] [INFO] Fetching Google Play GB tools top_free
[2026-03-04T12:14:37.994Z] [INFO] Fetching App Store GB tools top_paid
[2026-03-04T12:14:38.952Z] [INFO] Fetching Google Play GB tools top_paid
[2026-03-04T12:14:39.071Z] [INFO] Fetching App Store GB tools top_grossing
[2026-03-04T12:14:39.132Z] [INFO] Fetching Google Play GB tools top_grossing
[2026-03-04T12:14:39.231Z] [INFO] Fetching App Store GB books top_free
[2026-03-04T12:14:40.309Z] [INFO] Fetching Google Play GB books top_free
[2026-03-04T12:14:40.414Z] [INFO] Fetching App Store GB books top_paid
[2026-03-04T12:14:40.471Z] [INFO] Fetching Google Play GB books top_paid
[2026-03-04T12:14:40.611Z] [INFO] Fetching App Store GB books top_grossing
[2026-03-04T12:14:41.521Z] [INFO] Fetching Google Play GB books top_grossing
[2026-03-04T12:14:41.651Z] [INFO] Fetching App Store DE tools top_free
[2026-03-04T12:14:41.665Z] [INFO] Fetching Google Play DE tools top_free
[2026-03-04T12:14:41.836Z] [INFO] Fetching App Store DE tools top_paid
[2026-03-04T12:14:43.018Z] [INFO] Fetching Google Play DE tools top_paid
[2026-03-04T12:14:43.163Z] [INFO] Fetching App Store DE tools top_grossing
[2026-03-04T12:14:43.206Z] [INFO] Fetching Google Play DE tools top_grossing
[2026-03-04T12:14:43.414Z] [INFO] Fetching App Store DE books top_free
[2026-03-04T12:14:44.483Z] [INFO] Fetching Google Play DE books top_free
[2026-03-04T12:14:44.553Z] [INFO] Fetching App Store DE books top_paid
[2026-03-04T12:14:44.715Z] [INFO] Fetching Google Play DE books top_paid
[2026-03-04T12:14:44.849Z] [INFO] Fetching App Store DE books top_grossing
[2026-03-04T12:14:45.442Z] [INFO] Fetching Google Play DE books top_grossing
[2026-03-04T12:14:45.556Z] [INFO] Fetching App Store FR tools top_free
[2026-03-04T12:14:45.841Z] [INFO] Fetching Google Play FR tools top_free
[2026-03-04T12:14:45.993Z] [INFO] Fetching App Store FR tools top_paid
[2026-03-04T12:14:46.697Z] [INFO] Fetching Google Play FR tools top_paid
[2026-03-04T12:14:46.818Z] [INFO] Fetching App Store FR tools top_grossing
[2026-03-04T12:14:46.965Z] [INFO] Fetching Google Play FR tools top_grossing
[2026-03-04T12:14:47.105Z] [INFO] Fetching App Store FR books top_free
[2026-03-04T12:14:48.059Z] [INFO] Fetching Google Play FR books top_free
[2026-03-04T12:14:48.275Z] [INFO] Fetching App Store FR books top_paid
[2026-03-04T12:14:48.581Z] [INFO] Fetching Google Play FR books top_paid
[2026-03-04T12:14:48.701Z] [INFO] Fetching App Store FR books top_grossing
[2026-03-04T12:14:49.397Z] [INFO] Fetching Google Play FR books top_grossing
[2026-03-04T12:14:49.506Z] [INFO] Fetching App Store CA tools top_free
[2026-03-04T12:14:50.115Z] [INFO] Fetching Google Play CA tools top_free
[2026-03-04T12:14:50.297Z] [INFO] Fetching App Store CA tools top_paid
[2026-03-04T12:14:50.728Z] [INFO] Fetching Google Play CA tools top_paid
[2026-03-04T12:14:50.849Z] [INFO] Fetching App Store CA tools top_grossing
[2026-03-04T12:14:51.330Z] [INFO] Fetching Google Play CA tools top_grossing
[2026-03-04T12:14:51.495Z] [INFO] Fetching App Store CA books top_free
[2026-03-04T12:14:51.990Z] [INFO] Fetching Google Play CA books top_free
[2026-03-04T12:14:52.323Z] [INFO] Fetching App Store CA books top_paid
[2026-03-04T12:14:52.625Z] [INFO] Fetching Google Play CA books top_paid
[2026-03-04T12:14:52.810Z] [INFO] Fetching App Store CA books top_grossing
[2026-03-04T12:14:53.197Z] [INFO] Fetching Google Play CA books top_grossing
[2026-03-04T12:14:53.434Z] [INFO] Fetching App Store AU tools top_free
[2026-03-04T12:14:53.796Z] [INFO] Fetching Google Play AU tools top_free
[2026-03-04T12:14:53.889Z] [INFO] Fetching App Store AU tools top_paid
[2026-03-04T12:14:54.413Z] [INFO] Fetching Google Play AU tools top_paid
[2026-03-04T12:14:54.586Z] [INFO] Fetching App Store AU tools top_grossing
[2026-03-04T12:14:55.254Z] [INFO] Fetching Google Play AU tools top_grossing
[2026-03-04T12:14:55.361Z] [INFO] Fetching App Store AU books top_free
[2026-03-04T12:14:56.178Z] [INFO] Fetching Google Play AU books top_free
[2026-03-04T12:14:56.331Z] [INFO] Fetching App Store AU books top_paid
[2026-03-04T12:14:56.453Z] [INFO] Fetching Google Play AU books top_paid
[2026-03-04T12:14:56.598Z] [INFO] Fetching App Store AU books top_grossing
[2026-03-04T12:14:57.476Z] [INFO] Fetching Google Play AU books top_grossing
[2026-03-04T12:14:57.622Z] [INFO] Fetching App Store JP tools top_free
[2026-03-04T12:14:57.858Z] [INFO] Fetching Google Play JP tools top_free
[2026-03-04T12:14:57.963Z] [INFO] Fetching App Store JP tools top_paid
[2026-03-04T12:14:58.985Z] [INFO] Fetching Google Play JP tools top_paid
[2026-03-04T12:14:59.148Z] [INFO] Fetching App Store JP tools top_grossing
[2026-03-04T12:14:59.509Z] [INFO] Fetching Google Play JP tools top_grossing
[2026-03-04T12:14:59.637Z] [INFO] Fetching App Store JP books top_free
[2026-03-04T12:15:00.168Z] [INFO] Fetching Google Play JP books top_free
[2026-03-04T12:15:00.348Z] [INFO] Fetching App Store JP books top_paid
[2026-03-04T12:15:00.930Z] [INFO] Fetching Google Play JP books top_paid
[2026-03-04T12:15:01.084Z] [INFO] Fetching App Store JP books top_grossing
[2026-03-04T12:15:01.731Z] [INFO] Fetching Google Play JP books top_grossing
[2026-03-04T12:15:01.848Z] [INFO] Fetching App Store KR tools top_free
[2026-03-04T12:15:02.358Z] [INFO] Fetching Google Play KR tools top_free
[2026-03-04T12:15:02.493Z] [INFO] Fetching App Store KR tools top_paid
[2026-03-04T12:15:02.939Z] [INFO] Fetching Google Play KR tools top_paid
[2026-03-04T12:15:03.127Z] [INFO] Fetching App Store KR tools top_grossing
[2026-03-04T12:15:03.610Z] [INFO] Fetching Google Play KR tools top_grossing
[2026-03-04T12:15:03.752Z] [INFO] Fetching App Store KR books top_free
[2026-03-04T12:15:04.072Z] [INFO] Fetching Google Play KR books top_free
[2026-03-04T12:15:04.232Z] [INFO] Fetching App Store KR books top_paid
[2026-03-04T12:15:05.053Z] [INFO] Fetching Google Play KR books top_paid
[2026-03-04T12:15:05.168Z] [INFO] Fetching App Store KR books top_grossing
[2026-03-04T12:15:05.369Z] [INFO] Fetching Google Play KR books top_grossing
[2026-03-04T12:15:05.507Z] [INFO] Fetching App Store IT tools top_free
[2026-03-04T12:15:06.292Z] [INFO] Fetching Google Play IT tools top_free
[2026-03-04T12:15:06.471Z] [INFO] Fetching App Store IT tools top_paid
[2026-03-04T12:15:07.001Z] [INFO] Fetching Google Play IT tools top_paid
[2026-03-04T12:15:07.101Z] [INFO] Fetching App Store IT tools top_grossing
[2026-03-04T12:15:07.894Z] [INFO] Fetching Google Play IT tools top_grossing
[2026-03-04T12:15:08.054Z] [INFO] Fetching App Store IT books top_free
[2026-03-04T12:15:08.134Z] [INFO] Fetching Google Play IT books top_free
[2026-03-04T12:15:08.387Z] [INFO] Fetching App Store IT books top_paid
[2026-03-04T12:15:09.466Z] [INFO] Fetching Google Play IT books top_paid
[2026-03-04T12:15:09.567Z] [INFO] Fetching App Store IT books top_grossing
[2026-03-04T12:15:09.650Z] [INFO] Fetching Google Play IT books top_grossing
[2026-03-04T12:15:09.816Z] [INFO] Fetching App Store ES tools top_free
[2026-03-04T12:15:10.838Z] [INFO] Fetching Google Play ES tools top_free
[2026-03-04T12:15:11.007Z] [INFO] Fetching App Store ES tools top_paid
[2026-03-04T12:15:11.010Z] [INFO] Fetching Google Play ES tools top_paid
[2026-03-04T12:15:11.162Z] [INFO] Fetching App Store ES tools top_grossing
[2026-03-04T12:15:12.263Z] [INFO] Fetching Google Play ES tools top_grossing
[2026-03-04T12:15:12.461Z] [INFO] Fetching App Store ES books top_free
[2026-03-04T12:15:12.624Z] [INFO] Fetching Google Play ES books top_free
[2026-03-04T12:15:12.759Z] [INFO] Fetching App Store ES books top_paid
[2026-03-04T12:15:13.810Z] [INFO] Fetching Google Play ES books top_paid
[2026-03-04T12:15:13.843Z] [INFO] Fetching App Store ES books top_grossing
[2026-03-04T12:15:14.008Z] [INFO] Fetching Google Play ES books top_grossing
[2026-03-04T12:15:14.107Z] [INFO] Fetching App Store NL tools top_free
[2026-03-04T12:15:15.083Z] [INFO] Fetching Google Play NL tools top_free
[2026-03-04T12:15:15.255Z] [INFO] Fetching App Store NL tools top_paid
[2026-03-04T12:15:15.348Z] [INFO] Fetching Google Play NL tools top_paid
[2026-03-04T12:15:16.437Z] [INFO] Fetching App Store NL tools top_grossing
[2026-03-04T12:15:17.647Z] [INFO] Fetching Google Play NL tools top_grossing
[2026-03-04T12:15:17.817Z] [INFO] Fetching App Store NL books top_free
[2026-03-04T12:15:18.828Z] [INFO] Fetching Google Play NL books top_free
[2026-03-04T12:15:18.889Z] [INFO] Fetching App Store NL books top_paid
[2026-03-04T12:15:19.091Z] [INFO] Fetching Google Play NL books top_paid
[2026-03-04T12:15:19.228Z] [INFO] Fetching App Store NL books top_grossing
[2026-03-04T12:15:20.029Z] [INFO] Fetching Google Play NL books top_grossing
[2026-03-04T12:15:20.172Z] [INFO] Fetching App Store SE tools top_free
[2026-03-04T12:15:20.361Z] [INFO] Fetching Google Play SE tools top_free
[2026-03-04T12:15:20.506Z] [INFO] Fetching App Store SE tools top_paid
[2026-03-04T12:15:21.264Z] [INFO] Fetching Google Play SE tools top_paid
[2026-03-04T12:15:21.401Z] [INFO] Fetching App Store SE tools top_grossing
[2026-03-04T12:15:21.669Z] [INFO] Fetching Google Play SE tools top_grossing
[2026-03-04T12:15:21.799Z] [INFO] Fetching App Store SE books top_free
[2026-03-04T12:15:22.714Z] [INFO] Fetching Google Play SE books top_free
[2026-03-04T12:15:22.906Z] [INFO] Fetching App Store SE books top_paid
[2026-03-04T12:15:22.960Z] [INFO] Fetching Google Play SE books top_paid
[2026-03-04T12:15:23.090Z] [INFO] Fetching App Store SE books top_grossing
[2026-03-04T12:15:23.945Z] [INFO] Fetching Google Play SE books top_grossing
[2026-03-04T12:15:24.086Z] [INFO] Fetching App Store CH tools top_free
[2026-03-04T12:15:24.190Z] [INFO] Fetching Google Play CH tools top_free
[2026-03-04T12:15:24.352Z] [INFO] Fetching App Store CH tools top_paid
[2026-03-04T12:15:25.255Z] [INFO] Fetching Google Play CH tools top_paid
[2026-03-04T12:15:25.389Z] [INFO] Fetching App Store CH tools top_grossing
[2026-03-04T12:15:25.407Z] [INFO] Fetching Google Play CH tools top_grossing
[2026-03-04T12:15:25.566Z] [INFO] Fetching App Store CH books top_free
[2026-03-04T12:15:26.517Z] [INFO] Fetching Google Play CH books top_free
[2026-03-04T12:15:26.678Z] [INFO] Fetching App Store CH books top_paid
[2026-03-04T12:15:26.914Z] [INFO] Fetching Google Play CH books top_paid
[2026-03-04T12:15:27.090Z] [INFO] Fetching App Store CH books top_grossing
[2026-03-04T12:15:28.142Z] [INFO] Fetching Google Play CH books top_grossing
[2026-03-04T12:15:28.203Z] [INFO] Fetching App Store NO tools top_free
[2026-03-04T12:15:28.293Z] [INFO] Fetching Google Play NO tools top_free
[2026-03-04T12:15:28.457Z] [INFO] Fetching App Store NO tools top_paid
[2026-03-04T12:15:28.606Z] [INFO] Fetching Google Play NO tools top_paid
[2026-03-04T12:15:28.741Z] [INFO] Fetching App Store NO tools top_grossing
[2026-03-04T12:15:29.591Z] [INFO] Fetching Google Play NO tools top_grossing
[2026-03-04T12:15:29.717Z] [INFO] Fetching App Store NO books top_free
[2026-03-04T12:15:30.027Z] [INFO] Fetching Google Play NO books top_free
[2026-03-04T12:15:30.336Z] [INFO] Fetching App Store NO books top_paid
[2026-03-04T12:15:31.032Z] [INFO] Fetching Google Play NO books top_paid
[2026-03-04T12:15:31.199Z] [INFO] Fetching App Store NO books top_grossing
[2026-03-04T12:15:31.218Z] [INFO] Fetching Google Play NO books top_grossing
[2026-03-04T12:15:31.361Z] [INFO] Fetching App Store DK tools top_free
[2026-03-04T12:15:32.253Z] [INFO] Fetching Google Play DK tools top_free
[2026-03-04T12:15:32.401Z] [INFO] Fetching App Store DK tools top_paid
[2026-03-04T12:15:32.579Z] [INFO] Fetching Google Play DK tools top_paid
[2026-03-04T12:15:32.709Z] [INFO] Fetching App Store DK tools top_grossing
[2026-03-04T12:15:33.404Z] [INFO] Fetching Google Play DK tools top_grossing
[2026-03-04T12:15:33.551Z] [INFO] Fetching App Store DK books top_free
[2026-03-04T12:15:33.748Z] [INFO] Fetching Google Play DK books top_free
[2026-03-04T12:15:33.886Z] [INFO] Fetching App Store DK books top_paid
[2026-03-04T12:15:34.688Z] [INFO] Fetching Google Play DK books top_paid
[2026-03-04T12:15:34.855Z] [INFO] Fetching App Store DK books top_grossing
[2026-03-04T12:15:35.150Z] [INFO] Fetching Google Play DK books top_grossing
[2026-03-04T12:15:35.259Z] [INFO] Fetching App Store FI tools top_free
[2026-03-04T12:15:35.956Z] [INFO] Fetching Google Play FI tools top_free
[2026-03-04T12:15:36.172Z] [INFO] Fetching App Store FI tools top_paid
[2026-03-04T12:15:36.402Z] [INFO] Fetching Google Play FI tools top_paid
[2026-03-04T12:15:36.508Z] [INFO] Fetching App Store FI tools top_grossing
[2026-03-04T12:15:37.550Z] [INFO] Fetching Google Play FI tools top_grossing
[2026-03-04T12:15:37.655Z] [INFO] Fetching App Store FI books top_free
[2026-03-04T12:15:37.716Z] [INFO] Fetching Google Play FI books top_free
[2026-03-04T12:15:37.903Z] [INFO] Fetching App Store FI books top_paid
[2026-03-04T12:15:38.847Z] [INFO] Fetching Google Play FI books top_paid
[2026-03-04T12:15:39.017Z] [INFO] Fetching App Store FI books top_grossing
[2026-03-04T12:15:39.286Z] [INFO] Fetching Google Play FI books top_grossing
[2026-03-04T12:15:39.418Z] [INFO] Fetching App Store SG tools top_free
[2026-03-04T12:15:40.387Z] [INFO] Fetching Google Play SG tools top_free
[2026-03-04T12:15:40.491Z] [INFO] Fetching App Store SG tools top_paid
[2026-03-04T12:15:40.501Z] [INFO] Fetching Google Play SG tools top_paid
[2026-03-04T12:15:40.650Z] [INFO] Fetching App Store SG tools top_grossing
[2026-03-04T12:15:41.779Z] [INFO] Fetching Google Play SG tools top_grossing
[2026-03-04T12:15:41.873Z] [INFO] Fetching App Store SG books top_free
[2026-03-04T12:15:41.905Z] [INFO] Fetching Google Play SG books top_free
[2026-03-04T12:15:42.007Z] [INFO] Fetching App Store SG books top_paid
[2026-03-04T12:15:42.901Z] [INFO] Fetching Google Play SG books top_paid
[2026-03-04T12:15:43.070Z] [INFO] Fetching App Store SG books top_grossing
[2026-03-04T12:15:43.134Z] [INFO] Fetching Google Play SG books top_grossing
[2026-03-04T12:15:43.285Z] [INFO] Fetching App Store HK tools top_free
[2026-03-04T12:15:44.289Z] [INFO] Fetching Google Play HK tools top_free
[2026-03-04T12:15:44.407Z] [INFO] Fetching App Store HK tools top_paid
[2026-03-04T12:15:44.709Z] [INFO] Fetching Google Play HK tools top_paid
[2026-03-04T12:15:44.824Z] [INFO] Fetching App Store HK tools top_grossing
[2026-03-04T12:15:45.478Z] [INFO] Fetching Google Play HK tools top_grossing
[2026-03-04T12:15:45.584Z] [INFO] Fetching App Store HK books top_free
[2026-03-04T12:15:46.153Z] [INFO] Fetching Google Play HK books top_free
[2026-03-04T12:15:46.303Z] [INFO] Fetching App Store HK books top_paid
[2026-03-04T12:15:46.715Z] [INFO] Fetching Google Play HK books top_paid
[2026-03-04T12:15:46.882Z] [INFO] Fetching App Store HK books top_grossing
[2026-03-04T12:15:47.425Z] [INFO] Fetching Google Play HK books top_grossing
[2026-03-04T12:15:47.550Z] [INFO] Fetching App Store TW tools top_free
[2026-03-04T12:15:47.840Z] [INFO] Fetching Google Play TW tools top_free
[2026-03-04T12:15:47.979Z] [INFO] Fetching App Store TW tools top_paid
[2026-03-04T12:15:48.651Z] [INFO] Fetching Google Play TW tools top_paid
[2026-03-04T12:15:48.744Z] [INFO] Fetching App Store TW tools top_grossing
[2026-03-04T12:15:48.976Z] [INFO] Fetching Google Play TW tools top_grossing
[2026-03-04T12:15:49.104Z] [INFO] Fetching App Store TW books top_free
[2026-03-04T12:15:49.871Z] [INFO] Fetching Google Play TW books top_free
[2026-03-04T12:15:50.008Z] [INFO] Fetching App Store TW books top_paid
[2026-03-04T12:15:50.420Z] [INFO] Fetching Google Play TW books top_paid
[2026-03-04T12:15:50.597Z] [INFO] Fetching App Store TW books top_grossing
[2026-03-04T12:15:51.126Z] [INFO] Fetching Google Play TW books top_grossing
[2026-03-04T12:15:51.393Z] [INFO] Fetching App Store NZ tools top_free
[2026-03-04T12:15:51.600Z] [INFO] Fetching Google Play NZ tools top_free
[2026-03-04T12:15:51.723Z] [INFO] Fetching App Store NZ tools top_paid
[2026-03-04T12:15:52.515Z] [INFO] Fetching Google Play NZ tools top_paid
[2026-03-04T12:15:52.669Z] [INFO] Fetching App Store NZ tools top_grossing
[2026-03-04T12:15:52.910Z] [INFO] Fetching Google Play NZ tools top_grossing
[2026-03-04T12:15:53.016Z] [INFO] Fetching App Store NZ books top_free
[2026-03-04T12:15:53.749Z] [INFO] Fetching Google Play NZ books top_free
[2026-03-04T12:15:53.892Z] [INFO] Fetching App Store NZ books top_paid
[2026-03-04T12:15:53.934Z] [INFO] Fetching Google Play NZ books top_paid
[2026-03-04T12:15:54.104Z] [INFO] Fetching App Store NZ books top_grossing
[2026-03-04T12:15:55.148Z] [INFO] Fetching Google Play NZ books top_grossing
[2026-03-04T12:15:55.327Z] [INFO] Fetching App Store AT tools top_free
[2026-03-04T12:15:55.480Z] [INFO] Fetching Google Play AT tools top_free
[2026-03-04T12:15:55.625Z] [INFO] Fetching App Store AT tools top_paid
[2026-03-04T12:15:56.702Z] [INFO] Fetching Google Play AT tools top_paid
[2026-03-04T12:15:56.754Z] [INFO] Fetching App Store AT tools top_grossing
[2026-03-04T12:15:56.856Z] [INFO] Fetching Google Play AT tools top_grossing
[2026-03-04T12:15:56.985Z] [INFO] Fetching App Store AT books top_free
[2026-03-04T12:15:57.395Z] [INFO] Fetching Google Play AT books top_free
[2026-03-04T12:15:57.549Z] [INFO] Fetching App Store AT books top_paid
[2026-03-04T12:15:58.104Z] [INFO] Fetching Google Play AT books top_paid
[2026-03-04T12:15:58.258Z] [INFO] Fetching App Store AT books top_grossing
[2026-03-04T12:15:58.943Z] [INFO] Fetching Google Play AT books top_grossing
[2026-03-04T12:15:59.133Z] [INFO] Fetching App Store BE tools top_free
[2026-03-04T12:15:59.383Z] [INFO] Fetching Google Play BE tools top_free
[2026-03-04T12:15:59.636Z] [INFO] Fetching App Store BE tools top_paid
[2026-03-04T12:16:00.590Z] [INFO] Fetching Google Play BE tools top_paid
[2026-03-04T12:16:00.760Z] [INFO] Fetching App Store BE tools top_grossing
[2026-03-04T12:16:01.049Z] [INFO] Fetching Google Play BE tools top_grossing
[2026-03-04T12:16:01.218Z] [INFO] Fetching App Store BE books top_free
[2026-03-04T12:16:02.061Z] [INFO] Fetching Google Play BE books top_free
[2026-03-04T12:16:02.138Z] [INFO] Fetching App Store BE books top_paid
[2026-03-04T12:16:02.231Z] [INFO] Fetching Google Play BE books top_paid
[2026-03-04T12:16:02.460Z] [INFO] Fetching App Store BE books top_grossing
[2026-03-04T12:16:03.542Z] [INFO] Fetching Google Play BE books top_grossing
[2026-03-04T12:16:03.578Z] [INFO] Fetching App Store BR tools top_free
[2026-03-04T12:16:03.694Z] [INFO] Fetching Google Play BR tools top_free
[2026-03-04T12:16:03.934Z] [INFO] Fetching App Store BR tools top_paid
[2026-03-04T12:16:05.044Z] [INFO] Fetching Google Play BR tools top_paid
[2026-03-04T12:16:05.178Z] [INFO] Fetching App Store BR tools top_grossing
[2026-03-04T12:16:05.708Z] [INFO] Fetching Google Play BR tools top_grossing
[2026-03-04T12:16:05.857Z] [INFO] Fetching App Store BR books top_free
[2026-03-04T12:16:06.481Z] [INFO] Fetching Google Play BR books top_free
[2026-03-04T12:16:06.660Z] [INFO] Fetching App Store BR books top_paid
[2026-03-04T12:16:07.008Z] [INFO] Fetching Google Play BR books top_paid
[2026-03-04T12:16:07.114Z] [INFO] Fetching App Store BR books top_grossing
[2026-03-04T12:16:07.642Z] [INFO] Fetching Google Play BR books top_grossing
[2026-03-04T12:16:07.840Z] [INFO] Fetching App Store MX tools top_free
[2026-03-04T12:16:08.019Z] [INFO] Fetching Google Play MX tools top_free
[2026-03-04T12:16:08.179Z] [INFO] Fetching App Store MX tools top_paid
[2026-03-04T12:16:09.062Z] [INFO] Fetching Google Play MX tools top_paid
[2026-03-04T12:16:09.197Z] [INFO] Fetching App Store MX tools top_grossing
[2026-03-04T12:16:09.320Z] [INFO] Fetching Google Play MX tools top_grossing
[2026-03-04T12:16:09.514Z] [INFO] Fetching App Store MX books top_free
[2026-03-04T12:16:10.519Z] [INFO] Fetching Google Play MX books top_free
[2026-03-04T12:16:10.582Z] [INFO] Fetching App Store MX books top_paid
[2026-03-04T12:16:10.660Z] [INFO] Fetching Google Play MX books top_paid
[2026-03-04T12:16:10.788Z] [INFO] Fetching App Store MX books top_grossing
[2026-03-04T12:16:11.451Z] [INFO] Fetching Google Play MX books top_grossing
[2026-03-04T12:16:11.640Z] [INFO] Fetching App Store AR tools top_free
[2026-03-04T12:16:11.927Z] [INFO] Fetching Google Play AR tools top_free
[2026-03-04T12:16:12.122Z] [INFO] Fetching App Store AR tools top_paid
[2026-03-04T12:16:12.828Z] [INFO] Fetching Google Play AR tools top_paid
[2026-03-04T12:16:12.999Z] [INFO] Fetching App Store AR tools top_grossing
[2026-03-04T12:16:13.062Z] [INFO] Fetching Google Play AR tools top_grossing
[2026-03-04T12:16:13.191Z] [INFO] Fetching App Store AR books top_free
[2026-03-04T12:16:14.307Z] [INFO] Fetching Google Play AR books top_free
[2026-03-04T12:16:14.529Z] [INFO] Fetching App Store AR books top_paid
[2026-03-04T12:16:14.735Z] [INFO] Fetching Google Play AR books top_paid
[2026-03-04T12:16:14.836Z] [INFO] Fetching App Store AR books top_grossing
[2026-03-04T12:16:15.394Z] [INFO] Fetching Google Play AR books top_grossing
[2026-03-04T12:16:15.581Z] [INFO] Fetching App Store CL tools top_free
[2026-03-04T12:16:15.769Z] [INFO] Fetching Google Play CL tools top_free
[2026-03-04T12:16:15.935Z] [INFO] Fetching App Store CL tools top_paid
[2026-03-04T12:16:16.952Z] [INFO] Fetching Google Play CL tools top_paid
[2026-03-04T12:16:17.148Z] [INFO] Fetching App Store CL tools top_grossing
[2026-03-04T12:16:17.154Z] [INFO] Fetching Google Play CL tools top_grossing
[2026-03-04T12:16:17.369Z] [INFO] Fetching App Store CL books top_free
[2026-03-04T12:16:18.487Z] [INFO] Fetching Google Play CL books top_free
[2026-03-04T12:16:18.695Z] [INFO] Fetching App Store CL books top_paid
[2026-03-04T12:16:18.712Z] [INFO] Fetching Google Play CL books top_paid
[2026-03-04T12:16:18.847Z] [INFO] Fetching App Store CL books top_grossing
[2026-03-04T12:16:19.824Z] [INFO] Fetching Google Play CL books top_grossing
[2026-03-04T12:16:19.831Z] [INFO] Fetching App Store CO tools top_free
