[2026-03-05T04:19:48.365Z] [INFO] Starting crawl at 20260305_041948 UTC
[2026-03-05T04:19:48.369Z] [INFO] Loaded 6 countries
[2026-03-05T04:19:48.373Z] [INFO] Fetching App Store US books top_free
[2026-03-05T04:19:48.386Z] [INFO] Fetching Google Play US books top_free
[2026-03-05T04:19:48.392Z] [INFO] Fetching App Store US books top_paid
[2026-03-05T04:19:48.393Z] [INFO] Fetching Google Play US books top_paid
[2026-03-05T04:19:48.394Z] [INFO] Fetching App Store US books top_grossing
[2026-03-05T04:19:49.291Z] [INFO] Fetching Google Play US books top_grossing
[2026-03-05T04:19:49.522Z] [INFO] Fetching App Store US browser top_free
[2026-03-05T04:19:49.541Z] [INFO] Fetching Google Play US browser top_free
[2026-03-05T04:19:49.567Z] [INFO] Fetching App Store US browser top_paid
[2026-03-05T04:19:50.117Z] [INFO] Fetching Google Play US browser top_paid
[2026-03-05T04:19:50.143Z] [INFO] Fetching App Store US browser top_grossing
[2026-03-05T04:19:50.555Z] [INFO] Fetching Google Play US browser top_grossing
[2026-03-05T04:19:50.812Z] [INFO] Fetching App Store CA books top_free
[2026-03-05T04:19:50.922Z] [INFO] Fetching Google Play CA books top_free
[2026-03-05T04:19:50.969Z] [INFO] Fetching App Store CA books top_paid
[2026-03-05T04:19:51.366Z] [INFO] Fetching Google Play CA books top_paid
[2026-03-05T04:19:51.474Z] [INFO] Fetching App Store CA books top_grossing
[2026-03-05T04:19:51.702Z] [INFO] Fetching Google Play CA books top_grossing
[2026-03-05T04:19:51.749Z] [INFO] Fetching App Store CA browser top_free
[2026-03-05T04:19:51.997Z] [INFO] Fetching Google Play CA browser top_free
[2026-03-05T04:19:52.071Z] [INFO] Fetching App Store CA browser top_paid
[2026-03-05T04:19:52.344Z] [INFO] Fetching Google Play CA browser top_paid
[2026-03-05T04:19:52.667Z] [INFO] Fetching App Store CA browser top_grossing
[2026-03-05T04:19:53.107Z] [INFO] Fetching Google Play CA browser top_grossing
[2026-03-05T04:19:53.262Z] [INFO] Fetching App Store AU books top_free
[2026-03-05T04:19:53.489Z] [INFO] Fetching Google Play AU books top_free
[2026-03-05T04:19:53.640Z] [INFO] Fetching App Store AU books top_paid
[2026-03-05T04:19:53.823Z] [INFO] Fetching Google Play AU books top_paid
[2026-03-05T04:19:53.955Z] [INFO] Fetching App Store AU books top_grossing
[2026-03-05T04:19:54.164Z] [INFO] Fetching Google Play AU books top_grossing
[2026-03-05T04:19:54.306Z] [INFO] Fetching App Store AU browser top_free
[2026-03-05T04:19:54.330Z] [INFO] Fetching Google Play AU browser top_free
[2026-03-05T04:19:54.478Z] [INFO] Fetching App Store AU browser top_paid
[2026-03-05T04:19:54.722Z] [INFO] Fetching Google Play AU browser top_paid
[2026-03-05T04:19:54.757Z] [INFO] Fetching App Store AU browser top_grossing
[2026-03-05T04:19:55.102Z] [INFO] Fetching Google Play AU browser top_grossing
[2026-03-05T04:19:55.448Z] [INFO] Fetching App Store BR books top_free
[2026-03-05T04:19:55.747Z] [INFO] Fetching Google Play BR books top_free
[2026-03-05T04:19:55.834Z] [INFO] Fetching App Store BR books top_paid
[2026-03-05T04:19:56.006Z] [INFO] Fetching Google Play BR books top_paid
[2026-03-05T04:19:56.329Z] [INFO] Fetching App Store BR books top_grossing
[2026-03-05T04:19:56.433Z] [INFO] Fetching Google Play BR books top_grossing
[2026-03-05T04:19:56.933Z] [INFO] Fetching App Store BR browser top_free
[2026-03-05T04:19:57.284Z] [INFO] Fetching Google Play BR browser top_free
[2026-03-05T04:19:57.355Z] [INFO] Fetching App Store BR browser top_paid
[2026-03-05T04:19:58.154Z] [INFO] Fetching Google Play BR browser top_paid
[2026-03-05T04:19:58.344Z] [INFO] Fetching App Store BR browser top_grossing
[2026-03-05T04:19:58.356Z] [INFO] Fetching Google Play BR browser top_grossing
[2026-03-05T04:19:58.476Z] [INFO] Fetching App Store MX books top_free
[2026-03-05T04:19:58.780Z] [INFO] Fetching Google Play MX books top_free
[2026-03-05T04:19:58.933Z] [INFO] Fetching App Store MX books top_paid
[2026-03-05T04:19:59.435Z] [INFO] Fetching Google Play MX books top_paid
[2026-03-05T04:19:59.616Z] [INFO] Fetching App Store MX books top_grossing
[2026-03-05T04:19:59.627Z] [INFO] Fetching Google Play MX books top_grossing
[2026-03-05T04:19:59.881Z] [INFO] Fetching App Store MX browser top_free
[2026-03-05T04:19:59.971Z] [INFO] Fetching Google Play MX browser top_free
[2026-03-05T04:20:00.045Z] [INFO] Fetching App Store MX browser top_paid
[2026-03-05T04:20:00.283Z] [INFO] Fetching Google Play MX browser top_paid
[2026-03-05T04:20:00.429Z] [INFO] Fetching App Store MX browser top_grossing
[2026-03-05T04:20:00.651Z] [INFO] Fetching Google Play MX browser top_grossing
[2026-03-05T04:20:00.704Z] [INFO] Fetching App Store ID books top_free
[2026-03-05T04:20:00.949Z] [INFO] Fetching Google Play ID books top_free
[2026-03-05T04:20:01.153Z] [INFO] Fetching App Store ID books top_paid
[2026-03-05T04:20:01.345Z] [INFO] Fetching Google Play ID books top_paid
[2026-03-05T04:20:01.367Z] [INFO] Fetching App Store ID books top_grossing
[2026-03-05T04:20:01.511Z] [INFO] Fetching Google Play ID books top_grossing
[2026-03-05T04:20:01.745Z] [INFO] Fetching App Store ID browser top_free
[2026-03-05T04:20:01.893Z] [INFO] Fetching Google Play ID browser top_free
[2026-03-05T04:20:02.051Z] [INFO] Fetching App Store ID browser top_paid
[2026-03-05T04:20:02.060Z] [INFO] Fetching Google Play ID browser top_paid
[2026-03-05T04:20:02.305Z] [INFO] Fetching App Store ID browser top_grossing
[2026-03-05T04:20:02.480Z] [INFO] Fetching Google Play ID browser top_grossing
[2026-03-05T04:20:03.824Z] [INFO] Fetched total 720 records
[2026-03-05T04:20:03.832Z] [INFO] Saved 720 raw records to /root/.openclaw/workspace/app_rank_scraper/data/rankings_raw.jsonl
[2026-03-05T04:20:03.848Z] [INFO] Saved summary to /root/.openclaw/workspace/app_rank_scraper/data/rankings_summary.csv
[2026-03-05T04:20:04.771Z] [INFO] Saved 795 changes to /root/.openclaw/workspace/app_rank_scraper/data/rank_changes_20260305_041948.csv
[2026-03-05T04:20:04.777Z] [INFO] Generated report at /root/.openclaw/workspace/app_rank_scraper/report_20260305_041948.md
[2026-03-05T04:20:04.778Z] [INFO] Crawl completed successfully!
