[2026-03-04T14:22:03.715Z] [INFO] Starting crawl at 20260304_142203 UTC
[2026-03-04T14:22:03.716Z] [INFO] Loaded 40 countries
[2026-03-04T14:22:03.725Z] [INFO] Fetching App Store US tools top_free
[2026-03-04T14:22:03.731Z] [INFO] Fetching Google Play US tools top_free
[2026-03-04T14:22:03.738Z] [INFO] Fetching App Store US tools top_paid
[2026-03-04T14:22:03.739Z] [INFO] Fetching Google Play US tools top_paid
[2026-03-04T14:22:03.740Z] [INFO] Fetching App Store US tools top_grossing
[2026-03-04T14:22:05.467Z] [INFO] Fetching Google Play US tools top_grossing
[2026-03-04T14:22:05.486Z] [INFO] Fetching App Store US books top_free
[2026-03-04T14:22:05.785Z] [INFO] Fetching Google Play US books top_free
[2026-03-04T14:22:05.882Z] [INFO] Fetching App Store US books top_paid
[2026-03-04T14:22:06.069Z] [INFO] Fetching Google Play US books top_paid
[2026-03-04T14:22:06.342Z] [INFO] Fetching App Store US books top_grossing
[2026-03-04T14:22:06.831Z] [INFO] Fetching Google Play US books top_grossing
[2026-03-04T14:22:07.275Z] [INFO] Fetching App Store GB tools top_free
[2026-03-04T14:22:07.403Z] [INFO] Fetching Google Play GB tools top_free
[2026-03-04T14:22:07.417Z] [INFO] Fetching App Store GB tools top_paid
[2026-03-04T14:22:08.099Z] [INFO] Fetching Google Play GB tools top_paid
[2026-03-04T14:22:08.397Z] [INFO] Fetching App Store GB tools top_grossing
[2026-03-04T14:22:08.532Z] [INFO] Fetching Google Play GB tools top_grossing
[2026-03-04T14:22:08.661Z] [INFO] Fetching App Store GB books top_free
[2026-03-04T14:22:09.169Z] [INFO] Fetching Google Play GB books top_free
[2026-03-04T14:22:09.788Z] [INFO] Fetching App Store GB books top_paid
[2026-03-04T14:22:09.911Z] [INFO] Fetching Google Play GB books top_paid
[2026-03-04T14:22:09.928Z] [INFO] Fetching App Store GB books top_grossing
[2026-03-04T14:22:10.560Z] [INFO] Fetching Google Play GB books top_grossing
[2026-03-04T14:22:10.777Z] [INFO] Fetching App Store DE tools top_free
[2026-03-04T14:22:10.848Z] [INFO] Fetching Google Play DE tools top_free
[2026-03-04T14:22:11.335Z] [INFO] Fetching App Store DE tools top_paid
[2026-03-04T14:22:11.772Z] [INFO] Fetching Google Play DE tools top_paid
[2026-03-04T14:22:11.936Z] [INFO] Fetching App Store DE tools top_grossing
[2026-03-04T14:22:12.294Z] [INFO] Fetching Google Play DE tools top_grossing
[2026-03-04T14:22:12.873Z] [INFO] Fetching App Store DE books top_free
[2026-03-04T14:22:13.070Z] [INFO] Fetching Google Play DE books top_free
[2026-03-04T14:22:13.222Z] [INFO] Fetching App Store DE books top_paid
[2026-03-04T14:22:13.788Z] [INFO] Fetching Google Play DE books top_paid
[2026-03-04T14:22:13.900Z] [INFO] Fetching App Store DE books top_grossing
[2026-03-04T14:22:13.964Z] [INFO] Fetching Google Play DE books top_grossing
[2026-03-04T14:22:14.867Z] [INFO] Fetching App Store FR tools top_free
[2026-03-04T14:22:14.938Z] [INFO] Fetching Google Play FR tools top_free
[2026-03-04T14:22:14.951Z] [INFO] Fetching App Store FR tools top_paid
[2026-03-04T14:22:16.260Z] [INFO] Fetching Google Play FR tools top_paid
[2026-03-04T14:22:16.317Z] [INFO] Fetching App Store FR tools top_grossing
[2026-03-04T14:22:16.711Z] [INFO] Fetching Google Play FR tools top_grossing
[2026-03-04T14:22:16.840Z] [INFO] Fetching App Store FR books top_free
[2026-03-04T14:22:17.080Z] [INFO] Fetching Google Play FR books top_free
[2026-03-04T14:22:17.333Z] [INFO] Fetching App Store FR books top_paid
[2026-03-04T14:22:17.977Z] [INFO] Fetching Google Play FR books top_paid
[2026-03-04T14:22:18.568Z] [INFO] Fetching App Store FR books top_grossing
[2026-03-04T14:22:18.585Z] [INFO] Fetching Google Play FR books top_grossing
[2026-03-04T14:22:18.608Z] [INFO] Fetching App Store CA tools top_free
[2026-03-04T14:22:18.712Z] [INFO] Fetching Google Play CA tools top_free
[2026-03-04T14:22:19.272Z] [INFO] Fetching App Store CA tools top_paid
[2026-03-04T14:22:19.707Z] [INFO] Fetching Google Play CA tools top_paid
[2026-03-04T14:22:19.783Z] [INFO] Fetching App Store CA tools top_grossing
[2026-03-04T14:22:20.314Z] [INFO] Fetching Google Play CA tools top_grossing
[2026-03-04T14:22:20.363Z] [INFO] Fetching App Store CA books top_free
[2026-03-04T14:22:20.457Z] [INFO] Fetching Google Play CA books top_free
[2026-03-04T14:22:21.172Z] [INFO] Fetching App Store CA books top_paid
[2026-03-04T14:22:21.367Z] [INFO] Fetching Google Play CA books top_paid
[2026-03-04T14:22:21.372Z] [INFO] Fetching App Store CA books top_grossing
[2026-03-04T14:22:21.979Z] [INFO] Fetching Google Play CA books top_grossing
[2026-03-04T14:22:21.996Z] [INFO] Fetching App Store AU tools top_free
[2026-03-04T14:22:22.292Z] [INFO] Fetching Google Play AU tools top_free
[2026-03-04T14:22:22.650Z] [INFO] Fetching App Store AU tools top_paid
[2026-03-04T14:22:23.004Z] [INFO] Fetching Google Play AU tools top_paid
[2026-03-04T14:22:23.098Z] [INFO] Fetching App Store AU tools top_grossing
[2026-03-04T14:22:23.291Z] [INFO] Fetching Google Play AU tools top_grossing
[2026-03-04T14:22:23.751Z] [INFO] Fetching App Store AU books top_free
[2026-03-04T14:22:23.842Z] [INFO] Fetching Google Play AU books top_free
[2026-03-04T14:22:24.029Z] [INFO] Fetching App Store AU books top_paid
[2026-03-04T14:22:24.455Z] [INFO] Fetching Google Play AU books top_paid
[2026-03-04T14:22:24.508Z] [INFO] Fetching App Store AU books top_grossing
[2026-03-04T14:22:25.030Z] [INFO] Fetching Google Play AU books top_grossing
[2026-03-04T14:22:25.063Z] [INFO] Fetching App Store JP tools top_free
[2026-03-04T14:22:25.629Z] [INFO] Fetching Google Play JP tools top_free
[2026-03-04T14:22:25.874Z] [INFO] Fetching App Store JP tools top_paid
[2026-03-04T14:22:25.922Z] [INFO] Fetching Google Play JP tools top_paid
[2026-03-04T14:22:26.230Z] [INFO] Fetching App Store JP tools top_grossing
[2026-03-04T14:22:26.513Z] [INFO] Fetching Google Play JP tools top_grossing
[2026-03-04T14:22:26.580Z] [INFO] Fetching App Store JP books top_free
[2026-03-04T14:22:26.922Z] [INFO] Fetching Google Play JP books top_free
[2026-03-04T14:22:27.163Z] [INFO] Fetching App Store JP books top_paid
[2026-03-04T14:22:27.387Z] [INFO] Fetching Google Play JP books top_paid
[2026-03-04T14:22:27.648Z] [INFO] Fetching App Store JP books top_grossing
[2026-03-04T14:22:28.111Z] [INFO] Fetching Google Play JP books top_grossing
[2026-03-04T14:22:28.432Z] [INFO] Fetching App Store KR tools top_free
[2026-03-04T14:22:28.611Z] [INFO] Fetching Google Play KR tools top_free
[2026-03-04T14:22:28.785Z] [INFO] Fetching App Store KR tools top_paid
[2026-03-04T14:22:29.102Z] [INFO] Fetching Google Play KR tools top_paid
[2026-03-04T14:22:29.349Z] [INFO] Fetching App Store KR tools top_grossing
[2026-03-04T14:22:29.700Z] [INFO] Fetching Google Play KR tools top_grossing
[2026-03-04T14:22:29.956Z] [INFO] Fetching App Store KR books top_free
[2026-03-04T14:22:30.337Z] [INFO] Fetching Google Play KR books top_free
[2026-03-04T14:22:30.539Z] [INFO] Fetching App Store KR books top_paid
[2026-03-04T14:22:30.719Z] [INFO] Fetching Google Play KR books top_paid
[2026-03-04T14:22:30.886Z] [INFO] Fetching App Store KR books top_grossing
[2026-03-04T14:22:31.104Z] [INFO] Fetching Google Play KR books top_grossing
[2026-03-04T14:22:31.580Z] [INFO] Fetching App Store IT tools top_free
[2026-03-04T14:22:31.813Z] [INFO] Fetching Google Play IT tools top_free
[2026-03-04T14:22:31.942Z] [INFO] Fetching App Store IT tools top_paid
[2026-03-04T14:22:32.202Z] [INFO] Fetching Google Play IT tools top_paid
[2026-03-04T14:22:32.848Z] [INFO] Fetching App Store IT tools top_grossing
[2026-03-04T14:22:32.863Z] [INFO] Fetching Google Play IT tools top_grossing
[2026-03-04T14:22:33.202Z] [INFO] Fetching App Store IT books top_free
[2026-03-04T14:22:33.649Z] [INFO] Fetching Google Play IT books top_free
[2026-03-04T14:22:34.102Z] [INFO] Fetching App Store IT books top_paid
[2026-03-04T14:22:34.291Z] [INFO] Fetching Google Play IT books top_paid
[2026-03-04T14:22:35.036Z] [INFO] Fetching App Store IT books top_grossing
[2026-03-04T14:22:35.240Z] [INFO] Fetching Google Play IT books top_grossing
[2026-03-04T14:22:35.287Z] [INFO] Fetching App Store ES tools top_free
[2026-03-04T14:22:35.673Z] [INFO] Fetching Google Play ES tools top_free
[2026-03-04T14:22:36.056Z] [INFO] Fetching App Store ES tools top_paid
[2026-03-04T14:22:37.104Z] [INFO] Fetching Google Play ES tools top_paid
[2026-03-04T14:22:37.130Z] [INFO] Fetching App Store ES tools top_grossing
[2026-03-04T14:22:37.181Z] [INFO] Fetching Google Play ES tools top_grossing
[2026-03-04T14:22:37.713Z] [INFO] Fetching App Store ES books top_free
[2026-03-04T14:22:38.142Z] [INFO] Fetching Google Play ES books top_free
[2026-03-04T14:22:38.216Z] [INFO] Fetching App Store ES books top_paid
[2026-03-04T14:22:38.658Z] [INFO] Fetching Google Play ES books top_paid
[2026-03-04T14:22:39.545Z] [INFO] Fetching App Store ES books top_grossing
[2026-03-04T14:22:39.782Z] [INFO] Fetching Google Play ES books top_grossing
[2026-03-04T14:22:39.951Z] [INFO] Fetching App Store NL tools top_free
[2026-03-04T14:22:40.452Z] [INFO] Fetching Google Play NL tools top_free
[2026-03-04T14:22:40.521Z] [INFO] Fetching App Store NL tools top_paid
[2026-03-04T14:22:41.414Z] [INFO] Fetching Google Play NL tools top_paid
[2026-03-04T14:22:41.862Z] [INFO] Fetching App Store NL tools top_grossing
[2026-03-04T14:22:42.311Z] [INFO] Fetching Google Play NL tools top_grossing
[2026-03-04T14:22:42.893Z] [INFO] Fetching App Store NL books top_free
[2026-03-04T14:22:43.804Z] [INFO] Fetching Google Play NL books top_free
[2026-03-04T14:22:44.152Z] [INFO] Fetching App Store NL books top_paid
[2026-03-04T14:22:44.476Z] [INFO] Fetching Google Play NL books top_paid
[2026-03-04T14:22:44.491Z] [INFO] Fetching App Store NL books top_grossing
[2026-03-04T14:22:45.747Z] [INFO] Fetching Google Play NL books top_grossing
[2026-03-04T14:22:46.307Z] [INFO] Fetching App Store SE tools top_free
[2026-03-04T14:22:46.324Z] [INFO] Fetching Google Play SE tools top_free
[2026-03-04T14:22:47.131Z] [INFO] Fetching App Store SE tools top_paid
[2026-03-04T14:22:47.565Z] [INFO] Fetching Google Play SE tools top_paid
[2026-03-04T14:22:48.335Z] [INFO] Fetching App Store SE tools top_grossing
[2026-03-04T14:22:48.359Z] [INFO] Fetching Google Play SE tools top_grossing
[2026-03-04T14:22:49.042Z] [INFO] Fetching App Store SE books top_free
[2026-03-04T14:22:49.072Z] [INFO] Fetching Google Play SE books top_free
[2026-03-04T14:22:50.384Z] [INFO] Fetching App Store SE books top_paid
[2026-03-04T14:22:50.541Z] [INFO] Fetching Google Play SE books top_paid
[2026-03-04T14:22:50.928Z] [INFO] Fetching App Store SE books top_grossing
[2026-03-04T14:22:51.135Z] [INFO] Fetching Google Play SE books top_grossing
[2026-03-04T14:22:51.976Z] [INFO] Fetching App Store CH tools top_free
[2026-03-04T14:22:52.582Z] [INFO] Fetching Google Play CH tools top_free
[2026-03-04T14:22:52.840Z] [INFO] Fetching App Store CH tools top_paid
[2026-03-04T14:22:53.735Z] [INFO] Fetching Google Play CH tools top_paid
[2026-03-04T14:22:53.801Z] [INFO] Fetching App Store CH tools top_grossing
[2026-03-04T14:22:54.885Z] [INFO] Fetching Google Play CH tools top_grossing
[2026-03-04T14:22:55.291Z] [INFO] Fetching App Store CH books top_free
[2026-03-04T14:22:55.757Z] [INFO] Fetching Google Play CH books top_free
[2026-03-04T14:22:57.254Z] [INFO] Fetching App Store CH books top_paid
[2026-03-04T14:22:57.585Z] [INFO] Fetching Google Play CH books top_paid
[2026-03-04T14:22:58.544Z] [INFO] Fetching App Store CH books top_grossing
[2026-03-04T14:22:59.342Z] [INFO] Fetching Google Play CH books top_grossing
[2026-03-04T14:23:00.423Z] [INFO] Fetching App Store NO tools top_free
[2026-03-04T14:23:01.142Z] [INFO] Fetching Google Play NO tools top_free
[2026-03-04T14:23:01.226Z] [INFO] Fetching App Store NO tools top_paid
[2026-03-04T14:23:01.956Z] [INFO] Fetching Google Play NO tools top_paid
[2026-03-04T14:23:03.002Z] [INFO] Fetching App Store NO tools top_grossing
[2026-03-04T14:23:04.171Z] [INFO] Fetching Google Play NO tools top_grossing
[2026-03-04T14:23:04.936Z] [INFO] Fetching App Store NO books top_free
[2026-03-04T14:23:05.546Z] [INFO] Fetching Google Play NO books top_free
[2026-03-04T14:23:05.669Z] [INFO] Fetching App Store NO books top_paid
[2026-03-04T14:23:06.482Z] [INFO] Fetching Google Play NO books top_paid
[2026-03-04T14:23:07.035Z] [INFO] Fetching App Store NO books top_grossing
[2026-03-04T14:23:08.655Z] [INFO] Fetching Google Play NO books top_grossing
[2026-03-04T14:23:09.161Z] [INFO] Fetching App Store DK tools top_free
[2026-03-04T14:23:09.357Z] [INFO] Fetching Google Play DK tools top_free
[2026-03-04T14:23:11.045Z] [INFO] Fetching App Store DK tools top_paid
[2026-03-04T14:23:11.067Z] [INFO] Fetching Google Play DK tools top_paid
[2026-03-04T14:23:12.959Z] [INFO] Fetching App Store DK tools top_grossing
[2026-03-04T14:23:12.998Z] [INFO] Fetching Google Play DK tools top_grossing
[2026-03-04T14:23:13.409Z] [INFO] Fetching App Store DK books top_free
[2026-03-04T14:23:14.733Z] [INFO] Fetching Google Play DK books top_free
[2026-03-04T14:23:14.938Z] [INFO] Fetching App Store DK books top_paid
[2026-03-04T14:23:15.573Z] [INFO] Fetching Google Play DK books top_paid
[2026-03-04T14:23:16.820Z] [INFO] Fetching App Store DK books top_grossing
[2026-03-04T14:23:16.966Z] [INFO] Fetching Google Play DK books top_grossing
[2026-03-04T14:23:18.565Z] [INFO] Fetching App Store FI tools top_free
[2026-03-04T14:23:18.600Z] [INFO] Fetching Google Play FI tools top_free
[2026-03-04T14:23:18.819Z] [INFO] Fetching App Store FI tools top_paid
[2026-03-04T14:23:20.489Z] [INFO] Fetching Google Play FI tools top_paid
[2026-03-04T14:23:20.775Z] [INFO] Fetching App Store FI tools top_grossing
[2026-03-04T14:23:21.828Z] [INFO] Fetching Google Play FI tools top_grossing
[2026-03-04T14:23:22.678Z] [INFO] Fetching App Store FI books top_free
[2026-03-04T14:23:22.793Z] [INFO] Fetching Google Play FI books top_free
[2026-03-04T14:23:23.198Z] [INFO] Fetching App Store FI books top_paid
[2026-03-04T14:23:24.876Z] [INFO] Fetching Google Play FI books top_paid
[2026-03-04T14:23:25.186Z] [INFO] Fetching App Store FI books top_grossing
[2026-03-04T14:23:27.090Z] [INFO] Fetching Google Play FI books top_grossing
[2026-03-04T14:23:27.146Z] [INFO] Fetching App Store SG tools top_free
[2026-03-04T14:23:27.282Z] [INFO] Fetching Google Play SG tools top_free
[2026-03-04T14:23:28.250Z] [INFO] Fetching App Store SG tools top_paid
[2026-03-04T14:23:29.109Z] [INFO] Fetching Google Play SG tools top_paid
[2026-03-04T14:23:29.652Z] [INFO] Fetching App Store SG tools top_grossing
[2026-03-04T14:23:30.017Z] [INFO] Fetching Google Play SG tools top_grossing
[2026-03-04T14:23:31.326Z] [INFO] Fetching App Store SG books top_free
[2026-03-04T14:23:31.705Z] [INFO] Fetching Google Play SG books top_free
[2026-03-04T14:23:33.110Z] [INFO] Fetching App Store SG books top_paid
[2026-03-04T14:23:33.197Z] [INFO] Fetching Google Play SG books top_paid
[2026-03-04T14:23:33.284Z] [INFO] Fetching App Store SG books top_grossing
[2026-03-04T14:23:34.171Z] [INFO] Fetching Google Play SG books top_grossing
[2026-03-04T14:23:34.919Z] [INFO] Fetching App Store HK tools top_free
[2026-03-04T14:23:34.943Z] [INFO] Fetching Google Play HK tools top_free
[2026-03-04T14:23:36.588Z] [INFO] Fetching App Store HK tools top_paid
[2026-03-04T14:23:36.795Z] [INFO] Fetching Google Play HK tools top_paid
[2026-03-04T14:23:38.292Z] [INFO] Fetching App Store HK tools top_grossing
[2026-03-04T14:23:38.429Z] [INFO] Fetching Google Play HK tools top_grossing
[2026-03-04T14:23:38.970Z] [INFO] Fetching App Store HK books top_free
[2026-03-04T14:23:39.518Z] [INFO] Fetching Google Play HK books top_free
[2026-03-04T14:23:40.941Z] [INFO] Fetching App Store HK books top_paid
[2026-03-04T14:23:41.522Z] [INFO] Fetching Google Play HK books top_paid
[2026-03-04T14:23:41.980Z] [INFO] Fetching App Store HK books top_grossing
[2026-03-04T14:23:42.976Z] [INFO] Fetching Google Play HK books top_grossing
[2026-03-04T14:23:44.061Z] [INFO] Fetching App Store TW tools top_free
[2026-03-04T14:23:44.330Z] [INFO] Fetching Google Play TW tools top_free
[2026-03-04T14:23:44.596Z] [INFO] Fetching App Store TW tools top_paid
[2026-03-04T14:23:46.326Z] [INFO] Fetching Google Play TW tools top_paid
[2026-03-04T14:23:46.375Z] [INFO] Fetching App Store TW tools top_grossing
[2026-03-04T14:23:46.384Z] [INFO] Fetching Google Play TW tools top_grossing
[2026-03-04T14:23:47.987Z] [INFO] Fetching App Store TW books top_free
[2026-03-04T14:23:48.974Z] [INFO] Fetching Google Play TW books top_free
[2026-03-04T14:23:49.211Z] [INFO] Fetching App Store TW books top_paid
[2026-03-04T14:23:49.749Z] [INFO] Fetching Google Play TW books top_paid
[2026-03-04T14:23:49.760Z] [INFO] Fetching App Store TW books top_grossing
[2026-03-04T14:23:50.400Z] [INFO] Fetching Google Play TW books top_grossing
[2026-03-04T14:23:51.281Z] [INFO] Fetching App Store NZ tools top_free
[2026-03-04T14:23:51.826Z] [INFO] Fetching Google Play NZ tools top_free
[2026-03-04T14:23:52.910Z] [INFO] Fetching App Store NZ tools top_paid
[2026-03-04T14:23:53.807Z] [INFO] Fetching Google Play NZ tools top_paid
[2026-03-04T14:23:54.675Z] [INFO] Fetching App Store NZ tools top_grossing
[2026-03-04T14:23:54.852Z] [INFO] Fetching Google Play NZ tools top_grossing
[2026-03-04T14:23:56.100Z] [INFO] Fetching App Store NZ books top_free
[2026-03-04T14:23:56.895Z] [INFO] Fetching Google Play NZ books top_free
[2026-03-04T14:23:58.205Z] [INFO] Fetching App Store NZ books top_paid
[2026-03-04T14:23:58.304Z] [INFO] Fetching Google Play NZ books top_paid
[2026-03-04T14:23:58.428Z] [INFO] Fetching App Store NZ books top_grossing
[2026-03-04T14:23:59.217Z] [INFO] Fetching Google Play NZ books top_grossing
[2026-03-04T14:24:00.116Z] [INFO] Fetching App Store AT tools top_free
[2026-03-04T14:24:00.148Z] [INFO] Fetching Google Play AT tools top_free
[2026-03-04T14:24:01.478Z] [INFO] Fetching App Store AT tools top_paid
[2026-03-04T14:24:01.583Z] [INFO] Fetching Google Play AT tools top_paid
[2026-03-04T14:24:02.292Z] [INFO] Fetching App Store AT tools top_grossing
[2026-03-04T14:24:03.344Z] [INFO] Fetching Google Play AT tools top_grossing
[2026-03-04T14:24:04.587Z] [INFO] Fetching App Store AT books top_free
[2026-03-04T14:24:05.300Z] [INFO] Fetching Google Play AT books top_free
[2026-03-04T14:24:05.488Z] [INFO] Fetching App Store AT books top_paid
[2026-03-04T14:24:06.172Z] [INFO] Fetching Google Play AT books top_paid
[2026-03-04T14:24:06.515Z] [INFO] Fetching App Store AT books top_grossing
[2026-03-04T14:24:06.637Z] [INFO] Fetching Google Play AT books top_grossing
[2026-03-04T14:24:07.203Z] [INFO] Fetching App Store BE tools top_free
[2026-03-04T14:24:08.359Z] [INFO] Fetching Google Play BE tools top_free
[2026-03-04T14:24:09.383Z] [INFO] Fetching App Store BE tools top_paid
[2026-03-04T14:24:09.981Z] [INFO] Fetching Google Play BE tools top_paid
[2026-03-04T14:24:10.384Z] [INFO] Fetching App Store BE tools top_grossing
[2026-03-04T14:24:11.413Z] [INFO] Fetching Google Play BE tools top_grossing
[2026-03-04T14:24:11.786Z] [INFO] Fetching App Store BE books top_free
[2026-03-04T14:24:12.329Z] [INFO] Fetching Google Play BE books top_free
[2026-03-04T14:24:12.516Z] [INFO] Fetching App Store BE books top_paid
[2026-03-04T14:24:13.574Z] [INFO] Fetching Google Play BE books top_paid
[2026-03-04T14:24:13.621Z] [INFO] Fetching App Store BE books top_grossing
[2026-03-04T14:24:14.440Z] [INFO] Fetching Google Play BE books top_grossing
[2026-03-04T14:24:15.139Z] [INFO] Fetching App Store BR tools top_free
[2026-03-04T14:24:15.453Z] [INFO] Fetching Google Play BR tools top_free
[2026-03-04T14:24:16.609Z] [INFO] Fetching App Store BR tools top_paid
[2026-03-04T14:24:16.817Z] [INFO] Fetching Google Play BR tools top_paid
[2026-03-04T14:24:17.104Z] [INFO] Fetching App Store BR tools top_grossing
[2026-03-04T14:24:18.411Z] [INFO] Fetching Google Play BR tools top_grossing
[2026-03-04T14:24:18.634Z] [INFO] Fetching App Store BR books top_free
[2026-03-04T14:24:19.102Z] [INFO] Fetching Google Play BR books top_free
[2026-03-04T14:24:20.410Z] [INFO] Fetching App Store BR books top_paid
[2026-03-04T14:24:21.238Z] [INFO] Fetching Google Play BR books top_paid
[2026-03-04T14:24:21.968Z] [INFO] Fetching App Store BR books top_grossing
[2026-03-04T14:24:22.196Z] [INFO] Fetching Google Play BR books top_grossing
[2026-03-04T14:24:23.341Z] [INFO] Fetching App Store MX tools top_free
[2026-03-04T14:24:23.892Z] [INFO] Fetching Google Play MX tools top_free
[2026-03-04T14:24:24.588Z] [INFO] Fetching App Store MX tools top_paid
[2026-03-04T14:24:25.145Z] [INFO] Fetching Google Play MX tools top_paid
[2026-03-04T14:24:25.543Z] [INFO] Fetching App Store MX tools top_grossing
[2026-03-04T14:24:26.342Z] [INFO] Fetching Google Play MX tools top_grossing
[2026-03-04T14:24:27.351Z] [INFO] Fetching App Store MX books top_free
[2026-03-04T14:24:28.039Z] [INFO] Fetching Google Play MX books top_free
[2026-03-04T14:24:29.103Z] [INFO] Fetching App Store MX books top_paid
[2026-03-04T14:24:29.121Z] [INFO] Fetching Google Play MX books top_paid
[2026-03-04T14:24:30.763Z] [INFO] Fetching App Store MX books top_grossing
[2026-03-04T14:24:30.888Z] [INFO] Fetching Google Play MX books top_grossing
[2026-03-04T14:24:30.926Z] [INFO] Fetching App Store AR tools top_free
[2026-03-04T14:24:32.680Z] [INFO] Fetching Google Play AR tools top_free
[2026-03-04T14:24:32.742Z] [INFO] Fetching App Store AR tools top_paid
[2026-03-04T14:24:32.931Z] [INFO] Fetching Google Play AR tools top_paid
[2026-03-04T14:24:34.305Z] [INFO] Fetching App Store AR tools top_grossing
[2026-03-04T14:24:34.668Z] [INFO] Fetching Google Play AR tools top_grossing
[2026-03-04T14:24:35.851Z] [INFO] Fetching App Store AR books top_free
[2026-03-04T14:24:36.225Z] [INFO] Fetching Google Play AR books top_free
[2026-03-04T14:24:37.057Z] [INFO] Fetching App Store AR books top_paid
[2026-03-04T14:24:37.410Z] [INFO] Fetching Google Play AR books top_paid
[2026-03-04T14:24:38.030Z] [INFO] Fetching App Store AR books top_grossing
[2026-03-04T14:24:38.102Z] [INFO] Fetching Google Play AR books top_grossing
[2026-03-04T14:24:38.907Z] [INFO] Fetching App Store CL tools top_free
[2026-03-04T14:24:39.860Z] [INFO] Fetching Google Play CL tools top_free
[2026-03-04T14:24:40.428Z] [INFO] Fetching App Store CL tools top_paid
[2026-03-04T14:24:40.557Z] [INFO] Fetching Google Play CL tools top_paid
[2026-03-04T14:24:40.820Z] [INFO] Fetching App Store CL tools top_grossing
[2026-03-04T14:24:42.235Z] [INFO] Fetching Google Play CL tools top_grossing
[2026-03-04T14:24:42.844Z] [INFO] Fetching App Store CL books top_free
[2026-03-04T14:24:43.047Z] [INFO] Fetching Google Play CL books top_free
[2026-03-04T14:24:44.464Z] [INFO] Fetching App Store CL books top_paid
[2026-03-04T14:24:45.345Z] [INFO] Fetching Google Play CL books top_paid
[2026-03-04T14:24:45.448Z] [INFO] Fetching App Store CL books top_grossing
[2026-03-04T14:24:46.014Z] [INFO] Fetching Google Play CL books top_grossing
[2026-03-04T14:24:47.321Z] [INFO] Fetching App Store CO tools top_free
[2026-03-04T14:24:47.459Z] [INFO] Fetching Google Play CO tools top_free
[2026-03-04T14:24:47.948Z] [INFO] Fetching App Store CO tools top_paid
[2026-03-04T14:24:49.556Z] [INFO] Fetching Google Play CO tools top_paid
[2026-03-04T14:24:49.808Z] [INFO] Fetching App Store CO tools top_grossing
[2026-03-04T14:24:50.045Z] [INFO] Fetching Google Play CO tools top_grossing
[2026-03-04T14:24:50.652Z] [INFO] Fetching App Store CO books top_free
[2026-03-04T14:24:51.460Z] [INFO] Fetching Google Play CO books top_free
[2026-03-04T14:24:52.118Z] [INFO] Fetching App Store CO books top_paid
[2026-03-04T14:24:52.692Z] [INFO] Fetching Google Play CO books top_paid
[2026-03-04T14:24:54.152Z] [INFO] Fetching App Store CO books top_grossing
[2026-03-04T14:24:54.926Z] [INFO] Fetching Google Play CO books top_grossing
[2026-03-04T14:24:55.429Z] [INFO] Fetching App Store IN tools top_free
[2026-03-04T14:24:55.875Z] [INFO] Fetching Google Play IN tools top_free
[2026-03-04T14:24:56.259Z] [INFO] Fetching App Store IN tools top_paid
[2026-03-04T14:24:57.078Z] [INFO] Fetching Google Play IN tools top_paid
[2026-03-04T14:24:57.864Z] [INFO] Fetching App Store IN tools top_grossing
[2026-03-04T14:24:58.049Z] [INFO] Fetching Google Play IN tools top_grossing
[2026-03-04T14:24:58.299Z] [INFO] Fetching App Store IN books top_free
[2026-03-04T14:25:00.061Z] [INFO] Fetching Google Play IN books top_free
[2026-03-04T14:25:00.194Z] [INFO] Fetching App Store IN books top_paid
[2026-03-04T14:25:00.748Z] [INFO] Fetching Google Play IN books top_paid
[2026-03-04T14:25:00.760Z] [INFO] Fetching App Store IN books top_grossing
[2026-03-04T14:25:02.060Z] [INFO] Fetching Google Play IN books top_grossing
[2026-03-04T14:25:02.961Z] [INFO] Fetching App Store ID tools top_free
[2026-03-04T14:25:02.976Z] [INFO] Fetching Google Play ID tools top_free
[2026-03-04T14:25:04.004Z] [INFO] Fetching App Store ID tools top_paid
[2026-03-04T14:25:05.137Z] [INFO] Fetching Google Play ID tools top_paid
[2026-03-04T14:25:06.034Z] [INFO] Fetching App Store ID tools top_grossing
[2026-03-04T14:25:06.190Z] [INFO] Fetching Google Play ID tools top_grossing
[2026-03-04T14:25:06.441Z] [INFO] Fetching App Store ID books top_free
[2026-03-04T14:25:07.536Z] [INFO] Fetching Google Play ID books top_free
[2026-03-04T14:25:08.203Z] [INFO] Fetching App Store ID books top_paid
[2026-03-04T14:25:08.306Z] [INFO] Fetching Google Play ID books top_paid
[2026-03-04T14:25:08.467Z] [INFO] Fetching App Store ID books top_grossing
[2026-03-04T14:25:09.687Z] [INFO] Fetching Google Play ID books top_grossing
[2026-03-04T14:25:10.056Z] [INFO] Fetching App Store TH tools top_free
[2026-03-04T14:25:10.335Z] [INFO] Fetching Google Play TH tools top_free
[2026-03-04T14:25:11.180Z] [INFO] Fetching App Store TH tools top_paid
[2026-03-04T14:25:12.333Z] [INFO] Fetching Google Play TH tools top_paid
[2026-03-04T14:25:13.075Z] [INFO] Fetching App Store TH tools top_grossing
[2026-03-04T14:25:13.156Z] [INFO] Fetching Google Play TH tools top_grossing
[2026-03-04T14:25:13.244Z] [INFO] Fetching App Store TH books top_free
[2026-03-04T14:25:15.033Z] [INFO] Fetching Google Play TH books top_free
[2026-03-04T14:25:15.354Z] [INFO] Fetching App Store TH books top_paid
[2026-03-04T14:25:15.486Z] [INFO] Fetching Google Play TH books top_paid
[2026-03-04T14:25:17.025Z] [INFO] Fetching App Store TH books top_grossing
[2026-03-04T14:25:17.355Z] [INFO] Fetching Google Play TH books top_grossing
[2026-03-04T14:25:17.756Z] [INFO] Fetching App Store VN tools top_free
[2026-03-04T14:25:18.627Z] [INFO] Fetching Google Play VN tools top_free
[2026-03-04T14:25:18.892Z] [INFO] Fetching App Store VN tools top_paid
[2026-03-04T14:25:20.057Z] [INFO] Fetching Google Play VN tools top_paid
[2026-03-04T14:25:20.547Z] [INFO] Fetching App Store VN tools top_grossing
[2026-03-04T14:25:21.094Z] [INFO] Fetching Google Play VN tools top_grossing
[2026-03-04T14:25:22.454Z] [INFO] Fetching App Store VN books top_free
[2026-03-04T14:25:23.772Z] [INFO] Fetching Google Play VN books top_free
[2026-03-04T14:25:23.886Z] [INFO] Fetching App Store VN books top_paid
[2026-03-04T14:25:24.454Z] [INFO] Fetching Google Play VN books top_paid
[2026-03-04T14:25:25.839Z] [INFO] Fetching App Store VN books top_grossing
[2026-03-04T14:25:26.145Z] [INFO] Fetching Google Play VN books top_grossing
[2026-03-04T14:25:26.176Z] [INFO] Fetching App Store PH tools top_free
[2026-03-04T14:25:27.651Z] [INFO] Fetching Google Play PH tools top_free
[2026-03-04T14:25:28.453Z] [INFO] Fetching App Store PH tools top_paid
[2026-03-04T14:25:28.592Z] [INFO] Fetching Google Play PH tools top_paid
[2026-03-04T14:25:29.260Z] [INFO] Fetching App Store PH tools top_grossing
[2026-03-04T14:25:29.512Z] [INFO] Fetching Google Play PH tools top_grossing
[2026-03-04T14:25:30.317Z] [INFO] Fetching App Store PH books top_free
[2026-03-04T14:25:31.463Z] [INFO] Fetching Google Play PH books top_free
[2026-03-04T14:25:32.058Z] [INFO] Fetching App Store PH books top_paid
[2026-03-04T14:25:32.206Z] [INFO] Fetching Google Play PH books top_paid
[2026-03-04T14:25:33.845Z] [INFO] Fetching App Store PH books top_grossing
[2026-03-04T14:25:34.718Z] [INFO] Fetching Google Play PH books top_grossing
[2026-03-04T14:25:34.860Z] [INFO] Fetching App Store MY tools top_free
[2026-03-04T14:25:35.712Z] [INFO] Fetching Google Play MY tools top_free
[2026-03-04T14:25:35.777Z] [INFO] Fetching App Store MY tools top_paid
[2026-03-04T14:25:36.864Z] [INFO] Fetching Google Play MY tools top_paid
[2026-03-04T14:25:37.221Z] [INFO] Fetching App Store MY tools top_grossing
[2026-03-04T14:25:37.628Z] [INFO] Fetching Google Play MY tools top_grossing
[2026-03-04T14:25:37.926Z] [INFO] Fetching App Store MY books top_free
[2026-03-04T14:25:38.954Z] [INFO] Fetching Google Play MY books top_free
[2026-03-04T14:25:39.435Z] [INFO] Fetching App Store MY books top_paid
[2026-03-04T14:25:40.510Z] [INFO] Fetching Google Play MY books top_paid
[2026-03-04T14:25:40.943Z] [INFO] Fetching App Store MY books top_grossing
[2026-03-04T14:25:42.442Z] [INFO] Fetching Google Play MY books top_grossing
[2026-03-04T14:25:42.720Z] [INFO] Fetching App Store SA tools top_free
[2026-03-04T14:25:43.811Z] [INFO] Fetching Google Play SA tools top_free
[2026-03-04T14:25:44.254Z] [INFO] Fetching App Store SA tools top_paid
[2026-03-04T14:25:45.092Z] [INFO] Fetching Google Play SA tools top_paid
[2026-03-04T14:25:46.227Z] [INFO] Fetching App Store SA tools top_grossing
[2026-03-04T14:25:46.390Z] [INFO] Fetching Google Play SA tools top_grossing
[2026-03-04T14:25:47.713Z] [INFO] Fetching App Store SA books top_free
[2026-03-04T14:25:48.019Z] [INFO] Fetching Google Play SA books top_free
[2026-03-04T14:25:48.694Z] [INFO] Fetching App Store SA books top_paid
[2026-03-04T14:25:49.784Z] [INFO] Fetching Google Play SA books top_paid
[2026-03-04T14:25:50.196Z] [INFO] Fetching App Store SA books top_grossing
[2026-03-04T14:25:51.526Z] [INFO] Fetching Google Play SA books top_grossing
[2026-03-04T14:25:51.918Z] [INFO] Fetching App Store AE tools top_free
[2026-03-04T14:25:52.386Z] [INFO] Fetching Google Play AE tools top_free
[2026-03-04T14:25:53.771Z] [INFO] Fetching App Store AE tools top_paid
[2026-03-04T14:25:54.016Z] [INFO] Fetching Google Play AE tools top_paid
[2026-03-04T14:25:55.774Z] [INFO] Fetching App Store AE tools top_grossing
[2026-03-04T14:25:55.866Z] [INFO] Fetching Google Play AE tools top_grossing
[2026-03-04T14:25:56.455Z] [INFO] Fetching App Store AE books top_free
[2026-03-04T14:25:58.086Z] [INFO] Fetching Google Play AE books top_free
[2026-03-04T14:25:58.394Z] [INFO] Fetching App Store AE books top_paid
[2026-03-04T14:25:58.441Z] [INFO] Fetching Google Play AE books top_paid
[2026-03-04T14:25:58.887Z] [INFO] Fetching App Store AE books top_grossing
[2026-03-04T14:26:00.203Z] [INFO] Fetching Google Play AE books top_grossing
[2026-03-04T14:26:00.349Z] [INFO] Fetching App Store TR tools top_free
[2026-03-04T14:26:00.958Z] [INFO] Fetching Google Play TR tools top_free
[2026-03-04T14:26:01.502Z] [INFO] Fetching App Store TR tools top_paid
[2026-03-04T14:26:02.105Z] [INFO] Fetching Google Play TR tools top_paid
[2026-03-04T14:26:03.182Z] [INFO] Fetching App Store TR tools top_grossing
[2026-03-04T14:26:03.247Z] [INFO] Fetching Google Play TR tools top_grossing
[2026-03-04T14:26:05.168Z] [INFO] Fetching App Store TR books top_free
[2026-03-04T14:26:05.437Z] [INFO] Fetching Google Play TR books top_free
[2026-03-04T14:26:05.506Z] [INFO] Fetching App Store TR books top_paid
[2026-03-04T14:26:05.575Z] [INFO] Fetching Google Play TR books top_paid
[2026-03-04T14:26:07.008Z] [INFO] Fetching App Store TR books top_grossing
[2026-03-04T14:26:07.123Z] [INFO] Fetching Google Play TR books top_grossing
[2026-03-04T14:26:08.326Z] [INFO] Fetching App Store PL tools top_free
[2026-03-04T14:26:08.991Z] [INFO] Fetching Google Play PL tools top_free
[2026-03-04T14:26:09.837Z] [INFO] Fetching App Store PL tools top_paid
[2026-03-04T14:26:10.502Z] [INFO] Fetching Google Play PL tools top_paid
[2026-03-04T14:26:10.911Z] [INFO] Fetching App Store PL tools top_grossing
[2026-03-04T14:26:12.050Z] [INFO] Fetching Google Play PL tools top_grossing
[2026-03-04T14:26:12.673Z] [INFO] Fetching App Store PL books top_free
[2026-03-04T14:26:12.938Z] [INFO] Fetching Google Play PL books top_free
[2026-03-04T14:26:13.157Z] [INFO] Fetching App Store PL books top_paid
[2026-03-04T14:26:14.383Z] [INFO] Fetching Google Play PL books top_paid
[2026-03-04T14:26:14.828Z] [INFO] Fetching App Store PL books top_grossing
[2026-03-04T14:26:14.959Z] [INFO] Fetching Google Play PL books top_grossing
[2026-03-04T14:26:15.388Z] [INFO] Fetching App Store RU tools top_free
[2026-03-04T14:26:16.767Z] [INFO] Fetching Google Play RU tools top_free
[2026-03-04T14:26:17.086Z] [INFO] Fetching App Store RU tools top_paid
[2026-03-04T14:26:18.428Z] [INFO] Fetching Google Play RU tools top_paid
[2026-03-04T14:26:18.917Z] [INFO] Fetching App Store RU tools top_grossing
[2026-03-04T14:26:19.942Z] [ERROR] Google Play RU tools top_paid failed: Cannot read properties of undefined (reading 'fantasy-land/map')
[2026-03-04T14:26:19.942Z] [INFO] Fetching Google Play RU tools top_grossing
[2026-03-04T14:26:20.698Z] [INFO] Fetching App Store RU books top_free
[2026-03-04T14:26:21.067Z] [INFO] Fetching Google Play RU books top_free
[2026-03-04T14:26:21.084Z] [INFO] Fetching App Store RU books top_paid
[2026-03-04T14:26:21.652Z] [INFO] Fetching Google Play RU books top_paid
[2026-03-04T14:26:22.637Z] [INFO] Fetching App Store RU books top_grossing
[2026-03-04T14:26:22.915Z] [INFO] Fetching Google Play RU books top_grossing
[2026-03-04T14:26:23.661Z] [ERROR] Google Play RU books top_paid failed: Cannot read properties of undefined (reading 'fantasy-land/map')
[2026-03-04T14:26:23.662Z] [INFO] Fetching App Store ZA tools top_free
[2026-03-04T14:26:24.179Z] [INFO] Fetching Google Play ZA tools top_free
[2026-03-04T14:26:24.378Z] [INFO] Fetching App Store ZA tools top_paid
[2026-03-04T14:26:25.042Z] [INFO] Fetching Google Play ZA tools top_paid
[2026-03-04T14:26:25.471Z] [INFO] Fetching App Store ZA tools top_grossing
[2026-03-04T14:26:26.414Z] [INFO] Fetching Google Play ZA tools top_grossing
[2026-03-04T14:26:27.692Z] [INFO] Fetching App Store ZA books top_free
[2026-03-04T14:26:28.457Z] [INFO] Fetching Google Play ZA books top_free
[2026-03-04T14:26:28.630Z] [INFO] Fetching App Store ZA books top_paid
[2026-03-04T14:26:29.450Z] [INFO] Fetching Google Play ZA books top_paid
[2026-03-04T14:26:29.724Z] [INFO] Fetching App Store ZA books top_grossing
[2026-03-04T14:26:29.999Z] [INFO] Fetching Google Play ZA books top_grossing
[2026-03-04T14:26:30.368Z] [INFO] Fetching App Store EG tools top_free
[2026-03-04T14:26:31.358Z] [INFO] Fetching Google Play EG tools top_free
[2026-03-04T14:26:32.431Z] [INFO] Fetching App Store EG tools top_paid
[2026-03-04T14:26:32.868Z] [INFO] Fetching Google Play EG tools top_paid
[2026-03-04T14:26:34.144Z] [INFO] Fetching App Store EG tools top_grossing
[2026-03-04T14:26:34.535Z] [INFO] Fetching Google Play EG tools top_grossing
[2026-03-04T14:26:34.962Z] [INFO] Fetching App Store EG books top_free
[2026-03-04T14:26:35.906Z] [INFO] Fetching Google Play EG books top_free
[2026-03-04T14:26:36.032Z] [INFO] Fetching App Store EG books top_paid
[2026-03-04T14:26:36.766Z] [INFO] Fetching Google Play EG books top_paid
[2026-03-04T14:26:37.805Z] [INFO] Fetching App Store EG books top_grossing
[2026-03-04T14:26:37.858Z] [INFO] Fetching Google Play EG books top_grossing
[2026-03-04T14:26:43.948Z] [INFO] Fetched total 9546 records
[2026-03-04T14:26:44.023Z] [INFO] Saved 9546 raw records to /root/.openclaw/workspace/app_rank_scraper/data/rankings_raw.jsonl
[2026-03-04T14:26:44.125Z] [INFO] Saved summary to /root/.openclaw/workspace/app_rank_scraper/data/rankings_summary.csv
[2026-03-04T14:26:44.438Z] [INFO] Saved 10584 changes to /root/.openclaw/workspace/app_rank_scraper/data/rank_changes_20260304_142203.csv
[2026-03-04T14:26:44.449Z] [INFO] Generated report at /root/.openclaw/workspace/app_rank_scraper/report_20260304_142203.md
[2026-03-04T14:26:44.449Z] [INFO] Crawl completed successfully!
