[2026-03-04T16:24:12.831Z] [INFO] Starting crawl at 20260304_162412 UTC
[2026-03-04T16:24:12.833Z] [INFO] Loaded 40 countries
[2026-03-04T16:24:12.841Z] [INFO] Fetching App Store US tools top_free
[2026-03-04T16:24:12.846Z] [INFO] Fetching Google Play US tools top_free
[2026-03-04T16:24:12.853Z] [INFO] Fetching App Store US tools top_paid
[2026-03-04T16:24:12.854Z] [INFO] Fetching Google Play US tools top_paid
[2026-03-04T16:24:12.855Z] [INFO] Fetching App Store US tools top_grossing
[2026-03-04T16:24:14.154Z] [INFO] Fetching Google Play US tools top_grossing
[2026-03-04T16:24:14.293Z] [INFO] Fetching App Store US books top_free
[2026-03-04T16:24:14.454Z] [INFO] Fetching Google Play US books top_free
[2026-03-04T16:24:14.763Z] [INFO] Fetching App Store US books top_paid
[2026-03-04T16:24:14.856Z] [INFO] Fetching Google Play US books top_paid
[2026-03-04T16:24:15.544Z] [INFO] Fetching App Store US books top_grossing
[2026-03-04T16:24:15.691Z] [INFO] Fetching Google Play US books top_grossing
[2026-03-04T16:24:15.968Z] [INFO] Fetching App Store GB tools top_free
[2026-03-04T16:24:15.998Z] [INFO] Fetching Google Play GB tools top_free
[2026-03-04T16:24:16.530Z] [INFO] Fetching App Store GB tools top_paid
[2026-03-04T16:24:16.535Z] [INFO] Fetching Google Play GB tools top_paid
[2026-03-04T16:24:17.212Z] [INFO] Fetching App Store GB tools top_grossing
[2026-03-04T16:24:17.299Z] [INFO] Fetching Google Play GB tools top_grossing
[2026-03-04T16:24:17.458Z] [INFO] Fetching App Store GB books top_free
[2026-03-04T16:24:17.463Z] [INFO] Fetching Google Play GB books top_free
[2026-03-04T16:24:17.892Z] [INFO] Fetching App Store GB books top_paid
[2026-03-04T16:24:18.337Z] [INFO] Fetching Google Play GB books top_paid
[2026-03-04T16:24:18.390Z] [INFO] Fetching App Store GB books top_grossing
[2026-03-04T16:24:18.629Z] [INFO] Fetching Google Play GB books top_grossing
[2026-03-04T16:24:18.706Z] [INFO] Fetching App Store DE tools top_free
[2026-03-04T16:24:19.195Z] [INFO] Fetching Google Play DE tools top_free
[2026-03-04T16:24:19.220Z] [INFO] Fetching App Store DE tools top_paid
[2026-03-04T16:24:19.563Z] [INFO] Fetching Google Play DE tools top_paid
[2026-03-04T16:24:19.831Z] [INFO] Fetching App Store DE tools top_grossing
[2026-03-04T16:24:19.977Z] [INFO] Fetching Google Play DE tools top_grossing
[2026-03-04T16:24:20.046Z] [INFO] Fetching App Store DE books top_free
[2026-03-04T16:24:20.402Z] [INFO] Fetching Google Play DE books top_free
[2026-03-04T16:24:20.560Z] [INFO] Fetching App Store DE books top_paid
[2026-03-04T16:24:20.906Z] [INFO] Fetching Google Play DE books top_paid
[2026-03-04T16:24:20.994Z] [INFO] Fetching App Store DE books top_grossing
[2026-03-04T16:24:21.033Z] [INFO] Fetching Google Play DE books top_grossing
[2026-03-04T16:24:21.464Z] [INFO] Fetching App Store FR tools top_free
[2026-03-04T16:24:22.005Z] [INFO] Fetching Google Play FR tools top_free
[2026-03-04T16:24:22.010Z] [INFO] Fetching App Store FR tools top_paid
[2026-03-04T16:24:22.238Z] [INFO] Fetching Google Play FR tools top_paid
[2026-03-04T16:24:22.849Z] [INFO] Fetching App Store FR tools top_grossing
[2026-03-04T16:24:22.925Z] [INFO] Fetching Google Play FR tools top_grossing
[2026-03-04T16:24:23.135Z] [INFO] Fetching App Store FR books top_free
[2026-03-04T16:24:23.212Z] [INFO] Fetching Google Play FR books top_free
[2026-03-04T16:24:23.599Z] [INFO] Fetching App Store FR books top_paid
[2026-03-04T16:24:24.387Z] [INFO] Fetching Google Play FR books top_paid
[2026-03-04T16:24:24.392Z] [INFO] Fetching App Store FR books top_grossing
[2026-03-04T16:24:24.460Z] [INFO] Fetching Google Play FR books top_grossing
[2026-03-04T16:24:24.659Z] [INFO] Fetching App Store CA tools top_free
[2026-03-04T16:24:25.334Z] [INFO] Fetching Google Play CA tools top_free
[2026-03-04T16:24:25.358Z] [INFO] Fetching App Store CA tools top_paid
[2026-03-04T16:24:25.810Z] [INFO] Fetching Google Play CA tools top_paid
[2026-03-04T16:24:25.963Z] [INFO] Fetching App Store CA tools top_grossing
[2026-03-04T16:24:25.989Z] [INFO] Fetching Google Play CA tools top_grossing
[2026-03-04T16:24:26.332Z] [INFO] Fetching App Store CA books top_free
[2026-03-04T16:24:26.621Z] [INFO] Fetching Google Play CA books top_free
[2026-03-04T16:24:26.899Z] [INFO] Fetching App Store CA books top_paid
[2026-03-04T16:24:27.308Z] [INFO] Fetching Google Play CA books top_paid
[2026-03-04T16:24:27.375Z] [INFO] Fetching App Store CA books top_grossing
[2026-03-04T16:24:27.495Z] [INFO] Fetching Google Play CA books top_grossing
[2026-03-04T16:24:27.791Z] [INFO] Fetching App Store AU tools top_free
[2026-03-04T16:24:28.092Z] [INFO] Fetching Google Play AU tools top_free
[2026-03-04T16:24:28.249Z] [INFO] Fetching App Store AU tools top_paid
[2026-03-04T16:24:28.336Z] [INFO] Fetching Google Play AU tools top_paid
[2026-03-04T16:24:28.821Z] [INFO] Fetching App Store AU tools top_grossing
[2026-03-04T16:24:29.041Z] [INFO] Fetching Google Play AU tools top_grossing
[2026-03-04T16:24:29.594Z] [INFO] Fetching App Store AU books top_free
[2026-03-04T16:24:29.603Z] [INFO] Fetching Google Play AU books top_free
[2026-03-04T16:24:29.659Z] [INFO] Fetching App Store AU books top_paid
[2026-03-04T16:24:30.075Z] [INFO] Fetching Google Play AU books top_paid
[2026-03-04T16:24:30.123Z] [INFO] Fetching App Store AU books top_grossing
[2026-03-04T16:24:30.531Z] [INFO] Fetching Google Play AU books top_grossing
[2026-03-04T16:24:30.668Z] [INFO] Fetching App Store JP tools top_free
[2026-03-04T16:24:30.689Z] [INFO] Fetching Google Play JP tools top_free
[2026-03-04T16:24:31.353Z] [INFO] Fetching App Store JP tools top_paid
[2026-03-04T16:24:31.489Z] [INFO] Fetching Google Play JP tools top_paid
[2026-03-04T16:24:31.613Z] [INFO] Fetching App Store JP tools top_grossing
[2026-03-04T16:24:32.054Z] [INFO] Fetching Google Play JP tools top_grossing
[2026-03-04T16:24:32.363Z] [INFO] Fetching App Store JP books top_free
[2026-03-04T16:24:32.500Z] [INFO] Fetching Google Play JP books top_free
[2026-03-04T16:24:32.636Z] [INFO] Fetching App Store JP books top_paid
[2026-03-04T16:24:32.672Z] [INFO] Fetching Google Play JP books top_paid
[2026-03-04T16:24:32.818Z] [INFO] Fetching App Store JP books top_grossing
[2026-03-04T16:24:33.435Z] [INFO] Fetching Google Play JP books top_grossing
[2026-03-04T16:24:33.449Z] [INFO] Fetching App Store KR tools top_free
[2026-03-04T16:24:33.738Z] [INFO] Fetching Google Play KR tools top_free
[2026-03-04T16:24:33.745Z] [INFO] Fetching App Store KR tools top_paid
[2026-03-04T16:24:33.946Z] [INFO] Fetching Google Play KR tools top_paid
[2026-03-04T16:24:34.051Z] [INFO] Fetching App Store KR tools top_grossing
[2026-03-04T16:24:34.534Z] [INFO] Fetching Google Play KR tools top_grossing
[2026-03-04T16:24:34.792Z] [INFO] Fetching App Store KR books top_free
[2026-03-04T16:24:34.862Z] [INFO] Fetching Google Play KR books top_free
[2026-03-04T16:24:34.977Z] [INFO] Fetching App Store KR books top_paid
[2026-03-04T16:24:35.292Z] [INFO] Fetching Google Play KR books top_paid
[2026-03-04T16:24:35.373Z] [INFO] Fetching App Store KR books top_grossing
[2026-03-04T16:24:35.643Z] [INFO] Fetching Google Play KR books top_grossing
[2026-03-04T16:24:35.966Z] [INFO] Fetching App Store IT tools top_free
[2026-03-04T16:24:36.211Z] [INFO] Fetching Google Play IT tools top_free
[2026-03-04T16:24:36.351Z] [INFO] Fetching App Store IT tools top_paid
[2026-03-04T16:24:36.505Z] [INFO] Fetching Google Play IT tools top_paid
[2026-03-04T16:24:36.595Z] [INFO] Fetching App Store IT tools top_grossing
[2026-03-04T16:24:37.253Z] [INFO] Fetching Google Play IT tools top_grossing
[2026-03-04T16:24:37.378Z] [INFO] Fetching App Store IT books top_free
[2026-03-04T16:24:37.458Z] [INFO] Fetching Google Play IT books top_free
[2026-03-04T16:24:37.657Z] [INFO] Fetching App Store IT books top_paid
[2026-03-04T16:24:37.708Z] [INFO] Fetching Google Play IT books top_paid
[2026-03-04T16:24:38.161Z] [INFO] Fetching App Store IT books top_grossing
[2026-03-04T16:24:38.372Z] [INFO] Fetching Google Play IT books top_grossing
[2026-03-04T16:24:38.692Z] [INFO] Fetching App Store ES tools top_free
[2026-03-04T16:24:38.861Z] [INFO] Fetching Google Play ES tools top_free
[2026-03-04T16:24:39.143Z] [INFO] Fetching App Store ES tools top_paid
[2026-03-04T16:24:39.181Z] [INFO] Fetching Google Play ES tools top_paid
[2026-03-04T16:24:39.516Z] [INFO] Fetching App Store ES tools top_grossing
[2026-03-04T16:24:39.749Z] [INFO] Fetching Google Play ES tools top_grossing
[2026-03-04T16:24:40.081Z] [INFO] Fetching App Store ES books top_free
[2026-03-04T16:24:40.156Z] [INFO] Fetching Google Play ES books top_free
[2026-03-04T16:24:40.489Z] [INFO] Fetching App Store ES books top_paid
[2026-03-04T16:24:40.548Z] [INFO] Fetching Google Play ES books top_paid
[2026-03-04T16:24:40.644Z] [INFO] Fetching App Store ES books top_grossing
[2026-03-04T16:24:41.019Z] [INFO] Fetching Google Play ES books top_grossing
[2026-03-04T16:24:41.416Z] [INFO] Fetching App Store NL tools top_free
[2026-03-04T16:24:41.716Z] [INFO] Fetching Google Play NL tools top_free
[2026-03-04T16:24:41.728Z] [INFO] Fetching App Store NL tools top_paid
[2026-03-04T16:24:41.848Z] [INFO] Fetching Google Play NL tools top_paid
[2026-03-04T16:24:42.091Z] [INFO] Fetching App Store NL tools top_grossing
[2026-03-04T16:24:42.602Z] [INFO] Fetching Google Play NL tools top_grossing
[2026-03-04T16:24:43.110Z] [INFO] Fetching App Store NL books top_free
[2026-03-04T16:24:43.151Z] [INFO] Fetching Google Play NL books top_free
[2026-03-04T16:24:43.162Z] [INFO] Fetching App Store NL books top_paid
[2026-03-04T16:24:43.317Z] [INFO] Fetching Google Play NL books top_paid
[2026-03-04T16:24:43.359Z] [INFO] Fetching App Store NL books top_grossing
[2026-03-04T16:24:44.034Z] [INFO] Fetching Google Play NL books top_grossing
[2026-03-04T16:24:44.327Z] [INFO] Fetching App Store SE tools top_free
[2026-03-04T16:24:44.387Z] [INFO] Fetching Google Play SE tools top_free
[2026-03-04T16:24:44.629Z] [INFO] Fetching App Store SE tools top_paid
[2026-03-04T16:24:44.784Z] [INFO] Fetching Google Play SE tools top_paid
[2026-03-04T16:24:45.346Z] [INFO] Fetching App Store SE tools top_grossing
[2026-03-04T16:24:45.460Z] [INFO] Fetching Google Play SE tools top_grossing
[2026-03-04T16:24:45.925Z] [INFO] Fetching App Store SE books top_free
[2026-03-04T16:24:46.008Z] [INFO] Fetching Google Play SE books top_free
[2026-03-04T16:24:46.205Z] [INFO] Fetching App Store SE books top_paid
[2026-03-04T16:24:46.215Z] [INFO] Fetching Google Play SE books top_paid
[2026-03-04T16:24:46.365Z] [INFO] Fetching App Store SE books top_grossing
[2026-03-04T16:24:46.925Z] [INFO] Fetching Google Play SE books top_grossing
[2026-03-04T16:24:47.444Z] [INFO] Fetching App Store CH tools top_free
[2026-03-04T16:24:47.569Z] [INFO] Fetching Google Play CH tools top_free
[2026-03-04T16:24:47.583Z] [INFO] Fetching App Store CH tools top_paid
[2026-03-04T16:24:47.745Z] [INFO] Fetching Google Play CH tools top_paid
[2026-03-04T16:24:48.074Z] [INFO] Fetching App Store CH tools top_grossing
[2026-03-04T16:24:48.414Z] [INFO] Fetching Google Play CH tools top_grossing
[2026-03-04T16:24:48.446Z] [INFO] Fetching App Store CH books top_free
[2026-03-04T16:24:48.674Z] [INFO] Fetching Google Play CH books top_free
[2026-03-04T16:24:48.699Z] [INFO] Fetching App Store CH books top_paid
[2026-03-04T16:24:49.386Z] [INFO] Fetching Google Play CH books top_paid
[2026-03-04T16:24:49.468Z] [INFO] Fetching App Store CH books top_grossing
[2026-03-04T16:24:49.562Z] [INFO] Fetching Google Play CH books top_grossing
[2026-03-04T16:24:49.666Z] [INFO] Fetching App Store NO tools top_free
[2026-03-04T16:24:50.145Z] [INFO] Fetching Google Play NO tools top_free
[2026-03-04T16:24:50.183Z] [INFO] Fetching App Store NO tools top_paid
[2026-03-04T16:24:50.283Z] [INFO] Fetching Google Play NO tools top_paid
[2026-03-04T16:24:50.742Z] [INFO] Fetching App Store NO tools top_grossing
[2026-03-04T16:24:51.161Z] [INFO] Fetching Google Play NO tools top_grossing
[2026-03-04T16:24:51.258Z] [INFO] Fetching App Store NO books top_free
[2026-03-04T16:24:52.044Z] [INFO] Fetching Google Play NO books top_free
[2026-03-04T16:24:52.204Z] [INFO] Fetching App Store NO books top_paid
[2026-03-04T16:24:53.167Z] [INFO] Fetching Google Play NO books top_paid
[2026-03-04T16:24:53.271Z] [INFO] Fetching App Store NO books top_grossing
[2026-03-04T16:24:53.535Z] [INFO] Fetching Google Play NO books top_grossing
[2026-03-04T16:24:54.279Z] [INFO] Fetching App Store DK tools top_free
[2026-03-04T16:24:54.351Z] [INFO] Fetching Google Play DK tools top_free
[2026-03-04T16:24:55.285Z] [INFO] Fetching App Store DK tools top_paid
[2026-03-04T16:24:55.289Z] [INFO] Fetching Google Play DK tools top_paid
[2026-03-04T16:24:56.113Z] [INFO] Fetching App Store DK tools top_grossing
[2026-03-04T16:24:56.353Z] [INFO] Fetching Google Play DK tools top_grossing
[2026-03-04T16:24:57.313Z] [INFO] Fetching App Store DK books top_free
[2026-03-04T16:24:57.695Z] [INFO] Fetching Google Play DK books top_free
[2026-03-04T16:24:58.491Z] [INFO] Fetching App Store DK books top_paid
[2026-03-04T16:24:58.964Z] [INFO] Fetching Google Play DK books top_paid
[2026-03-04T16:24:59.419Z] [INFO] Fetching App Store DK books top_grossing
[2026-03-04T16:24:59.839Z] [INFO] Fetching Google Play DK books top_grossing
[2026-03-04T16:25:00.284Z] [INFO] Fetching App Store FI tools top_free
[2026-03-04T16:25:00.833Z] [INFO] Fetching Google Play FI tools top_free
[2026-03-04T16:25:01.408Z] [INFO] Fetching App Store FI tools top_paid
[2026-03-04T16:25:01.776Z] [INFO] Fetching Google Play FI tools top_paid
[2026-03-04T16:25:02.119Z] [INFO] Fetching App Store FI tools top_grossing
[2026-03-04T16:25:02.389Z] [INFO] Fetching Google Play FI tools top_grossing
[2026-03-04T16:25:02.956Z] [INFO] Fetching App Store FI books top_free
[2026-03-04T16:25:03.692Z] [INFO] Fetching Google Play FI books top_free
[2026-03-04T16:25:03.962Z] [INFO] Fetching App Store FI books top_paid
[2026-03-04T16:25:05.186Z] [INFO] Fetching Google Play FI books top_paid
[2026-03-04T16:25:05.582Z] [INFO] Fetching App Store FI books top_grossing
[2026-03-04T16:25:06.850Z] [INFO] Fetching Google Play FI books top_grossing
[2026-03-04T16:25:06.951Z] [INFO] Fetching App Store SG tools top_free
[2026-03-04T16:25:07.222Z] [INFO] Fetching Google Play SG tools top_free
[2026-03-04T16:25:07.231Z] [INFO] Fetching App Store SG tools top_paid
[2026-03-04T16:25:08.043Z] [INFO] Fetching Google Play SG tools top_paid
[2026-03-04T16:25:08.372Z] [INFO] Fetching App Store SG tools top_grossing
[2026-03-04T16:25:09.025Z] [INFO] Fetching Google Play SG tools top_grossing
[2026-03-04T16:25:09.402Z] [INFO] Fetching App Store SG books top_free
[2026-03-04T16:25:10.602Z] [INFO] Fetching Google Play SG books top_free
[2026-03-04T16:25:12.837Z] [INFO] Fetching App Store SG books top_paid
[2026-03-04T16:25:13.122Z] [INFO] Fetching Google Play SG books top_paid
[2026-03-04T16:25:13.931Z] [INFO] Fetching App Store SG books top_grossing
[2026-03-04T16:25:14.170Z] [INFO] Fetching Google Play SG books top_grossing
[2026-03-04T16:25:14.595Z] [INFO] Fetching App Store HK tools top_free
[2026-03-04T16:25:15.268Z] [INFO] Fetching Google Play HK tools top_free
[2026-03-04T16:25:15.897Z] [INFO] Fetching App Store HK tools top_paid
[2026-03-04T16:25:16.555Z] [INFO] Fetching Google Play HK tools top_paid
[2026-03-04T16:25:16.829Z] [INFO] Fetching App Store HK tools top_grossing
[2026-03-04T16:25:18.165Z] [INFO] Fetching Google Play HK tools top_grossing
[2026-03-04T16:25:18.395Z] [INFO] Fetching App Store HK books top_free
[2026-03-04T16:25:19.867Z] [INFO] Fetching Google Play HK books top_free
[2026-03-04T16:25:22.215Z] [INFO] Fetching App Store HK books top_paid
[2026-03-04T16:25:22.287Z] [INFO] Fetching Google Play HK books top_paid
[2026-03-04T16:25:22.349Z] [INFO] Fetching App Store HK books top_grossing
[2026-03-04T16:25:23.110Z] [INFO] Fetching Google Play HK books top_grossing
[2026-03-04T16:25:23.368Z] [INFO] Fetching App Store TW tools top_free
[2026-03-04T16:25:23.498Z] [INFO] Fetching Google Play TW tools top_free
[2026-03-04T16:25:24.539Z] [INFO] Fetching App Store TW tools top_paid
[2026-03-04T16:25:25.361Z] [INFO] Fetching Google Play TW tools top_paid
[2026-03-04T16:25:25.772Z] [INFO] Fetching App Store TW tools top_grossing
[2026-03-04T16:25:25.842Z] [INFO] Fetching Google Play TW tools top_grossing
[2026-03-04T16:25:27.279Z] [INFO] Fetching App Store TW books top_free
[2026-03-04T16:25:27.511Z] [INFO] Fetching Google Play TW books top_free
[2026-03-04T16:25:28.198Z] [INFO] Fetching App Store TW books top_paid
[2026-03-04T16:25:28.641Z] [INFO] Fetching Google Play TW books top_paid
[2026-03-04T16:25:29.478Z] [INFO] Fetching App Store TW books top_grossing
[2026-03-04T16:25:29.764Z] [INFO] Fetching Google Play TW books top_grossing
[2026-03-04T16:25:30.426Z] [INFO] Fetching App Store NZ tools top_free
[2026-03-04T16:25:31.436Z] [INFO] Fetching Google Play NZ tools top_free
[2026-03-04T16:25:31.671Z] [INFO] Fetching App Store NZ tools top_paid
[2026-03-04T16:25:32.538Z] [INFO] Fetching Google Play NZ tools top_paid
[2026-03-04T16:25:33.077Z] [INFO] Fetching App Store NZ tools top_grossing
[2026-03-04T16:25:34.368Z] [INFO] Fetching Google Play NZ tools top_grossing
[2026-03-04T16:25:34.508Z] [INFO] Fetching App Store NZ books top_free
[2026-03-04T16:25:34.596Z] [INFO] Fetching Google Play NZ books top_free
[2026-03-04T16:25:34.780Z] [INFO] Fetching App Store NZ books top_paid
[2026-03-04T16:25:35.654Z] [INFO] Fetching Google Play NZ books top_paid
[2026-03-04T16:25:35.907Z] [INFO] Fetching App Store NZ books top_grossing
[2026-03-04T16:25:37.302Z] [INFO] Fetching Google Play NZ books top_grossing
[2026-03-04T16:25:37.338Z] [INFO] Fetching App Store AT tools top_free
[2026-03-04T16:25:37.701Z] [INFO] Fetching Google Play AT tools top_free
[2026-03-04T16:25:38.559Z] [INFO] Fetching App Store AT tools top_paid
[2026-03-04T16:25:38.693Z] [INFO] Fetching Google Play AT tools top_paid
[2026-03-04T16:25:39.771Z] [INFO] Fetching App Store AT tools top_grossing
[2026-03-04T16:25:39.842Z] [INFO] Fetching Google Play AT tools top_grossing
[2026-03-04T16:25:40.893Z] [INFO] Fetching App Store AT books top_free
[2026-03-04T16:25:41.798Z] [INFO] Fetching Google Play AT books top_free
[2026-03-04T16:25:42.239Z] [INFO] Fetching App Store AT books top_paid
[2026-03-04T16:25:42.858Z] [INFO] Fetching Google Play AT books top_paid
[2026-03-04T16:25:43.738Z] [INFO] Fetching App Store AT books top_grossing
[2026-03-04T16:25:44.675Z] [INFO] Fetching Google Play AT books top_grossing
[2026-03-04T16:25:45.011Z] [INFO] Fetching App Store BE tools top_free
[2026-03-04T16:25:45.722Z] [INFO] Fetching Google Play BE tools top_free
[2026-03-04T16:25:46.087Z] [INFO] Fetching App Store BE tools top_paid
[2026-03-04T16:25:47.174Z] [INFO] Fetching Google Play BE tools top_paid
[2026-03-04T16:25:48.162Z] [INFO] Fetching App Store BE tools top_grossing
[2026-03-04T16:25:48.720Z] [INFO] Fetching Google Play BE tools top_grossing
[2026-03-04T16:25:49.186Z] [INFO] Fetching App Store BE books top_free
[2026-03-04T16:25:50.149Z] [INFO] Fetching Google Play BE books top_free
[2026-03-04T16:25:50.366Z] [INFO] Fetching App Store BE books top_paid
[2026-03-04T16:25:51.413Z] [INFO] Fetching Google Play BE books top_paid
[2026-03-04T16:25:51.429Z] [INFO] Fetching App Store BE books top_grossing
[2026-03-04T16:25:52.229Z] [INFO] Fetching Google Play BE books top_grossing
[2026-03-04T16:25:52.364Z] [INFO] Fetching App Store BR tools top_free
[2026-03-04T16:25:53.526Z] [INFO] Fetching Google Play BR tools top_free
[2026-03-04T16:25:54.724Z] [INFO] Fetching App Store BR tools top_paid
[2026-03-04T16:25:55.782Z] [INFO] Fetching Google Play BR tools top_paid
[2026-03-04T16:25:57.097Z] [INFO] Fetching App Store BR tools top_grossing
[2026-03-04T16:25:57.739Z] [INFO] Fetching Google Play BR tools top_grossing
[2026-03-04T16:25:58.594Z] [INFO] Fetching App Store BR books top_free
[2026-03-04T16:25:58.614Z] [INFO] Fetching Google Play BR books top_free
[2026-03-04T16:25:58.965Z] [INFO] Fetching App Store BR books top_paid
[2026-03-04T16:25:59.738Z] [INFO] Fetching Google Play BR books top_paid
[2026-03-04T16:26:00.007Z] [INFO] Fetching App Store BR books top_grossing
[2026-03-04T16:26:00.975Z] [INFO] Fetching Google Play BR books top_grossing
[2026-03-04T16:26:01.108Z] [INFO] Fetching App Store MX tools top_free
[2026-03-04T16:26:02.184Z] [INFO] Fetching Google Play MX tools top_free
[2026-03-04T16:26:02.448Z] [INFO] Fetching App Store MX tools top_paid
[2026-03-04T16:26:03.723Z] [INFO] Fetching Google Play MX tools top_paid
[2026-03-04T16:26:04.061Z] [INFO] Fetching App Store MX tools top_grossing
[2026-03-04T16:26:04.367Z] [INFO] Fetching Google Play MX tools top_grossing
[2026-03-04T16:26:05.329Z] [INFO] Fetching App Store MX books top_free
[2026-03-04T16:26:05.414Z] [INFO] Fetching Google Play MX books top_free
[2026-03-04T16:26:06.522Z] [INFO] Fetching App Store MX books top_paid
[2026-03-04T16:26:07.862Z] [INFO] Fetching Google Play MX books top_paid
[2026-03-04T16:26:08.908Z] [INFO] Fetching App Store MX books top_grossing
[2026-03-04T16:26:09.766Z] [INFO] Fetching Google Play MX books top_grossing
[2026-03-04T16:26:10.077Z] [INFO] Fetching App Store AR tools top_free
[2026-03-04T16:26:10.591Z] [INFO] Fetching Google Play AR tools top_free
[2026-03-04T16:26:10.666Z] [INFO] Fetching App Store AR tools top_paid
[2026-03-04T16:26:11.328Z] [INFO] Fetching Google Play AR tools top_paid
[2026-03-04T16:26:11.631Z] [INFO] Fetching App Store AR tools top_grossing
[2026-03-04T16:26:11.679Z] [INFO] Fetching Google Play AR tools top_grossing
[2026-03-04T16:26:13.087Z] [INFO] Fetching App Store AR books top_free
[2026-03-04T16:26:13.324Z] [INFO] Fetching Google Play AR books top_free
[2026-03-04T16:26:14.417Z] [INFO] Fetching App Store AR books top_paid
[2026-03-04T16:26:15.502Z] [INFO] Fetching Google Play AR books top_paid
[2026-03-04T16:26:15.846Z] [INFO] Fetching App Store AR books top_grossing
[2026-03-04T16:26:15.969Z] [INFO] Fetching Google Play AR books top_grossing
[2026-03-04T16:26:16.029Z] [INFO] Fetching App Store CL tools top_free
[2026-03-04T16:26:16.993Z] [INFO] Fetching Google Play CL tools top_free
[2026-03-04T16:26:17.200Z] [INFO] Fetching App Store CL tools top_paid
[2026-03-04T16:26:18.382Z] [INFO] Fetching Google Play CL tools top_paid
[2026-03-04T16:26:18.450Z] [INFO] Fetching App Store CL tools top_grossing
[2026-03-04T16:26:19.412Z] [INFO] Fetching Google Play CL tools top_grossing
[2026-03-04T16:26:19.527Z] [INFO] Fetching App Store CL books top_free
[2026-03-04T16:26:20.744Z] [INFO] Fetching Google Play CL books top_free
[2026-03-04T16:26:20.804Z] [INFO] Fetching App Store CL books top_paid
[2026-03-04T16:26:21.705Z] [INFO] Fetching Google Play CL books top_paid
[2026-03-04T16:26:22.714Z] [INFO] Fetching App Store CL books top_grossing
[2026-03-04T16:26:23.131Z] [INFO] Fetching Google Play CL books top_grossing
[2026-03-04T16:26:23.918Z] [INFO] Fetching App Store CO tools top_free
[2026-03-04T16:26:24.868Z] [INFO] Fetching Google Play CO tools top_free
[2026-03-04T16:26:25.290Z] [INFO] Fetching App Store CO tools top_paid
[2026-03-04T16:26:25.739Z] [INFO] Fetching Google Play CO tools top_paid
[2026-03-04T16:26:25.950Z] [INFO] Fetching App Store CO tools top_grossing
[2026-03-04T16:26:26.217Z] [INFO] Fetching Google Play CO tools top_grossing
[2026-03-04T16:26:27.291Z] [INFO] Fetching App Store CO books top_free
[2026-03-04T16:26:27.830Z] [INFO] Fetching Google Play CO books top_free
[2026-03-04T16:26:28.207Z] [INFO] Fetching App Store CO books top_paid
[2026-03-04T16:26:28.826Z] [INFO] Fetching Google Play CO books top_paid
[2026-03-04T16:26:29.078Z] [INFO] Fetching App Store CO books top_grossing
[2026-03-04T16:26:29.660Z] [INFO] Fetching Google Play CO books top_grossing
[2026-03-04T16:26:29.818Z] [INFO] Fetching App Store IN tools top_free
[2026-03-04T16:26:30.301Z] [INFO] Fetching Google Play IN tools top_free
[2026-03-04T16:26:31.054Z] [INFO] Fetching App Store IN tools top_paid
[2026-03-04T16:26:31.092Z] [INFO] Fetching Google Play IN tools top_paid
[2026-03-04T16:26:31.736Z] [INFO] Fetching App Store IN tools top_grossing
[2026-03-04T16:26:32.743Z] [INFO] Fetching Google Play IN tools top_grossing
[2026-03-04T16:26:34.218Z] [INFO] Fetching App Store IN books top_free
[2026-03-04T16:26:34.550Z] [INFO] Fetching Google Play IN books top_free
[2026-03-04T16:26:34.975Z] [INFO] Fetching App Store IN books top_paid
[2026-03-04T16:26:35.182Z] [INFO] Fetching Google Play IN books top_paid
[2026-03-04T16:26:35.529Z] [INFO] Fetching App Store IN books top_grossing
[2026-03-04T16:26:36.284Z] [INFO] Fetching Google Play IN books top_grossing
[2026-03-04T16:26:36.480Z] [INFO] Fetching App Store ID tools top_free
[2026-03-04T16:26:37.735Z] [INFO] Fetching Google Play ID tools top_free
[2026-03-04T16:26:38.265Z] [INFO] Fetching App Store ID tools top_paid
[2026-03-04T16:26:38.388Z] [INFO] Fetching Google Play ID tools top_paid
[2026-03-04T16:26:39.472Z] [INFO] Fetching App Store ID tools top_grossing
[2026-03-04T16:26:40.070Z] [INFO] Fetching Google Play ID tools top_grossing
[2026-03-04T16:26:40.998Z] [INFO] Fetching App Store ID books top_free
[2026-03-04T16:26:41.038Z] [INFO] Fetching Google Play ID books top_free
[2026-03-04T16:26:41.614Z] [INFO] Fetching App Store ID books top_paid
[2026-03-04T16:26:41.904Z] [INFO] Fetching Google Play ID books top_paid
[2026-03-04T16:26:42.486Z] [INFO] Fetching App Store ID books top_grossing
[2026-03-04T16:26:42.605Z] [INFO] Fetching Google Play ID books top_grossing
[2026-03-04T16:26:43.923Z] [INFO] Fetching App Store TH tools top_free
[2026-03-04T16:26:44.107Z] [INFO] Fetching Google Play TH tools top_free
[2026-03-04T16:26:44.916Z] [INFO] Fetching App Store TH tools top_paid
[2026-03-04T16:26:45.472Z] [INFO] Fetching Google Play TH tools top_paid
[2026-03-04T16:26:45.844Z] [INFO] Fetching App Store TH tools top_grossing
[2026-03-04T16:26:46.996Z] [INFO] Fetching Google Play TH tools top_grossing
[2026-03-04T16:26:47.740Z] [INFO] Fetching App Store TH books top_free
[2026-03-04T16:26:48.559Z] [INFO] Fetching Google Play TH books top_free
[2026-03-04T16:26:49.191Z] [INFO] Fetching App Store TH books top_paid
[2026-03-04T16:26:49.219Z] [INFO] Fetching Google Play TH books top_paid
[2026-03-04T16:26:49.929Z] [INFO] Fetching App Store TH books top_grossing
[2026-03-04T16:26:50.640Z] [INFO] Fetching Google Play TH books top_grossing
[2026-03-04T16:26:51.060Z] [INFO] Fetching App Store VN tools top_free
[2026-03-04T16:26:52.382Z] [INFO] Fetching Google Play VN tools top_free
[2026-03-04T16:26:52.392Z] [INFO] Fetching App Store VN tools top_paid
[2026-03-04T16:26:52.468Z] [INFO] Fetching Google Play VN tools top_paid
[2026-03-04T16:26:53.372Z] [INFO] Fetching App Store VN tools top_grossing
[2026-03-04T16:26:53.453Z] [INFO] Fetching Google Play VN tools top_grossing
[2026-03-04T16:26:54.348Z] [INFO] Fetching App Store VN books top_free
[2026-03-04T16:26:54.786Z] [INFO] Fetching Google Play VN books top_free
[2026-03-04T16:26:55.423Z] [INFO] Fetching App Store VN books top_paid
[2026-03-04T16:26:56.525Z] [INFO] Fetching Google Play VN books top_paid
[2026-03-04T16:26:57.176Z] [INFO] Fetching App Store VN books top_grossing
[2026-03-04T16:26:57.592Z] [INFO] Fetching Google Play VN books top_grossing
[2026-03-04T16:26:58.260Z] [INFO] Fetching App Store PH tools top_free
[2026-03-04T16:26:59.249Z] [INFO] Fetching Google Play PH tools top_free
[2026-03-04T16:26:59.540Z] [INFO] Fetching App Store PH tools top_paid
[2026-03-04T16:27:00.177Z] [INFO] Fetching Google Play PH tools top_paid
[2026-03-04T16:27:00.474Z] [INFO] Fetching App Store PH tools top_grossing
[2026-03-04T16:27:00.931Z] [INFO] Fetching Google Play PH tools top_grossing
[2026-03-04T16:27:02.014Z] [INFO] Fetching App Store PH books top_free
[2026-03-04T16:27:02.382Z] [INFO] Fetching Google Play PH books top_free
[2026-03-04T16:27:03.208Z] [INFO] Fetching App Store PH books top_paid
[2026-03-04T16:27:03.907Z] [INFO] Fetching Google Play PH books top_paid
[2026-03-04T16:27:04.810Z] [INFO] Fetching App Store PH books top_grossing
[2026-03-04T16:27:04.832Z] [INFO] Fetching Google Play PH books top_grossing
[2026-03-04T16:27:05.896Z] [INFO] Fetching App Store MY tools top_free
[2026-03-04T16:27:06.255Z] [INFO] Fetching Google Play MY tools top_free
[2026-03-04T16:27:06.997Z] [INFO] Fetching App Store MY tools top_paid
[2026-03-04T16:27:08.160Z] [INFO] Fetching Google Play MY tools top_paid
[2026-03-04T16:27:08.384Z] [INFO] Fetching App Store MY tools top_grossing
[2026-03-04T16:27:08.579Z] [INFO] Fetching Google Play MY tools top_grossing
[2026-03-04T16:27:09.621Z] [INFO] Fetching App Store MY books top_free
[2026-03-04T16:27:10.585Z] [INFO] Fetching Google Play MY books top_free
[2026-03-04T16:27:11.120Z] [INFO] Fetching App Store MY books top_paid
[2026-03-04T16:27:11.508Z] [INFO] Fetching Google Play MY books top_paid
[2026-03-04T16:27:12.596Z] [INFO] Fetching App Store MY books top_grossing
[2026-03-04T16:27:13.210Z] [INFO] Fetching Google Play MY books top_grossing
[2026-03-04T16:27:13.831Z] [INFO] Fetching App Store SA tools top_free
[2026-03-04T16:27:14.298Z] [INFO] Fetching Google Play SA tools top_free
[2026-03-04T16:27:14.714Z] [INFO] Fetching App Store SA tools top_paid
[2026-03-04T16:27:14.916Z] [INFO] Fetching Google Play SA tools top_paid
[2026-03-04T16:27:15.858Z] [INFO] Fetching App Store SA tools top_grossing
[2026-03-04T16:27:16.735Z] [INFO] Fetching Google Play SA tools top_grossing
[2026-03-04T16:27:17.203Z] [INFO] Fetching App Store SA books top_free
[2026-03-04T16:27:18.381Z] [INFO] Fetching Google Play SA books top_free
[2026-03-04T16:27:18.838Z] [INFO] Fetching App Store SA books top_paid
[2026-03-04T16:27:20.018Z] [INFO] Fetching Google Play SA books top_paid
[2026-03-04T16:27:20.151Z] [INFO] Fetching App Store SA books top_grossing
[2026-03-04T16:27:20.252Z] [INFO] Fetching Google Play SA books top_grossing
[2026-03-04T16:27:21.299Z] [INFO] Fetching App Store AE tools top_free
[2026-03-04T16:27:22.779Z] [INFO] Fetching Google Play AE tools top_free
[2026-03-04T16:27:23.214Z] [INFO] Fetching App Store AE tools top_paid
[2026-03-04T16:27:23.888Z] [INFO] Fetching Google Play AE tools top_paid
[2026-03-04T16:27:23.898Z] [INFO] Fetching App Store AE tools top_grossing
[2026-03-04T16:27:24.995Z] [INFO] Fetching Google Play AE tools top_grossing
[2026-03-04T16:27:25.000Z] [INFO] Fetching App Store AE books top_free
[2026-03-04T16:27:25.292Z] [INFO] Fetching Google Play AE books top_free
[2026-03-04T16:27:25.993Z] [INFO] Fetching App Store AE books top_paid
[2026-03-04T16:27:27.091Z] [INFO] Fetching Google Play AE books top_paid
[2026-03-04T16:27:27.417Z] [INFO] Fetching App Store AE books top_grossing
[2026-03-04T16:27:28.137Z] [INFO] Fetching Google Play AE books top_grossing
[2026-03-04T16:27:28.392Z] [INFO] Fetching App Store TR tools top_free
[2026-03-04T16:27:29.369Z] [INFO] Fetching Google Play TR tools top_free
[2026-03-04T16:27:29.745Z] [INFO] Fetching App Store TR tools top_paid
[2026-03-04T16:27:30.291Z] [INFO] Fetching Google Play TR tools top_paid
[2026-03-04T16:27:31.020Z] [INFO] Fetching App Store TR tools top_grossing
[2026-03-04T16:27:31.094Z] [INFO] Fetching Google Play TR tools top_grossing
[2026-03-04T16:27:32.235Z] [INFO] Fetching App Store TR books top_free
[2026-03-04T16:27:32.544Z] [INFO] Fetching Google Play TR books top_free
[2026-03-04T16:27:33.575Z] [INFO] Fetching App Store TR books top_paid
[2026-03-04T16:27:34.098Z] [INFO] Fetching Google Play TR books top_paid
[2026-03-04T16:27:34.311Z] [INFO] Fetching App Store TR books top_grossing
[2026-03-04T16:27:34.542Z] [INFO] Fetching Google Play TR books top_grossing
[2026-03-04T16:27:34.601Z] [INFO] Fetching App Store PL tools top_free
[2026-03-04T16:27:35.537Z] [INFO] Fetching Google Play PL tools top_free
[2026-03-04T16:27:36.035Z] [INFO] Fetching App Store PL tools top_paid
[2026-03-04T16:27:36.156Z] [INFO] Fetching Google Play PL tools top_paid
[2026-03-04T16:27:37.368Z] [INFO] Fetching App Store PL tools top_grossing
[2026-03-04T16:27:37.442Z] [INFO] Fetching Google Play PL tools top_grossing
[2026-03-04T16:27:38.396Z] [INFO] Fetching App Store PL books top_free
[2026-03-04T16:27:38.862Z] [INFO] Fetching Google Play PL books top_free
[2026-03-04T16:27:39.325Z] [INFO] Fetching App Store PL books top_paid
[2026-03-04T16:27:39.367Z] [INFO] Fetching Google Play PL books top_paid
[2026-03-04T16:27:39.823Z] [INFO] Fetching App Store PL books top_grossing
[2026-03-04T16:27:40.586Z] [INFO] Fetching Google Play PL books top_grossing
[2026-03-04T16:27:40.717Z] [INFO] Fetching App Store RU tools top_free
[2026-03-04T16:27:41.134Z] [INFO] Fetching Google Play RU tools top_free
[2026-03-04T16:27:41.579Z] [INFO] Fetching App Store RU tools top_paid
[2026-03-04T16:27:42.994Z] [INFO] Fetching Google Play RU tools top_paid
[2026-03-04T16:27:43.996Z] [INFO] Fetching App Store RU tools top_grossing
[2026-03-04T16:27:44.148Z] [INFO] Fetching Google Play RU tools top_grossing
[2026-03-04T16:27:44.317Z] [ERROR] Google Play RU tools top_paid failed: Cannot read properties of undefined (reading 'fantasy-land/map')
[2026-03-04T16:27:44.317Z] [INFO] Fetching App Store RU books top_free
[2026-03-04T16:27:44.448Z] [INFO] Fetching Google Play RU books top_free
[2026-03-04T16:27:45.149Z] [INFO] Fetching App Store RU books top_paid
[2026-03-04T16:27:45.199Z] [INFO] Fetching Google Play RU books top_paid
[2026-03-04T16:27:45.474Z] [INFO] Fetching App Store RU books top_grossing
[2026-03-04T16:27:46.278Z] [ERROR] Google Play RU books top_paid failed: Cannot read properties of undefined (reading 'fantasy-land/map')
[2026-03-04T16:27:46.278Z] [INFO] Fetching Google Play RU books top_grossing
[2026-03-04T16:27:48.297Z] [INFO] Fetching App Store ZA tools top_free
[2026-03-04T16:27:49.233Z] [INFO] Fetching Google Play ZA tools top_free
[2026-03-04T16:27:49.419Z] [INFO] Fetching App Store ZA tools top_paid
[2026-03-04T16:27:49.456Z] [INFO] Fetching Google Play ZA tools top_paid
[2026-03-04T16:27:49.729Z] [INFO] Fetching App Store ZA tools top_grossing
[2026-03-04T16:27:50.637Z] [INFO] Fetching Google Play ZA tools top_grossing
[2026-03-04T16:27:50.646Z] [INFO] Fetching App Store ZA books top_free
[2026-03-04T16:27:51.210Z] [INFO] Fetching Google Play ZA books top_free
[2026-03-04T16:27:51.688Z] [INFO] Fetching App Store ZA books top_paid
[2026-03-04T16:27:52.844Z] [INFO] Fetching Google Play ZA books top_paid
[2026-03-04T16:27:54.184Z] [INFO] Fetching App Store ZA books top_grossing
[2026-03-04T16:27:55.413Z] [INFO] Fetching Google Play ZA books top_grossing
[2026-03-04T16:27:55.588Z] [INFO] Fetching App Store EG tools top_free
[2026-03-04T16:27:55.761Z] [INFO] Fetching Google Play EG tools top_free
[2026-03-04T16:27:56.899Z] [INFO] Fetching App Store EG tools top_paid
[2026-03-04T16:27:57.718Z] [INFO] Fetching Google Play EG tools top_paid
[2026-03-04T16:27:58.071Z] [INFO] Fetching App Store EG tools top_grossing
[2026-03-04T16:27:58.319Z] [INFO] Fetching Google Play EG tools top_grossing
[2026-03-04T16:27:59.587Z] [INFO] Fetching App Store EG books top_free
[2026-03-04T16:28:00.258Z] [INFO] Fetching Google Play EG books top_free
[2026-03-04T16:28:00.731Z] [INFO] Fetching App Store EG books top_paid
[2026-03-04T16:28:00.882Z] [INFO] Fetching Google Play EG books top_paid
[2026-03-04T16:28:01.424Z] [INFO] Fetching App Store EG books top_grossing
[2026-03-04T16:28:01.482Z] [INFO] Fetching Google Play EG books top_grossing
[2026-03-04T16:28:07.095Z] [INFO] Fetched total 9547 records
[2026-03-04T16:28:07.172Z] [INFO] Saved 9547 raw records to /root/.openclaw/workspace/app_rank_scraper/data/rankings_raw.jsonl
[2026-03-04T16:28:07.275Z] [INFO] Saved summary to /root/.openclaw/workspace/app_rank_scraper/data/rankings_summary.csv
[2026-03-04T16:28:07.780Z] [INFO] Saved 10587 changes to /root/.openclaw/workspace/app_rank_scraper/data/rank_changes_20260304_162412.csv
[2026-03-04T16:28:07.792Z] [INFO] Generated report at /root/.openclaw/workspace/app_rank_scraper/report_20260304_162412.md
[2026-03-04T16:28:07.792Z] [INFO] Crawl completed successfully!
